{"C:\\Edgar\\Programacion\\SmartEdify_A\\Proyecto\\smartedify_app\\services\\support\\identity-service\\src\\app.controller.ts": {"path":"C:\\Edgar\\Programacion\\SmartEdify_A\\Proyecto\\smartedify_app\\services\\support\\identity-service\\src\\app.controller.ts","statementMap":{"0":{"start":{"line":1,"column":0},"end":{"line":1,"column":49}},"1":{"start":{"line":2,"column":0},"end":{"line":2,"column":43}},"2":{"start":{"line":5,"column":7},"end":{"line":12,"column":null}},"3":{"start":{"line":6,"column":31},"end":{"line":6,"column":43}},"4":{"start":{"line":10,"column":4},"end":{"line":10,"column":38}},"5":{"start":{"line":5,"column":13},"end":{"line":5,"column":26}},"6":{"start":{"line":9,"column":2},"end":{"line":11,"column":null}},"7":{"start":{"line":5,"column":13},"end":{"line":12,"column":null}}},"fnMap":{"0":{"name":"(anonymous_2)","decl":{"start":{"line":6,"column":2},"end":{"line":6,"column":31}},"loc":{"start":{"line":6,"column":53},"end":{"line":6,"column":57}}},"1":{"name":"(anonymous_3)","decl":{"start":{"line":9,"column":2},"end":{"line":9,"column":10}},"loc":{"start":{"line":9,"column":10},"end":{"line":11,"column":3}}}},"branchMap":{"0":{"loc":{"start":{"line":6,"column":43},"end":{"line":6,"column":56}},"type":"cond-expr","locations":[{"start":{"line":6,"column":53},"end":{"line":6,"column":56}},{"start":{"line":6,"column":53},"end":{"line":6,"column":56}}]},"1":{"loc":{"start":{"line":6,"column":43},"end":{"line":6,"column":53}},"type":"binary-expr","locations":[{"start":{"line":6,"column":43},"end":{"line":6,"column":56}},{"start":{"line":6,"column":43},"end":{"line":6,"column":53}}]}},"s":{"0":1,"1":1,"2":1,"3":1,"4":1,"5":1,"6":1,"7":1},"f":{"0":1,"1":1},"b":{"0":[1,0],"1":[1,1]}}
,"C:\\Edgar\\Programacion\\SmartEdify_A\\Proyecto\\smartedify_app\\services\\support\\identity-service\\src\\app.module.ts": {"path":"C:\\Edgar\\Programacion\\SmartEdify_A\\Proyecto\\smartedify_app\\services\\support\\identity-service\\src\\app.module.ts","statementMap":{"0":{"start":{"line":1,"column":0},"end":{"line":1,"column":40}},"1":{"start":{"line":2,"column":0},"end":{"line":2,"column":48}},"2":{"start":{"line":3,"column":0},"end":{"line":3,"column":49}},"3":{"start":{"line":4,"column":0},"end":{"line":4,"column":43}},"4":{"start":{"line":5,"column":0},"end":{"line":5,"column":56}},"5":{"start":{"line":6,"column":0},"end":{"line":6,"column":50}},"6":{"start":{"line":7,"column":0},"end":{"line":7,"column":61}},"7":{"start":{"line":8,"column":0},"end":{"line":8,"column":59}},"8":{"start":{"line":9,"column":0},"end":{"line":9,"column":68}},"9":{"start":{"line":10,"column":0},"end":{"line":10,"column":62}},"10":{"start":{"line":11,"column":0},"end":{"line":11,"column":68}},"11":{"start":{"line":12,"column":0},"end":{"line":12,"column":56}},"12":{"start":{"line":13,"column":0},"end":{"line":13,"column":83}},"13":{"start":{"line":14,"column":0},"end":{"line":14,"column":74}},"14":{"start":{"line":15,"column":0},"end":{"line":15,"column":65}},"15":{"start":{"line":16,"column":0},"end":{"line":16,"column":53}},"16":{"start":{"line":17,"column":0},"end":{"line":17,"column":85}},"17":{"start":{"line":18,"column":0},"end":{"line":18,"column":65}},"18":{"start":{"line":19,"column":0},"end":{"line":19,"column":65}},"19":{"start":{"line":42,"column":7},"end":{"line":42,"column":null}},"20":{"start":{"line":42,"column":13},"end":{"line":42,"column":22}},"21":{"start":{"line":42,"column":13},"end":{"line":42,"column":null}}},"fnMap":{},"branchMap":{},"s":{"0":0,"1":0,"2":0,"3":0,"4":0,"5":0,"6":0,"7":0,"8":0,"9":0,"10":0,"11":0,"12":0,"13":0,"14":0,"15":0,"16":0,"17":0,"18":0,"19":0,"20":0,"21":0},"f":{},"b":{}}
,"C:\\Edgar\\Programacion\\SmartEdify_A\\Proyecto\\smartedify_app\\services\\support\\identity-service\\src\\app.service.ts": {"path":"C:\\Edgar\\Programacion\\SmartEdify_A\\Proyecto\\smartedify_app\\services\\support\\identity-service\\src\\app.service.ts","statementMap":{"0":{"start":{"line":1,"column":0},"end":{"line":1,"column":44}},"1":{"start":{"line":4,"column":7},"end":{"line":8,"column":null}},"2":{"start":{"line":6,"column":4},"end":{"line":6,"column":26}},"3":{"start":{"line":4,"column":13},"end":{"line":4,"column":23}},"4":{"start":{"line":4,"column":13},"end":{"line":8,"column":null}}},"fnMap":{"0":{"name":"(anonymous_1)","decl":{"start":{"line":5,"column":2},"end":{"line":5,"column":10}},"loc":{"start":{"line":5,"column":10},"end":{"line":7,"column":3}}}},"branchMap":{},"s":{"0":1,"1":1,"2":1,"3":1,"4":1},"f":{"0":1},"b":{}}
,"C:\\Edgar\\Programacion\\SmartEdify_A\\Proyecto\\smartedify_app\\services\\support\\identity-service\\src\\filters\\all-exceptions.filter.ts": {"path":"C:\\Edgar\\Programacion\\SmartEdify_A\\Proyecto\\smartedify_app\\services\\support\\identity-service\\src\\filters\\all-exceptions.filter.ts","statementMap":{"0":{"start":{"line":1,"column":0},"end":{"line":1,"column":null}},"1":{"start":{"line":12,"column":32},"end":{"line":46,"column":null}},"2":{"start":{"line":13,"column":28},"end":{"line":13,"column":64}},"3":{"start":{"line":16,"column":16},"end":{"line":16,"column":35}},"4":{"start":{"line":17,"column":21},"end":{"line":17,"column":48}},"5":{"start":{"line":18,"column":20},"end":{"line":18,"column":45}},"6":{"start":{"line":20,"column":17},"end":{"line":20,"column":49}},"7":{"start":{"line":21,"column":18},"end":{"line":21,"column":41}},"8":{"start":{"line":23,"column":4},"end":{"line":32,"column":5}},"9":{"start":{"line":24,"column":6},"end":{"line":24,"column":37}},"10":{"start":{"line":25,"column":32},"end":{"line":25,"column":55}},"11":{"start":{"line":26,"column":6},"end":{"line":29,"column":68}},"12":{"start":{"line":30,"column":11},"end":{"line":32,"column":5}},"13":{"start":{"line":31,"column":6},"end":{"line":31,"column":34}},"14":{"start":{"line":34,"column":4},"end":{"line":37,"column":6}},"15":{"start":{"line":39,"column":4},"end":{"line":44,"column":7}},"16":{"start":{"line":12,"column":13},"end":{"line":12,"column":32}},"17":{"start":{"line":12,"column":13},"end":{"line":46,"column":null}}},"fnMap":{"0":{"name":"(anonymous_1)","decl":{"start":{"line":15,"column":2},"end":{"line":15,"column":7}},"loc":{"start":{"line":15,"column":47},"end":{"line":45,"column":3}}}},"branchMap":{"0":{"loc":{"start":{"line":23,"column":4},"end":{"line":32,"column":5}},"type":"if","locations":[{"start":{"line":23,"column":4},"end":{"line":32,"column":5}},{"start":{"line":30,"column":11},"end":{"line":32,"column":5}}]},"1":{"loc":{"start":{"line":27,"column":8},"end":{"line":29,"column":67}},"type":"cond-expr","locations":[{"start":{"line":28,"column":12},"end":{"line":28,"column":29}},{"start":{"line":29,"column":13},"end":{"line":29,"column":67}}]},"2":{"loc":{"start":{"line":29,"column":13},"end":{"line":29,"column":67}},"type":"binary-expr","locations":[{"start":{"line":29,"column":13},"end":{"line":29,"column":46}},{"start":{"line":29,"column":50},"end":{"line":29,"column":67}}]},"3":{"loc":{"start":{"line":30,"column":11},"end":{"line":32,"column":5}},"type":"if","locations":[{"start":{"line":30,"column":11},"end":{"line":32,"column":5}},{"start":{},"end":{}}]},"4":{"loc":{"start":{"line":36,"column":6},"end":{"line":36,"column":79}},"type":"cond-expr","locations":[{"start":{"line":36,"column":35},"end":{"line":36,"column":50}},{"start":{"line":36,"column":53},"end":{"line":36,"column":79}}]}},"s":{"0":0,"1":0,"2":0,"3":0,"4":0,"5":0,"6":0,"7":0,"8":0,"9":0,"10":0,"11":0,"12":0,"13":0,"14":0,"15":0,"16":0,"17":0},"f":{"0":0},"b":{"0":[0,0],"1":[0,0],"2":[0,0],"3":[0,0],"4":[0,0]}}
,"C:\\Edgar\\Programacion\\SmartEdify_A\\Proyecto\\smartedify_app\\services\\support\\identity-service\\src\\modules\\auth\\auth.controller.ts": {"path":"C:\\Edgar\\Programacion\\SmartEdify_A\\Proyecto\\smartedify_app\\services\\support\\identity-service\\src\\modules\\auth\\auth.controller.ts","statementMap":{"0":{"start":{"line":1,"column":0},"end":{"line":1,"column":null}},"1":{"start":{"line":16,"column":0},"end":{"line":16,"column":45}},"2":{"start":{"line":18,"column":0},"end":{"line":18,"column":61}},"3":{"start":{"line":35,"column":7},"end":{"line":246,"column":null}},"4":{"start":{"line":36,"column":31},"end":{"line":36,"column":44}},"5":{"start":{"line":41,"column":4},"end":{"line":45,"column":5}},"6":{"start":{"line":42,"column":6},"end":{"line":44,"column":8}},"7":{"start":{"line":46,"column":4},"end":{"line":46,"column":64}},"8":{"start":{"line":53,"column":4},"end":{"line":53,"column":57}},"9":{"start":{"line":65,"column":4},"end":{"line":71,"column":7}},"10":{"start":{"line":74,"column":4},"end":{"line":92,"column":5}},"11":{"start":{"line":75,"column":6},"end":{"line":75,"column":72}},"12":{"start":{"line":76,"column":22},"end":{"line":76,"column":71}},"13":{"start":{"line":77,"column":6},"end":{"line":77,"column":60}},"14":{"start":{"line":78,"column":6},"end":{"line":80,"column":7}},"15":{"start":{"line":79,"column":8},"end":{"line":79,"column":72}},"16":{"start":{"line":82,"column":6},"end":{"line":82,"column":42}},"17":{"start":{"line":83,"column":6},"end":{"line":83,"column":28}},"18":{"start":{"line":84,"column":6},"end":{"line":84,"column":46}},"19":{"start":{"line":85,"column":6},"end":{"line":85,"column":60}},"20":{"start":{"line":86,"column":6},"end":{"line":91,"column":9}},"21":{"start":{"line":95,"column":4},"end":{"line":99,"column":5}},"22":{"start":{"line":96,"column":6},"end":{"line":98,"column":8}},"23":{"start":{"line":101,"column":4},"end":{"line":104,"column":5}},"24":{"start":{"line":102,"column":6},"end":{"line":102,"column":65}},"25":{"start":{"line":103,"column":6},"end":{"line":103,"column":64}},"26":{"start":{"line":105,"column":4},"end":{"line":108,"column":5}},"27":{"start":{"line":106,"column":6},"end":{"line":106,"column":58}},"28":{"start":{"line":107,"column":6},"end":{"line":107,"column":57}},"29":{"start":{"line":110,"column":4},"end":{"line":110,"column":71}},"30":{"start":{"line":112,"column":23},"end":{"line":112,"column":61}},"31":{"start":{"line":114,"column":17},"end":{"line":119,"column":6}},"32":{"start":{"line":121,"column":4},"end":{"line":123,"column":7}},"33":{"start":{"line":126,"column":4},"end":{"line":128,"column":5}},"34":{"start":{"line":127,"column":6},"end":{"line":127,"column":32}},"35":{"start":{"line":130,"column":24},"end":{"line":130,"column":45}},"36":{"start":{"line":131,"column":4},"end":{"line":131,"column":50}},"37":{"start":{"line":134,"column":4},"end":{"line":137,"column":6}},"38":{"start":{"line":139,"column":4},"end":{"line":139,"column":41}},"39":{"start":{"line":150,"column":23},"end":{"line":150,"column":33}},"40":{"start":{"line":151,"column":20},"end":{"line":151,"column":76}},"41":{"start":{"line":153,"column":4},"end":{"line":159,"column":7}},"42":{"start":{"line":162,"column":4},"end":{"line":164,"column":5}},"43":{"start":{"line":163,"column":6},"end":{"line":163,"column":64}},"44":{"start":{"line":166,"column":4},"end":{"line":225,"column":5}},"45":{"start":{"line":167,"column":6},"end":{"line":167,"column":63}},"46":{"start":{"line":170,"column":6},"end":{"line":174,"column":7}},"47":{"start":{"line":171,"column":8},"end":{"line":173,"column":10}},"48":{"start":{"line":179,"column":8},"end":{"line":184,"column":null}},"49":{"start":{"line":187,"column":6},"end":{"line":190,"column":9}},"50":{"start":{"line":192,"column":6},"end":{"line":192,"column":65}},"51":{"start":{"line":193,"column":11},"end":{"line":225,"column":5}},"52":{"start":{"line":194,"column":6},"end":{"line":196,"column":7}},"53":{"start":{"line":195,"column":8},"end":{"line":195,"column":67}},"54":{"start":{"line":197,"column":6},"end":{"line":201,"column":7}},"55":{"start":{"line":198,"column":8},"end":{"line":200,"column":10}},"56":{"start":{"line":203,"column":8},"end":{"line":207,"column":null}},"57":{"start":{"line":209,"column":6},"end":{"line":213,"column":8}},"58":{"start":{"line":214,"column":11},"end":{"line":225,"column":5}},"59":{"start":{"line":215,"column":6},"end":{"line":217,"column":7}},"60":{"start":{"line":216,"column":8},"end":{"line":216,"column":65}},"61":{"start":{"line":220,"column":6},"end":{"line":222,"column":8}},"62":{"start":{"line":224,"column":6},"end":{"line":224,"column":58}},"63":{"start":{"line":234,"column":4},"end":{"line":236,"column":5}},"64":{"start":{"line":235,"column":6},"end":{"line":235,"column":57}},"65":{"start":{"line":237,"column":4},"end":{"line":237,"column":63}},"66":{"start":{"line":238,"column":4},"end":{"line":238,"column":14}},"67":{"start":{"line":244,"column":4},"end":{"line":244,"column":46}},"68":{"start":{"line":35,"column":13},"end":{"line":35,"column":27}},"69":{"start":{"line":40,"column":2},"end":{"line":47,"column":null}},"70":{"start":{"line":51,"column":2},"end":{"line":54,"column":null}},"71":{"start":{"line":57,"column":2},"end":{"line":140,"column":null}},"72":{"start":{"line":144,"column":8},"end":{"line":226,"column":null}},"73":{"start":{"line":230,"column":8},"end":{"line":239,"column":null}},"74":{"start":{"line":243,"column":2},"end":{"line":245,"column":null}},"75":{"start":{"line":35,"column":13},"end":{"line":246,"column":null}}},"fnMap":{"0":{"name":"(anonymous_4)","decl":{"start":{"line":36,"column":2},"end":{"line":36,"column":31}},"loc":{"start":{"line":36,"column":55},"end":{"line":36,"column":59}}},"1":{"name":"(anonymous_5)","decl":{"start":{"line":40,"column":2},"end":{"line":40,"column":28}},"loc":{"start":{"line":40,"column":56},"end":{"line":47,"column":3}}},"2":{"name":"(anonymous_6)","decl":{"start":{"line":51,"column":2},"end":{"line":51,"column":21}},"loc":{"start":{"line":51,"column":21},"end":{"line":54,"column":3}}},"3":{"name":"(anonymous_7)","decl":{"start":{"line":57,"column":2},"end":{"line":57,"column":11}},"loc":{"start":{"line":63,"column":66},"end":{"line":140,"column":3}}},"4":{"name":"(anonymous_8)","decl":{"start":{"line":144,"column":8},"end":{"line":144,"column":13}},"loc":{"start":{"line":148,"column":23},"end":{"line":226,"column":3}}},"5":{"name":"(anonymous_9)","decl":{"start":{"line":230,"column":8},"end":{"line":230,"column":14}},"loc":{"start":{"line":232,"column":53},"end":{"line":239,"column":3}}},"6":{"name":"(anonymous_10)","decl":{"start":{"line":243,"column":2},"end":{"line":243,"column":12}},"loc":{"start":{"line":243,"column":41},"end":{"line":245,"column":3}}}},"branchMap":{"0":{"loc":{"start":{"line":41,"column":4},"end":{"line":45,"column":5}},"type":"if","locations":[{"start":{"line":41,"column":4},"end":{"line":45,"column":5}},{"start":{},"end":{}}]},"1":{"loc":{"start":{"line":41,"column":8},"end":{"line":41,"column":65}},"type":"binary-expr","locations":[{"start":{"line":41,"column":8},"end":{"line":41,"column":31}},{"start":{"line":41,"column":35},"end":{"line":41,"column":65}}]},"2":{"loc":{"start":{"line":66,"column":20},"end":{"line":66,"column":45}},"type":"binary-expr","locations":[{"start":{"line":66,"column":20},"end":{"line":66,"column":32}},{"start":{"line":66,"column":36},"end":{"line":66,"column":45}}]},"3":{"loc":{"start":{"line":67,"column":13},"end":{"line":67,"column":31}},"type":"binary-expr","locations":[{"start":{"line":67,"column":13},"end":{"line":67,"column":18}},{"start":{"line":67,"column":22},"end":{"line":67,"column":31}}]},"4":{"loc":{"start":{"line":68,"column":19},"end":{"line":68,"column":48}},"type":"binary-expr","locations":[{"start":{"line":68,"column":19},"end":{"line":68,"column":30}},{"start":{"line":68,"column":34},"end":{"line":68,"column":48}}]},"5":{"loc":{"start":{"line":69,"column":22},"end":{"line":69,"column":75}},"type":"binary-expr","locations":[{"start":{"line":69,"column":22},"end":{"line":69,"column":62}},{"start":{"line":69,"column":66},"end":{"line":69,"column":75}}]},"6":{"loc":{"start":{"line":70,"column":29},"end":{"line":70,"column":63}},"type":"binary-expr","locations":[{"start":{"line":70,"column":29},"end":{"line":70,"column":50}},{"start":{"line":70,"column":54},"end":{"line":70,"column":63}}]},"7":{"loc":{"start":{"line":74,"column":4},"end":{"line":92,"column":5}},"type":"if","locations":[{"start":{"line":74,"column":4},"end":{"line":92,"column":5}},{"start":{},"end":{}}]},"8":{"loc":{"start":{"line":78,"column":6},"end":{"line":80,"column":7}},"type":"if","locations":[{"start":{"line":78,"column":6},"end":{"line":80,"column":7}},{"start":{},"end":{}}]},"9":{"loc":{"start":{"line":95,"column":4},"end":{"line":99,"column":5}},"type":"if","locations":[{"start":{"line":95,"column":4},"end":{"line":99,"column":5}},{"start":{},"end":{}}]},"10":{"loc":{"start":{"line":95,"column":8},"end":{"line":95,"column":67}},"type":"binary-expr","locations":[{"start":{"line":95,"column":8},"end":{"line":95,"column":20}},{"start":{"line":95,"column":25},"end":{"line":95,"column":40}},{"start":{"line":95,"column":44},"end":{"line":95,"column":66}}]},"11":{"loc":{"start":{"line":101,"column":4},"end":{"line":104,"column":5}},"type":"if","locations":[{"start":{"line":101,"column":4},"end":{"line":104,"column":5}},{"start":{},"end":{}}]},"12":{"loc":{"start":{"line":105,"column":4},"end":{"line":108,"column":5}},"type":"if","locations":[{"start":{"line":105,"column":4},"end":{"line":108,"column":5}},{"start":{},"end":{}}]},"13":{"loc":{"start":{"line":126,"column":4},"end":{"line":128,"column":5}},"type":"if","locations":[{"start":{"line":126,"column":4},"end":{"line":128,"column":5}},{"start":{},"end":{}}]},"14":{"loc":{"start":{"line":162,"column":4},"end":{"line":164,"column":5}},"type":"if","locations":[{"start":{"line":162,"column":4},"end":{"line":164,"column":5}},{"start":{},"end":{}}]},"15":{"loc":{"start":{"line":166,"column":4},"end":{"line":225,"column":5}},"type":"if","locations":[{"start":{"line":166,"column":4},"end":{"line":225,"column":5}},{"start":{"line":193,"column":11},"end":{"line":225,"column":5}}]},"16":{"loc":{"start":{"line":170,"column":6},"end":{"line":174,"column":7}},"type":"if","locations":[{"start":{"line":170,"column":6},"end":{"line":174,"column":7}},{"start":{},"end":{}}]},"17":{"loc":{"start":{"line":170,"column":10},"end":{"line":170,"column":43}},"type":"binary-expr","locations":[{"start":{"line":170,"column":10},"end":{"line":170,"column":20}},{"start":{"line":170,"column":24},"end":{"line":170,"column":43}}]},"18":{"loc":{"start":{"line":188,"column":22},"end":{"line":188,"column":58}},"type":"cond-expr","locations":[{"start":{"line":188,"column":37},"end":{"line":188,"column":46}},{"start":{"line":188,"column":49},"end":{"line":188,"column":58}}]},"19":{"loc":{"start":{"line":189,"column":23},"end":{"line":189,"column":60}},"type":"cond-expr","locations":[{"start":{"line":189,"column":39},"end":{"line":189,"column":48}},{"start":{"line":189,"column":51},"end":{"line":189,"column":60}}]},"20":{"loc":{"start":{"line":193,"column":11},"end":{"line":225,"column":5}},"type":"if","locations":[{"start":{"line":193,"column":11},"end":{"line":225,"column":5}},{"start":{"line":214,"column":11},"end":{"line":225,"column":5}}]},"21":{"loc":{"start":{"line":194,"column":6},"end":{"line":196,"column":7}},"type":"if","locations":[{"start":{"line":194,"column":6},"end":{"line":196,"column":7}},{"start":{},"end":{}}]},"22":{"loc":{"start":{"line":197,"column":6},"end":{"line":201,"column":7}},"type":"if","locations":[{"start":{"line":197,"column":6},"end":{"line":201,"column":7}},{"start":{},"end":{}}]},"23":{"loc":{"start":{"line":214,"column":11},"end":{"line":225,"column":5}},"type":"if","locations":[{"start":{"line":214,"column":11},"end":{"line":225,"column":5}},{"start":{"line":223,"column":11},"end":{"line":225,"column":5}}]},"24":{"loc":{"start":{"line":215,"column":6},"end":{"line":217,"column":7}},"type":"if","locations":[{"start":{"line":215,"column":6},"end":{"line":217,"column":7}},{"start":{},"end":{}}]},"25":{"loc":{"start":{"line":234,"column":4},"end":{"line":236,"column":5}},"type":"if","locations":[{"start":{"line":234,"column":4},"end":{"line":236,"column":5}},{"start":{},"end":{}}]},"26":{"loc":{"start":{"line":36,"column":44},"end":{"line":36,"column":58}},"type":"cond-expr","locations":[{"start":{"line":36,"column":55},"end":{"line":36,"column":58}},{"start":{"line":36,"column":55},"end":{"line":36,"column":58}}]},"27":{"loc":{"start":{"line":36,"column":44},"end":{"line":36,"column":55}},"type":"binary-expr","locations":[{"start":{"line":36,"column":44},"end":{"line":36,"column":58}},{"start":{"line":36,"column":44},"end":{"line":36,"column":55}}]}},"s":{"0":0,"1":0,"2":0,"3":0,"4":0,"5":0,"6":0,"7":0,"8":0,"9":0,"10":0,"11":0,"12":0,"13":0,"14":0,"15":0,"16":0,"17":0,"18":0,"19":0,"20":0,"21":0,"22":0,"23":0,"24":0,"25":0,"26":0,"27":0,"28":0,"29":0,"30":0,"31":0,"32":0,"33":0,"34":0,"35":0,"36":0,"37":0,"38":0,"39":0,"40":0,"41":0,"42":0,"43":0,"44":0,"45":0,"46":0,"47":0,"48":0,"49":0,"50":0,"51":0,"52":0,"53":0,"54":0,"55":0,"56":0,"57":0,"58":0,"59":0,"60":0,"61":0,"62":0,"63":0,"64":0,"65":0,"66":0,"67":0,"68":0,"69":0,"70":0,"71":0,"72":0,"73":0,"74":0,"75":0},"f":{"0":0,"1":0,"2":0,"3":0,"4":0,"5":0,"6":0},"b":{"0":[0,0],"1":[0,0],"2":[0,0],"3":[0,0],"4":[0,0],"5":[0,0],"6":[0,0],"7":[0,0],"8":[0,0],"9":[0,0],"10":[0,0,0],"11":[0,0],"12":[0,0],"13":[0,0],"14":[0,0],"15":[0,0],"16":[0,0],"17":[0,0],"18":[0,0],"19":[0,0],"20":[0,0],"21":[0,0],"22":[0,0],"23":[0,0],"24":[0,0],"25":[0,0],"26":[0,0],"27":[0,0]}}
,"C:\\Edgar\\Programacion\\SmartEdify_A\\Proyecto\\smartedify_app\\services\\support\\identity-service\\src\\modules\\auth\\auth.module.ts": {"path":"C:\\Edgar\\Programacion\\SmartEdify_A\\Proyecto\\smartedify_app\\services\\support\\identity-service\\src\\modules\\auth\\auth.module.ts","statementMap":{"0":{"start":{"line":1,"column":0},"end":{"line":1,"column":40}},"1":{"start":{"line":2,"column":0},"end":{"line":2,"column":48}},"2":{"start":{"line":3,"column":0},"end":{"line":3,"column":45}},"3":{"start":{"line":4,"column":0},"end":{"line":4,"column":51}},"4":{"start":{"line":5,"column":0},"end":{"line":5,"column":55}},"5":{"start":{"line":6,"column":0},"end":{"line":6,"column":61}},"6":{"start":{"line":7,"column":0},"end":{"line":7,"column":89}},"7":{"start":{"line":8,"column":0},"end":{"line":8,"column":55}},"8":{"start":{"line":9,"column":0},"end":{"line":9,"column":52}},"9":{"start":{"line":10,"column":0},"end":{"line":10,"column":61}},"10":{"start":{"line":11,"column":0},"end":{"line":11,"column":49}},"11":{"start":{"line":12,"column":0},"end":{"line":12,"column":60}},"12":{"start":{"line":13,"column":0},"end":{"line":13,"column":75}},"13":{"start":{"line":14,"column":0},"end":{"line":14,"column":71}},"14":{"start":{"line":15,"column":0},"end":{"line":15,"column":60}},"15":{"start":{"line":16,"column":0},"end":{"line":16,"column":70}},"16":{"start":{"line":17,"column":0},"end":{"line":17,"column":58}},"17":{"start":{"line":39,"column":7},"end":{"line":39,"column":null}},"18":{"start":{"line":39,"column":13},"end":{"line":39,"column":23}},"19":{"start":{"line":39,"column":13},"end":{"line":39,"column":null}}},"fnMap":{},"branchMap":{},"s":{"0":0,"1":0,"2":0,"3":0,"4":0,"5":0,"6":0,"7":0,"8":0,"9":0,"10":0,"11":0,"12":0,"13":0,"14":0,"15":0,"16":0,"17":0,"18":0,"19":0},"f":{},"b":{}}
,"C:\\Edgar\\Programacion\\SmartEdify_A\\Proyecto\\smartedify_app\\services\\support\\identity-service\\src\\modules\\auth\\auth.service.ts": {"path":"C:\\Edgar\\Programacion\\SmartEdify_A\\Proyecto\\smartedify_app\\services\\support\\identity-service\\src\\modules\\auth\\auth.service.ts","statementMap":{"0":{"start":{"line":1,"column":0},"end":{"line":1,"column":null}},"1":{"start":{"line":8,"column":0},"end":{"line":8,"column":51}},"2":{"start":{"line":9,"column":0},"end":{"line":9,"column":37}},"3":{"start":{"line":10,"column":0},"end":{"line":10,"column":89}},"4":{"start":{"line":11,"column":0},"end":{"line":11,"column":33}},"5":{"start":{"line":12,"column":0},"end":{"line":12,"column":34}},"6":{"start":{"line":13,"column":0},"end":{"line":13,"column":44}},"7":{"start":{"line":14,"column":0},"end":{"line":14,"column":57}},"8":{"start":{"line":15,"column":0},"end":{"line":15,"column":54}},"9":{"start":{"line":16,"column":0},"end":{"line":16,"column":63}},"10":{"start":{"line":18,"column":0},"end":{"line":18,"column":72}},"11":{"start":{"line":30,"column":0},"end":{"line":30,"column":null}},"12":{"start":{"line":34,"column":0},"end":{"line":34,"column":71}},"13":{"start":{"line":35,"column":0},"end":{"line":35,"column":79}},"14":{"start":{"line":36,"column":0},"end":{"line":36,"column":60}},"15":{"start":{"line":37,"column":0},"end":{"line":37,"column":57}},"16":{"start":{"line":38,"column":0},"end":{"line":38,"column":69}},"17":{"start":{"line":76,"column":24},"end":{"line":538,"column":null}},"18":{"start":{"line":77,"column":28},"end":{"line":77,"column":56}},"19":{"start":{"line":80,"column":21},"end":{"line":80,"column":45}},"20":{"start":{"line":81,"column":21},"end":{"line":81,"column":36}},"21":{"start":{"line":82,"column":21},"end":{"line":82,"column":35}},"22":{"start":{"line":83,"column":21},"end":{"line":83,"column":38}},"23":{"start":{"line":84,"column":21},"end":{"line":84,"column":31}},"24":{"start":{"line":85,"column":21},"end":{"line":85,"column":38}},"25":{"start":{"line":86,"column":21},"end":{"line":86,"column":31}},"26":{"start":{"line":87,"column":21},"end":{"line":87,"column":43}},"27":{"start":{"line":88,"column":21},"end":{"line":88,"column":34}},"28":{"start":{"line":90,"column":21},"end":{"line":90,"column":45}},"29":{"start":{"line":97,"column":23},"end":{"line":97,"column":100}},"30":{"start":{"line":98,"column":4},"end":{"line":98,"column":43}},"31":{"start":{"line":99,"column":4},"end":{"line":99,"column":55}},"32":{"start":{"line":103,"column":4},"end":{"line":103,"column":49}},"33":{"start":{"line":113,"column":24},"end":{"line":113,"column":62}},"34":{"start":{"line":114,"column":22},"end":{"line":114,"column":73}},"35":{"start":{"line":115,"column":22},"end":{"line":115,"column":26}},"36":{"start":{"line":117,"column":4},"end":{"line":124,"column":6}},"37":{"start":{"line":126,"column":4},"end":{"line":132,"column":6}},"38":{"start":{"line":141,"column":4},"end":{"line":141,"column":64}},"39":{"start":{"line":143,"column":20},"end":{"line":147,"column":6}},"40":{"start":{"line":148,"column":4},"end":{"line":148,"column":53}},"41":{"start":{"line":150,"column":17},"end":{"line":150,"column":55}},"42":{"start":{"line":151,"column":21},"end":{"line":154,"column":6}},"43":{"start":{"line":156,"column":4},"end":{"line":159,"column":7}},"44":{"start":{"line":161,"column":4},"end":{"line":161,"column":52}},"45":{"start":{"line":162,"column":4},"end":{"line":162,"column":16}},"46":{"start":{"line":173,"column":4},"end":{"line":175,"column":5}},"47":{"start":{"line":174,"column":6},"end":{"line":174,"column":64}},"48":{"start":{"line":177,"column":4},"end":{"line":177,"column":53}},"49":{"start":{"line":178,"column":18},"end":{"line":178,"column":78}},"50":{"start":{"line":179,"column":4},"end":{"line":179,"column":44}},"51":{"start":{"line":182,"column":4},"end":{"line":184,"column":5}},"52":{"start":{"line":183,"column":6},"end":{"line":183,"column":75}},"53":{"start":{"line":187,"column":4},"end":{"line":189,"column":7}},"54":{"start":{"line":190,"column":23},"end":{"line":190,"column":60}},"55":{"start":{"line":191,"column":4},"end":{"line":195,"column":6}},"56":{"start":{"line":197,"column":4},"end":{"line":199,"column":5}},"57":{"start":{"line":198,"column":6},"end":{"line":198,"column":66}},"58":{"start":{"line":202,"column":69},"end":{"line":202,"column":79}},"59":{"start":{"line":204,"column":4},"end":{"line":211,"column":5}},"60":{"start":{"line":205,"column":6},"end":{"line":208,"column":29}},"61":{"start":{"line":210,"column":6},"end":{"line":210,"column":32}},"62":{"start":{"line":213,"column":4},"end":{"line":215,"column":5}},"63":{"start":{"line":214,"column":6},"end":{"line":214,"column":63}},"64":{"start":{"line":218,"column":17},"end":{"line":218,"column":57}},"65":{"start":{"line":219,"column":4},"end":{"line":221,"column":5}},"66":{"start":{"line":220,"column":6},"end":{"line":220,"column":52}},"67":{"start":{"line":224,"column":4},"end":{"line":229,"column":7}},"68":{"start":{"line":231,"column":24},"end":{"line":231,"column":79}},"69":{"start":{"line":232,"column":25},"end":{"line":235,"column":null}},"70":{"start":{"line":238,"column":4},"end":{"line":238,"column":39}},"71":{"start":{"line":242,"column":4},"end":{"line":242,"column":80}},"72":{"start":{"line":247,"column":4},"end":{"line":260,"column":5}},"73":{"start":{"line":248,"column":26},"end":{"line":251,"column":22}},"74":{"start":{"line":252,"column":25},"end":{"line":254,"column":8}},"75":{"start":{"line":255,"column":6},"end":{"line":257,"column":7}},"76":{"start":{"line":256,"column":8},"end":{"line":256,"column":64}},"77":{"start":{"line":259,"column":6},"end":{"line":259,"column":13}},"78":{"start":{"line":270,"column":23},"end":{"line":271,"column":null}},"79":{"start":{"line":275,"column":23},"end":{"line":275,"column":77}},"80":{"start":{"line":277,"column":16},"end":{"line":277,"column":45}},"81":{"start":{"line":278,"column":16},"end":{"line":278,"column":35}},"82":{"start":{"line":279,"column":19},"end":{"line":279,"column":71}},"83":{"start":{"line":281,"column":18},"end":{"line":294,"column":23}},"84":{"start":{"line":296,"column":4},"end":{"line":296,"column":17}},"85":{"start":{"line":304,"column":4},"end":{"line":312,"column":6}},"86":{"start":{"line":317,"column":4},"end":{"line":317,"column":49}},"87":{"start":{"line":319,"column":4},"end":{"line":319,"column":49}},"88":{"start":{"line":335,"column":6},"end":{"line":339,"column":null}},"89":{"start":{"line":344,"column":6},"end":{"line":344,"column":63}},"90":{"start":{"line":347,"column":27},"end":{"line":350,"column":null}},"91":{"start":{"line":352,"column":4},"end":{"line":352,"column":45}},"92":{"start":{"line":365,"column":4},"end":{"line":370,"column":6}},"93":{"start":{"line":379,"column":4},"end":{"line":460,"column":5}},"94":{"start":{"line":381,"column":20},"end":{"line":381,"column":40}},"95":{"start":{"line":382,"column":6},"end":{"line":384,"column":7}},"96":{"start":{"line":383,"column":8},"end":{"line":383,"column":46}},"97":{"start":{"line":386,"column":27},"end":{"line":386,"column":35}},"98":{"start":{"line":387,"column":21},"end":{"line":388,"column":null}},"99":{"start":{"line":391,"column":18},"end":{"line":391,"column":55}},"100":{"start":{"line":392,"column":6},"end":{"line":394,"column":7}},"101":{"start":{"line":393,"column":8},"end":{"line":393,"column":49}},"102":{"start":{"line":396,"column":18},"end":{"line":396,"column":43}},"103":{"start":{"line":397,"column":23},"end":{"line":397,"column":49}},"104":{"start":{"line":398,"column":23},"end":{"line":398,"column":55}},"105":{"start":{"line":400,"column":29},"end":{"line":400,"column":null}},"106":{"start":{"line":406,"column":6},"end":{"line":408,"column":7}},"107":{"start":{"line":407,"column":8},"end":{"line":407,"column":66}},"108":{"start":{"line":411,"column":6},"end":{"line":413,"column":7}},"109":{"start":{"line":412,"column":8},"end":{"line":412,"column":66}},"110":{"start":{"line":416,"column":6},"end":{"line":418,"column":7}},"111":{"start":{"line":417,"column":8},"end":{"line":417,"column":80}},"112":{"start":{"line":420,"column":6},"end":{"line":422,"column":7}},"113":{"start":{"line":421,"column":8},"end":{"line":421,"column":80}},"114":{"start":{"line":426,"column":10},"end":{"line":426,"column":25}},"115":{"start":{"line":427,"column":18},"end":{"line":427,"column":47}},"116":{"start":{"line":428,"column":6},"end":{"line":430,"column":7}},"117":{"start":{"line":429,"column":8},"end":{"line":429,"column":62}},"118":{"start":{"line":432,"column":6},"end":{"line":434,"column":7}},"119":{"start":{"line":433,"column":8},"end":{"line":433,"column":76}},"120":{"start":{"line":437,"column":31},"end":{"line":437,"column":62}},"121":{"start":{"line":438,"column":33},"end":{"line":438,"column":78}},"122":{"start":{"line":440,"column":6},"end":{"line":444,"column":7}},"123":{"start":{"line":441,"column":8},"end":{"line":443,"column":10}},"124":{"start":{"line":446,"column":6},"end":{"line":452,"column":8}},"125":{"start":{"line":455,"column":6},"end":{"line":457,"column":7}},"126":{"start":{"line":456,"column":8},"end":{"line":456,"column":20}},"127":{"start":{"line":459,"column":6},"end":{"line":459,"column":60}},"128":{"start":{"line":464,"column":4},"end":{"line":536,"column":5}},"129":{"start":{"line":466,"column":20},"end":{"line":466,"column":42}},"130":{"start":{"line":467,"column":6},"end":{"line":467,"column":68}},"131":{"start":{"line":467,"column":30},"end":{"line":467,"column":68}},"132":{"start":{"line":469,"column":21},"end":{"line":470,"column":null}},"133":{"start":{"line":472,"column":22},"end":{"line":473,"column":null}},"134":{"start":{"line":475,"column":22},"end":{"line":475,"column":28}},"135":{"start":{"line":476,"column":23},"end":{"line":476,"column":34}},"136":{"start":{"line":478,"column":6},"end":{"line":480,"column":7}},"137":{"start":{"line":479,"column":8},"end":{"line":479,"column":78}},"138":{"start":{"line":483,"column":21},"end":{"line":484,"column":null}},"139":{"start":{"line":486,"column":6},"end":{"line":492,"column":7}},"140":{"start":{"line":488,"column":8},"end":{"line":490,"column":10}},"141":{"start":{"line":491,"column":8},"end":{"line":491,"column":15}},"142":{"start":{"line":494,"column":18},"end":{"line":494,"column":61}},"143":{"start":{"line":494,"column":47},"end":{"line":494,"column":60}},"144":{"start":{"line":495,"column":6},"end":{"line":500,"column":7}},"145":{"start":{"line":496,"column":8},"end":{"line":498,"column":10}},"146":{"start":{"line":499,"column":8},"end":{"line":499,"column":15}},"147":{"start":{"line":502,"column":18},"end":{"line":502,"column":43}},"148":{"start":{"line":505,"column":23},"end":{"line":505,"column":49}},"149":{"start":{"line":506,"column":23},"end":{"line":506,"column":57}},"150":{"start":{"line":507,"column":30},"end":{"line":507,"column":null}},"151":{"start":{"line":513,"column":6},"end":{"line":520,"column":7}},"152":{"start":{"line":519,"column":8},"end":{"line":519,"column":80}},"153":{"start":{"line":521,"column":6},"end":{"line":523,"column":7}},"154":{"start":{"line":522,"column":8},"end":{"line":522,"column":59}},"155":{"start":{"line":529,"column":6},"end":{"line":529,"column":78}},"156":{"start":{"line":533,"column":6},"end":{"line":535,"column":8}},"157":{"start":{"line":76,"column":13},"end":{"line":76,"column":24}},"158":{"start":{"line":76,"column":13},"end":{"line":538,"column":null}}},"fnMap":{"0":{"name":"(anonymous_13)","decl":{"start":{"line":79,"column":2},"end":{"line":79,"column":null}},"loc":{"start":{"line":90,"column":69},"end":{"line":91,"column":6}}},"1":{"name":"(anonymous_14)","decl":{"start":{"line":93,"column":2},"end":{"line":93,"column":28}},"loc":{"start":{"line":93,"column":48},"end":{"line":100,"column":3}}},"2":{"name":"(anonymous_15)","decl":{"start":{"line":102,"column":2},"end":{"line":102,"column":21}},"loc":{"start":{"line":102,"column":40},"end":{"line":104,"column":3}}},"3":{"name":"(anonymous_16)","decl":{"start":{"line":106,"column":2},"end":{"line":106,"column":28}},"loc":{"start":{"line":106,"column":28},"end":{"line":133,"column":3}}},"4":{"name":"(anonymous_17)","decl":{"start":{"line":135,"column":2},"end":{"line":135,"column":27}},"loc":{"start":{"line":140,"column":3},"end":{"line":163,"column":3}}},"5":{"name":"(anonymous_18)","decl":{"start":{"line":165,"column":2},"end":{"line":165,"column":7}},"loc":{"start":{"line":170,"column":19},"end":{"line":239,"column":3}}},"6":{"name":"(anonymous_19)","decl":{"start":{"line":241,"column":2},"end":{"line":241,"column":29}},"loc":{"start":{"line":241,"column":49},"end":{"line":243,"column":3}}},"7":{"name":"(anonymous_20)","decl":{"start":{"line":245,"column":2},"end":{"line":245,"column":7}},"loc":{"start":{"line":245,"column":59},"end":{"line":263,"column":3}}},"8":{"name":"(anonymous_21)","decl":{"start":{"line":265,"column":10},"end":{"line":265,"column":15}},"loc":{"start":{"line":268,"column":17},"end":{"line":297,"column":3}}},"9":{"name":"(anonymous_22)","decl":{"start":{"line":299,"column":10},"end":{"line":299,"column":15}},"loc":{"start":{"line":302,"column":17},"end":{"line":313,"column":3}}},"10":{"name":"(anonymous_23)","decl":{"start":{"line":315,"column":2},"end":{"line":315,"column":12}},"loc":{"start":{"line":315,"column":26},"end":{"line":320,"column":3}}},"11":{"name":"(anonymous_24)","decl":{"start":{"line":327,"column":2},"end":{"line":327,"column":7}},"loc":{"start":{"line":331,"column":19},"end":{"line":353,"column":3}}},"12":{"name":"(anonymous_25)","decl":{"start":{"line":359,"column":2},"end":{"line":359,"column":7}},"loc":{"start":{"line":363,"column":18},"end":{"line":371,"column":3}}},"13":{"name":"(anonymous_26)","decl":{"start":{"line":373,"column":9},"end":{"line":373,"column":14}},"loc":{"start":{"line":377,"column":38},"end":{"line":461,"column":3}}},"14":{"name":"(anonymous_27)","decl":{"start":{"line":463,"column":2},"end":{"line":463,"column":7}},"loc":{"start":{"line":463,"column":51},"end":{"line":537,"column":3}}},"15":{"name":"(anonymous_28)","decl":{"start":{"line":494,"column":40},"end":{"line":494,"column":41}},"loc":{"start":{"line":494,"column":47},"end":{"line":494,"column":60}}}},"branchMap":{"0":{"loc":{"start":{"line":103,"column":11},"end":{"line":103,"column":48}},"type":"binary-expr","locations":[{"start":{"line":103,"column":11},"end":{"line":103,"column":40}},{"start":{"line":103,"column":44},"end":{"line":103,"column":48}}]},"1":{"loc":{"start":{"line":173,"column":4},"end":{"line":175,"column":5}},"type":"if","locations":[{"start":{"line":173,"column":4},"end":{"line":175,"column":5}},{"start":{},"end":{}}]},"2":{"loc":{"start":{"line":182,"column":4},"end":{"line":184,"column":5}},"type":"if","locations":[{"start":{"line":182,"column":4},"end":{"line":184,"column":5}},{"start":{},"end":{}}]},"3":{"loc":{"start":{"line":182,"column":8},"end":{"line":182,"column":31}},"type":"binary-expr","locations":[{"start":{"line":182,"column":8},"end":{"line":182,"column":13}},{"start":{"line":182,"column":17},"end":{"line":182,"column":31}}]},"4":{"loc":{"start":{"line":193,"column":6},"end":{"line":193,"column":40}},"type":"cond-expr","locations":[{"start":{"line":193,"column":19},"end":{"line":193,"column":26}},{"start":{"line":193,"column":29},"end":{"line":193,"column":40}}]},"5":{"loc":{"start":{"line":197,"column":4},"end":{"line":199,"column":5}},"type":"if","locations":[{"start":{"line":197,"column":4},"end":{"line":199,"column":5}},{"start":{},"end":{}}]},"6":{"loc":{"start":{"line":204,"column":4},"end":{"line":211,"column":5}},"type":"if","locations":[{"start":{"line":204,"column":4},"end":{"line":211,"column":5}},{"start":{"line":209,"column":11},"end":{"line":211,"column":5}}]},"7":{"loc":{"start":{"line":213,"column":4},"end":{"line":215,"column":5}},"type":"if","locations":[{"start":{"line":213,"column":4},"end":{"line":215,"column":5}},{"start":{},"end":{}}]},"8":{"loc":{"start":{"line":219,"column":4},"end":{"line":221,"column":5}},"type":"if","locations":[{"start":{"line":219,"column":4},"end":{"line":221,"column":5}},{"start":{},"end":{}}]},"9":{"loc":{"start":{"line":247,"column":4},"end":{"line":260,"column":5}},"type":"if","locations":[{"start":{"line":247,"column":4},"end":{"line":260,"column":5}},{"start":{},"end":{}}]},"10":{"loc":{"start":{"line":255,"column":6},"end":{"line":257,"column":7}},"type":"if","locations":[{"start":{"line":255,"column":6},"end":{"line":257,"column":7}},{"start":{},"end":{}}]},"11":{"loc":{"start":{"line":382,"column":6},"end":{"line":384,"column":7}},"type":"if","locations":[{"start":{"line":382,"column":6},"end":{"line":384,"column":7}},{"start":{},"end":{}}]},"12":{"loc":{"start":{"line":392,"column":6},"end":{"line":394,"column":7}},"type":"if","locations":[{"start":{"line":392,"column":6},"end":{"line":394,"column":7}},{"start":{},"end":{}}]},"13":{"loc":{"start":{"line":406,"column":6},"end":{"line":408,"column":7}},"type":"if","locations":[{"start":{"line":406,"column":6},"end":{"line":408,"column":7}},{"start":{},"end":{}}]},"14":{"loc":{"start":{"line":411,"column":6},"end":{"line":413,"column":7}},"type":"if","locations":[{"start":{"line":411,"column":6},"end":{"line":413,"column":7}},{"start":{},"end":{}}]},"15":{"loc":{"start":{"line":416,"column":6},"end":{"line":418,"column":7}},"type":"if","locations":[{"start":{"line":416,"column":6},"end":{"line":418,"column":7}},{"start":{},"end":{}}]},"16":{"loc":{"start":{"line":416,"column":10},"end":{"line":416,"column":71}},"type":"binary-expr","locations":[{"start":{"line":416,"column":10},"end":{"line":416,"column":29}},{"start":{"line":416,"column":33},"end":{"line":416,"column":71}}]},"17":{"loc":{"start":{"line":420,"column":6},"end":{"line":422,"column":7}},"type":"if","locations":[{"start":{"line":420,"column":6},"end":{"line":422,"column":7}},{"start":{},"end":{}}]},"18":{"loc":{"start":{"line":428,"column":6},"end":{"line":430,"column":7}},"type":"if","locations":[{"start":{"line":428,"column":6},"end":{"line":430,"column":7}},{"start":{},"end":{}}]},"19":{"loc":{"start":{"line":432,"column":6},"end":{"line":434,"column":7}},"type":"if","locations":[{"start":{"line":432,"column":6},"end":{"line":434,"column":7}},{"start":{},"end":{}}]},"20":{"loc":{"start":{"line":432,"column":10},"end":{"line":432,"column":54}},"type":"binary-expr","locations":[{"start":{"line":432,"column":10},"end":{"line":432,"column":33}},{"start":{"line":432,"column":37},"end":{"line":432,"column":54}}]},"21":{"loc":{"start":{"line":440,"column":6},"end":{"line":444,"column":7}},"type":"if","locations":[{"start":{"line":440,"column":6},"end":{"line":444,"column":7}},{"start":{},"end":{}}]},"22":{"loc":{"start":{"line":440,"column":10},"end":{"line":440,"column":70}},"type":"binary-expr","locations":[{"start":{"line":440,"column":10},"end":{"line":440,"column":27}},{"start":{"line":440,"column":31},"end":{"line":440,"column":70}}]},"23":{"loc":{"start":{"line":455,"column":6},"end":{"line":457,"column":7}},"type":"if","locations":[{"start":{"line":455,"column":6},"end":{"line":457,"column":7}},{"start":{},"end":{}}]},"24":{"loc":{"start":{"line":467,"column":6},"end":{"line":467,"column":68}},"type":"if","locations":[{"start":{"line":467,"column":6},"end":{"line":467,"column":68}},{"start":{},"end":{}}]},"25":{"loc":{"start":{"line":478,"column":6},"end":{"line":480,"column":7}},"type":"if","locations":[{"start":{"line":478,"column":6},"end":{"line":480,"column":7}},{"start":{},"end":{}}]},"26":{"loc":{"start":{"line":478,"column":10},"end":{"line":478,"column":27}},"type":"binary-expr","locations":[{"start":{"line":478,"column":10},"end":{"line":478,"column":14}},{"start":{"line":478,"column":18},"end":{"line":478,"column":27}}]},"27":{"loc":{"start":{"line":486,"column":6},"end":{"line":492,"column":7}},"type":"if","locations":[{"start":{"line":486,"column":6},"end":{"line":492,"column":7}},{"start":{},"end":{}}]},"28":{"loc":{"start":{"line":486,"column":10},"end":{"line":486,"column":54}},"type":"binary-expr","locations":[{"start":{"line":486,"column":10},"end":{"line":486,"column":17}},{"start":{"line":486,"column":21},"end":{"line":486,"column":33}},{"start":{"line":486,"column":37},"end":{"line":486,"column":54}}]},"29":{"loc":{"start":{"line":495,"column":6},"end":{"line":500,"column":7}},"type":"if","locations":[{"start":{"line":495,"column":6},"end":{"line":500,"column":7}},{"start":{},"end":{}}]},"30":{"loc":{"start":{"line":513,"column":6},"end":{"line":520,"column":7}},"type":"if","locations":[{"start":{"line":513,"column":6},"end":{"line":520,"column":7}},{"start":{},"end":{}}]},"31":{"loc":{"start":{"line":514,"column":8},"end":{"line":516,"column":null}},"type":"binary-expr","locations":[{"start":{"line":514,"column":8},"end":{"line":514,"column":31}},{"start":{"line":515,"column":8},"end":{"line":516,"column":null}}]},"32":{"loc":{"start":{"line":521,"column":6},"end":{"line":523,"column":7}},"type":"if","locations":[{"start":{"line":521,"column":6},"end":{"line":523,"column":7}},{"start":{},"end":{}}]},"33":{"loc":{"start":{"line":534,"column":39},"end":{"line":534,"column":95}},"type":"cond-expr","locations":[{"start":{"line":534,"column":64},"end":{"line":534,"column":77}},{"start":{"line":534,"column":80},"end":{"line":534,"column":95}}]},"34":{"loc":{"start":{"line":80,"column":45},"end":{"line":80,"column":null}},"type":"cond-expr","locations":[{"start":{"line":80,"column":74},"end":{"line":80,"column":null}},{"start":{"line":80,"column":74},"end":{"line":80,"column":null}}]},"35":{"loc":{"start":{"line":80,"column":45},"end":{"line":80,"column":74}},"type":"binary-expr","locations":[{"start":{"line":80,"column":45},"end":{"line":80,"column":null}},{"start":{"line":80,"column":45},"end":{"line":80,"column":74}}]},"36":{"loc":{"start":{"line":80,"column":74},"end":{"line":81,"column":null}},"type":"cond-expr","locations":[{"start":{"line":81,"column":49},"end":{"line":81,"column":null}},{"start":{"line":81,"column":49},"end":{"line":81,"column":null}}]},"37":{"loc":{"start":{"line":80,"column":74},"end":{"line":81,"column":49}},"type":"binary-expr","locations":[{"start":{"line":80,"column":74},"end":{"line":81,"column":null}},{"start":{"line":81,"column":36},"end":{"line":81,"column":49}}]},"38":{"loc":{"start":{"line":81,"column":49},"end":{"line":82,"column":null}},"type":"cond-expr","locations":[{"start":{"line":82,"column":47},"end":{"line":82,"column":null}},{"start":{"line":82,"column":47},"end":{"line":82,"column":null}}]},"39":{"loc":{"start":{"line":81,"column":49},"end":{"line":82,"column":47}},"type":"binary-expr","locations":[{"start":{"line":81,"column":49},"end":{"line":82,"column":null}},{"start":{"line":82,"column":35},"end":{"line":82,"column":47}}]},"40":{"loc":{"start":{"line":82,"column":47},"end":{"line":83,"column":null}},"type":"cond-expr","locations":[{"start":{"line":83,"column":53},"end":{"line":83,"column":null}},{"start":{"line":83,"column":53},"end":{"line":83,"column":null}}]},"41":{"loc":{"start":{"line":82,"column":47},"end":{"line":83,"column":53}},"type":"binary-expr","locations":[{"start":{"line":82,"column":47},"end":{"line":83,"column":null}},{"start":{"line":83,"column":38},"end":{"line":83,"column":53}}]},"42":{"loc":{"start":{"line":83,"column":53},"end":{"line":84,"column":null}},"type":"cond-expr","locations":[{"start":{"line":84,"column":46},"end":{"line":84,"column":null}},{"start":{"line":84,"column":46},"end":{"line":84,"column":null}}]},"43":{"loc":{"start":{"line":83,"column":53},"end":{"line":84,"column":46}},"type":"binary-expr","locations":[{"start":{"line":83,"column":53},"end":{"line":84,"column":null}},{"start":{"line":84,"column":31},"end":{"line":84,"column":46}}]},"44":{"loc":{"start":{"line":84,"column":46},"end":{"line":85,"column":null}},"type":"cond-expr","locations":[{"start":{"line":85,"column":60},"end":{"line":85,"column":null}},{"start":{"line":85,"column":60},"end":{"line":85,"column":null}}]},"45":{"loc":{"start":{"line":84,"column":46},"end":{"line":85,"column":60}},"type":"binary-expr","locations":[{"start":{"line":84,"column":46},"end":{"line":85,"column":null}},{"start":{"line":85,"column":38},"end":{"line":85,"column":60}}]},"46":{"loc":{"start":{"line":85,"column":60},"end":{"line":86,"column":null}},"type":"cond-expr","locations":[{"start":{"line":86,"column":46},"end":{"line":86,"column":null}},{"start":{"line":86,"column":46},"end":{"line":86,"column":null}}]},"47":{"loc":{"start":{"line":85,"column":60},"end":{"line":86,"column":46}},"type":"binary-expr","locations":[{"start":{"line":85,"column":60},"end":{"line":86,"column":null}},{"start":{"line":86,"column":31},"end":{"line":86,"column":46}}]},"48":{"loc":{"start":{"line":86,"column":46},"end":{"line":87,"column":null}},"type":"cond-expr","locations":[{"start":{"line":87,"column":63},"end":{"line":87,"column":null}},{"start":{"line":87,"column":63},"end":{"line":87,"column":null}}]},"49":{"loc":{"start":{"line":86,"column":46},"end":{"line":87,"column":63}},"type":"binary-expr","locations":[{"start":{"line":86,"column":46},"end":{"line":87,"column":null}},{"start":{"line":87,"column":43},"end":{"line":87,"column":63}}]},"50":{"loc":{"start":{"line":87,"column":63},"end":{"line":88,"column":null}},"type":"cond-expr","locations":[{"start":{"line":88,"column":52},"end":{"line":88,"column":null}},{"start":{"line":88,"column":52},"end":{"line":88,"column":null}}]},"51":{"loc":{"start":{"line":87,"column":63},"end":{"line":88,"column":52}},"type":"binary-expr","locations":[{"start":{"line":87,"column":63},"end":{"line":88,"column":null}},{"start":{"line":88,"column":34},"end":{"line":88,"column":52}}]},"52":{"loc":{"start":{"line":88,"column":52},"end":{"line":90,"column":69}},"type":"cond-expr","locations":[{"start":{"line":90,"column":55},"end":{"line":90,"column":69}},{"start":{"line":90,"column":55},"end":{"line":90,"column":69}}]},"53":{"loc":{"start":{"line":88,"column":52},"end":{"line":90,"column":55}},"type":"binary-expr","locations":[{"start":{"line":88,"column":52},"end":{"line":90,"column":69}},{"start":{"line":90,"column":45},"end":{"line":90,"column":55}}]}},"s":{"0":1,"1":1,"2":1,"3":1,"4":1,"5":1,"6":1,"7":1,"8":1,"9":1,"10":1,"11":1,"12":1,"13":1,"14":1,"15":1,"16":1,"17":1,"18":0,"19":0,"20":0,"21":0,"22":0,"23":0,"24":0,"25":0,"26":0,"27":0,"28":0,"29":0,"30":0,"31":0,"32":0,"33":0,"34":0,"35":0,"36":0,"37":0,"38":0,"39":0,"40":0,"41":0,"42":0,"43":0,"44":0,"45":0,"46":0,"47":0,"48":0,"49":0,"50":0,"51":0,"52":0,"53":0,"54":0,"55":0,"56":0,"57":0,"58":0,"59":0,"60":0,"61":0,"62":0,"63":0,"64":0,"65":0,"66":0,"67":0,"68":0,"69":0,"70":0,"71":0,"72":0,"73":0,"74":0,"75":0,"76":0,"77":0,"78":0,"79":0,"80":0,"81":0,"82":0,"83":0,"84":0,"85":0,"86":0,"87":0,"88":0,"89":0,"90":0,"91":0,"92":0,"93":0,"94":0,"95":0,"96":0,"97":0,"98":0,"99":0,"100":0,"101":0,"102":0,"103":0,"104":0,"105":0,"106":0,"107":0,"108":0,"109":0,"110":0,"111":0,"112":0,"113":0,"114":0,"115":0,"116":0,"117":0,"118":0,"119":0,"120":0,"121":0,"122":0,"123":0,"124":0,"125":0,"126":0,"127":0,"128":0,"129":0,"130":0,"131":0,"132":0,"133":0,"134":0,"135":0,"136":0,"137":0,"138":0,"139":0,"140":0,"141":0,"142":0,"143":0,"144":0,"145":0,"146":0,"147":0,"148":0,"149":0,"150":0,"151":0,"152":0,"153":0,"154":0,"155":0,"156":0,"157":1,"158":1},"f":{"0":0,"1":0,"2":0,"3":0,"4":0,"5":0,"6":0,"7":0,"8":0,"9":0,"10":0,"11":0,"12":0,"13":0,"14":0,"15":0},"b":{"0":[0,0],"1":[0,0],"2":[0,0],"3":[0,0],"4":[0,0],"5":[0,0],"6":[0,0],"7":[0,0],"8":[0,0],"9":[0,0],"10":[0,0],"11":[0,0],"12":[0,0],"13":[0,0],"14":[0,0],"15":[0,0],"16":[0,0],"17":[0,0],"18":[0,0],"19":[0,0],"20":[0,0],"21":[0,0],"22":[0,0],"23":[0,0],"24":[0,0],"25":[0,0],"26":[0,0],"27":[0,0],"28":[0,0,0],"29":[0,0],"30":[0,0],"31":[0,0],"32":[0,0],"33":[0,0],"34":[1,0],"35":[1,1],"36":[0,1],"37":[1,0],"38":[1,0],"39":[1,1],"40":[1,0],"41":[1,1],"42":[1,0],"43":[1,1],"44":[1,0],"45":[1,1],"46":[1,0],"47":[1,1],"48":[1,0],"49":[1,1],"50":[1,0],"51":[1,1],"52":[1,0],"53":[1,1]}}
,"C:\\Edgar\\Programacion\\SmartEdify_A\\Proyecto\\smartedify_app\\services\\support\\identity-service\\src\\modules\\auth\\logout.controller.ts": {"path":"C:\\Edgar\\Programacion\\SmartEdify_A\\Proyecto\\smartedify_app\\services\\support\\identity-service\\src\\modules\\auth\\logout.controller.ts","statementMap":{"0":{"start":{"line":1,"column":0},"end":{"line":1,"column":null}},"1":{"start":{"line":9,"column":0},"end":{"line":9,"column":45}},"2":{"start":{"line":12,"column":7},"end":{"line":30,"column":null}},"3":{"start":{"line":13,"column":31},"end":{"line":13,"column":44}},"4":{"start":{"line":19,"column":4},"end":{"line":21,"column":6}},"5":{"start":{"line":27,"column":4},"end":{"line":27,"column":64}},"6":{"start":{"line":28,"column":4},"end":{"line":28,"column":14}},"7":{"start":{"line":12,"column":13},"end":{"line":12,"column":29}},"8":{"start":{"line":17,"column":2},"end":{"line":22,"column":null}},"9":{"start":{"line":26,"column":8},"end":{"line":29,"column":null}},"10":{"start":{"line":12,"column":13},"end":{"line":30,"column":null}}},"fnMap":{"0":{"name":"(anonymous_4)","decl":{"start":{"line":13,"column":2},"end":{"line":13,"column":31}},"loc":{"start":{"line":13,"column":55},"end":{"line":13,"column":59}}},"1":{"name":"(anonymous_5)","decl":{"start":{"line":17,"column":2},"end":{"line":17,"column":8}},"loc":{"start":{"line":17,"column":8},"end":{"line":22,"column":3}}},"2":{"name":"(anonymous_6)","decl":{"start":{"line":26,"column":8},"end":{"line":26,"column":25}},"loc":{"start":{"line":26,"column":67},"end":{"line":29,"column":3}}}},"branchMap":{"0":{"loc":{"start":{"line":13,"column":44},"end":{"line":13,"column":58}},"type":"cond-expr","locations":[{"start":{"line":13,"column":55},"end":{"line":13,"column":58}},{"start":{"line":13,"column":55},"end":{"line":13,"column":58}}]},"1":{"loc":{"start":{"line":13,"column":44},"end":{"line":13,"column":55}},"type":"binary-expr","locations":[{"start":{"line":13,"column":44},"end":{"line":13,"column":58}},{"start":{"line":13,"column":44},"end":{"line":13,"column":55}}]}},"s":{"0":0,"1":0,"2":0,"3":0,"4":0,"5":0,"6":0,"7":0,"8":0,"9":0,"10":0},"f":{"0":0,"1":0,"2":0},"b":{"0":[0,0],"1":[0,0]}}
,"C:\\Edgar\\Programacion\\SmartEdify_A\\Proyecto\\smartedify_app\\services\\support\\identity-service\\src\\modules\\auth\\entities\\dpop-replay-proof.entity.ts": {"path":"C:\\Edgar\\Programacion\\SmartEdify_A\\Proyecto\\smartedify_app\\services\\support\\identity-service\\src\\modules\\auth\\entities\\dpop-replay-proof.entity.ts","statementMap":{"0":{"start":{"line":1,"column":0},"end":{"line":1,"column":null}},"1":{"start":{"line":11,"column":7},"end":{"line":29,"column":null}},"2":{"start":{"line":11,"column":13},"end":{"line":11,"column":28}},"3":{"start":{"line":13,"column":2},"end":{"line":13,"column":null}},"4":{"start":{"line":16,"column":2},"end":{"line":16,"column":null}},"5":{"start":{"line":19,"column":2},"end":{"line":19,"column":null}},"6":{"start":{"line":22,"column":2},"end":{"line":22,"column":null}},"7":{"start":{"line":25,"column":2},"end":{"line":25,"column":null}},"8":{"start":{"line":28,"column":2},"end":{"line":28,"column":null}},"9":{"start":{"line":11,"column":13},"end":{"line":29,"column":null}}},"fnMap":{},"branchMap":{"0":{"loc":{"start":{"line":25,"column":15},"end":{"line":25,"column":20}},"type":"cond-expr","locations":[{"start":{"line":25,"column":19},"end":{"line":25,"column":20}},{"start":{"line":25,"column":19},"end":{"line":25,"column":20}}]},"1":{"loc":{"start":{"line":25,"column":15},"end":{"line":25,"column":19}},"type":"binary-expr","locations":[{"start":{"line":25,"column":15},"end":{"line":25,"column":20}},{"start":{"line":25,"column":15},"end":{"line":25,"column":19}}]},"2":{"loc":{"start":{"line":28,"column":15},"end":{"line":28,"column":20}},"type":"cond-expr","locations":[{"start":{"line":28,"column":19},"end":{"line":28,"column":20}},{"start":{"line":28,"column":19},"end":{"line":28,"column":20}}]},"3":{"loc":{"start":{"line":28,"column":15},"end":{"line":28,"column":19}},"type":"binary-expr","locations":[{"start":{"line":28,"column":15},"end":{"line":28,"column":20}},{"start":{"line":28,"column":15},"end":{"line":28,"column":19}}]}},"s":{"0":1,"1":1,"2":1,"3":1,"4":1,"5":1,"6":1,"7":1,"8":1,"9":1},"f":{},"b":{"0":[1,0],"1":[1,1],"2":[1,0],"3":[1,1]}}
,"C:\\Edgar\\Programacion\\SmartEdify_A\\Proyecto\\smartedify_app\\services\\support\\identity-service\\src\\modules\\auth\\guards\\client-auth.guard.ts": {"path":"C:\\Edgar\\Programacion\\SmartEdify_A\\Proyecto\\smartedify_app\\services\\support\\identity-service\\src\\modules\\auth\\guards\\client-auth.guard.ts","statementMap":{"0":{"start":{"line":1,"column":0},"end":{"line":1,"column":null}},"1":{"start":{"line":8,"column":0},"end":{"line":8,"column":34}},"2":{"start":{"line":9,"column":0},"end":{"line":9,"column":72}},"3":{"start":{"line":49,"column":7},"end":{"line":137,"column":null}},"4":{"start":{"line":50,"column":31},"end":{"line":50,"column":44}},"5":{"start":{"line":53,"column":35},"end":{"line":53,"column":70}},"6":{"start":{"line":54,"column":56},"end":{"line":54,"column":70}},"7":{"start":{"line":56,"column":4},"end":{"line":62,"column":5}},"8":{"start":{"line":61,"column":6},"end":{"line":61,"column":77}},"9":{"start":{"line":64,"column":4},"end":{"line":135,"column":5}},"10":{"start":{"line":66,"column":20},"end":{"line":66,"column":47}},"11":{"start":{"line":67,"column":6},"end":{"line":67,"column":68}},"12":{"start":{"line":67,"column":30},"end":{"line":67,"column":68}},"13":{"start":{"line":69,"column":21},"end":{"line":70,"column":null}},"14":{"start":{"line":72,"column":22},"end":{"line":73,"column":null}},"15":{"start":{"line":75,"column":22},"end":{"line":75,"column":28}},"16":{"start":{"line":76,"column":23},"end":{"line":76,"column":34}},"17":{"start":{"line":78,"column":6},"end":{"line":82,"column":7}},"18":{"start":{"line":79,"column":8},"end":{"line":81,"column":10}},"19":{"start":{"line":85,"column":21},"end":{"line":86,"column":null}},"20":{"start":{"line":88,"column":6},"end":{"line":90,"column":7}},"21":{"start":{"line":89,"column":8},"end":{"line":89,"column":71}},"22":{"start":{"line":92,"column":18},"end":{"line":92,"column":63}},"23":{"start":{"line":92,"column":49},"end":{"line":92,"column":62}},"24":{"start":{"line":93,"column":6},"end":{"line":95,"column":7}},"25":{"start":{"line":94,"column":8},"end":{"line":94,"column":72}},"26":{"start":{"line":97,"column":18},"end":{"line":97,"column":43}},"27":{"start":{"line":100,"column":23},"end":{"line":100,"column":49}},"28":{"start":{"line":101,"column":23},"end":{"line":101,"column":62}},"29":{"start":{"line":102,"column":30},"end":{"line":103,"column":null}},"30":{"start":{"line":107,"column":18},"end":{"line":107,"column":47}},"31":{"start":{"line":108,"column":6},"end":{"line":110,"column":7}},"32":{"start":{"line":109,"column":8},"end":{"line":109,"column":72}},"33":{"start":{"line":113,"column":31},"end":{"line":113,"column":122}},"34":{"start":{"line":114,"column":6},"end":{"line":118,"column":7}},"35":{"start":{"line":115,"column":8},"end":{"line":117,"column":10}},"36":{"start":{"line":121,"column":6},"end":{"line":128,"column":7}},"37":{"start":{"line":125,"column":8},"end":{"line":127,"column":10}},"38":{"start":{"line":130,"column":6},"end":{"line":130,"column":18}},"39":{"start":{"line":132,"column":6},"end":{"line":134,"column":8}},"40":{"start":{"line":49,"column":13},"end":{"line":49,"column":28}},"41":{"start":{"line":49,"column":13},"end":{"line":137,"column":null}}},"fnMap":{"0":{"name":"(anonymous_11)","decl":{"start":{"line":50,"column":2},"end":{"line":50,"column":31}},"loc":{"start":{"line":50,"column":62},"end":{"line":50,"column":66}}},"1":{"name":"(anonymous_12)","decl":{"start":{"line":52,"column":2},"end":{"line":52,"column":7}},"loc":{"start":{"line":52,"column":45},"end":{"line":136,"column":3}}},"2":{"name":"(anonymous_13)","decl":{"start":{"line":92,"column":42},"end":{"line":92,"column":43}},"loc":{"start":{"line":92,"column":49},"end":{"line":92,"column":62}}}},"branchMap":{"0":{"loc":{"start":{"line":54,"column":56},"end":{"line":54,"column":70}},"type":"binary-expr","locations":[{"start":{"line":54,"column":56},"end":{"line":54,"column":64}},{"start":{"line":54,"column":68},"end":{"line":54,"column":70}}]},"1":{"loc":{"start":{"line":56,"column":4},"end":{"line":62,"column":5}},"type":"if","locations":[{"start":{"line":56,"column":4},"end":{"line":62,"column":5}},{"start":{},"end":{}}]},"2":{"loc":{"start":{"line":57,"column":6},"end":{"line":59,"column":64}},"type":"binary-expr","locations":[{"start":{"line":57,"column":6},"end":{"line":57,"column":23}},{"start":{"line":58,"column":6},"end":{"line":59,"column":64}}]},"3":{"loc":{"start":{"line":67,"column":6},"end":{"line":67,"column":68}},"type":"if","locations":[{"start":{"line":67,"column":6},"end":{"line":67,"column":68}},{"start":{},"end":{}}]},"4":{"loc":{"start":{"line":78,"column":6},"end":{"line":82,"column":7}},"type":"if","locations":[{"start":{"line":78,"column":6},"end":{"line":82,"column":7}},{"start":{},"end":{}}]},"5":{"loc":{"start":{"line":78,"column":10},"end":{"line":78,"column":27}},"type":"binary-expr","locations":[{"start":{"line":78,"column":10},"end":{"line":78,"column":14}},{"start":{"line":78,"column":18},"end":{"line":78,"column":27}}]},"6":{"loc":{"start":{"line":88,"column":6},"end":{"line":90,"column":7}},"type":"if","locations":[{"start":{"line":88,"column":6},"end":{"line":90,"column":7}},{"start":{},"end":{}}]},"7":{"loc":{"start":{"line":93,"column":6},"end":{"line":95,"column":7}},"type":"if","locations":[{"start":{"line":93,"column":6},"end":{"line":95,"column":7}},{"start":{},"end":{}}]},"8":{"loc":{"start":{"line":108,"column":6},"end":{"line":110,"column":7}},"type":"if","locations":[{"start":{"line":108,"column":6},"end":{"line":110,"column":7}},{"start":{},"end":{}}]},"9":{"loc":{"start":{"line":108,"column":10},"end":{"line":108,"column":59}},"type":"binary-expr","locations":[{"start":{"line":108,"column":10},"end":{"line":108,"column":30}},{"start":{"line":108,"column":34},"end":{"line":108,"column":59}}]},"10":{"loc":{"start":{"line":113,"column":34},"end":{"line":113,"column":57}},"type":"binary-expr","locations":[{"start":{"line":113,"column":34},"end":{"line":113,"column":46}},{"start":{"line":113,"column":50},"end":{"line":113,"column":57}}]},"11":{"loc":{"start":{"line":113,"column":63},"end":{"line":113,"column":95}},"type":"binary-expr","locations":[{"start":{"line":113,"column":63},"end":{"line":113,"column":80}},{"start":{"line":113,"column":84},"end":{"line":113,"column":95}}]},"12":{"loc":{"start":{"line":113,"column":98},"end":{"line":113,"column":120}},"type":"binary-expr","locations":[{"start":{"line":113,"column":98},"end":{"line":113,"column":113}},{"start":{"line":113,"column":117},"end":{"line":113,"column":120}}]},"13":{"loc":{"start":{"line":114,"column":6},"end":{"line":118,"column":7}},"type":"if","locations":[{"start":{"line":114,"column":6},"end":{"line":118,"column":7}},{"start":{},"end":{}}]},"14":{"loc":{"start":{"line":121,"column":6},"end":{"line":128,"column":7}},"type":"if","locations":[{"start":{"line":121,"column":6},"end":{"line":128,"column":7}},{"start":{},"end":{}}]},"15":{"loc":{"start":{"line":122,"column":8},"end":{"line":123,"column":40}},"type":"binary-expr","locations":[{"start":{"line":122,"column":8},"end":{"line":122,"column":40}},{"start":{"line":123,"column":8},"end":{"line":123,"column":40}}]},"16":{"loc":{"start":{"line":133,"column":47},"end":{"line":133,"column":103}},"type":"cond-expr","locations":[{"start":{"line":133,"column":72},"end":{"line":133,"column":85}},{"start":{"line":133,"column":88},"end":{"line":133,"column":103}}]},"17":{"loc":{"start":{"line":50,"column":44},"end":{"line":50,"column":65}},"type":"cond-expr","locations":[{"start":{"line":50,"column":62},"end":{"line":50,"column":65}},{"start":{"line":50,"column":62},"end":{"line":50,"column":65}}]},"18":{"loc":{"start":{"line":50,"column":44},"end":{"line":50,"column":62}},"type":"binary-expr","locations":[{"start":{"line":50,"column":44},"end":{"line":50,"column":65}},{"start":{"line":50,"column":44},"end":{"line":50,"column":62}}]}},"s":{"0":0,"1":0,"2":0,"3":0,"4":0,"5":0,"6":0,"7":0,"8":0,"9":0,"10":0,"11":0,"12":0,"13":0,"14":0,"15":0,"16":0,"17":0,"18":0,"19":0,"20":0,"21":0,"22":0,"23":0,"24":0,"25":0,"26":0,"27":0,"28":0,"29":0,"30":0,"31":0,"32":0,"33":0,"34":0,"35":0,"36":0,"37":0,"38":0,"39":0,"40":0,"41":0},"f":{"0":0,"1":0,"2":0},"b":{"0":[0,0],"1":[0,0],"2":[0,0],"3":[0,0],"4":[0,0],"5":[0,0],"6":[0,0],"7":[0,0],"8":[0,0],"9":[0,0],"10":[0,0],"11":[0,0],"12":[0,0],"13":[0,0],"14":[0,0],"15":[0,0],"16":[0,0],"17":[0,0],"18":[0,0]}}
,"C:\\Edgar\\Programacion\\SmartEdify_A\\Proyecto\\smartedify_app\\services\\support\\identity-service\\src\\modules\\auth\\guards\\dpop.guard.ts": {"path":"C:\\Edgar\\Programacion\\SmartEdify_A\\Proyecto\\smartedify_app\\services\\support\\identity-service\\src\\modules\\auth\\guards\\dpop.guard.ts","statementMap":{"0":{"start":{"line":1,"column":0},"end":{"line":1,"column":null}},"1":{"start":{"line":9,"column":0},"end":{"line":9,"column":29}},"2":{"start":{"line":10,"column":0},"end":{"line":10,"column":51}},"3":{"start":{"line":11,"column":0},"end":{"line":11,"column":37}},"4":{"start":{"line":12,"column":0},"end":{"line":12,"column":71}},"5":{"start":{"line":23,"column":7},"end":{"line":222,"column":null}},"6":{"start":{"line":26,"column":12},"end":{"line":26,"column":34}},"7":{"start":{"line":30,"column":20},"end":{"line":30,"column":64}},"8":{"start":{"line":31,"column":22},"end":{"line":31,"column":55}},"9":{"start":{"line":33,"column":4},"end":{"line":35,"column":5}},"10":{"start":{"line":34,"column":6},"end":{"line":34,"column":64}},"11":{"start":{"line":37,"column":4},"end":{"line":48,"column":5}},"12":{"start":{"line":38,"column":6},"end":{"line":38,"column":55}},"13":{"start":{"line":39,"column":6},"end":{"line":39,"column":18}},"14":{"start":{"line":41,"column":6},"end":{"line":46,"column":7}},"15":{"start":{"line":45,"column":8},"end":{"line":45,"column":20}},"16":{"start":{"line":47,"column":6},"end":{"line":47,"column":60}},"17":{"start":{"line":58,"column":4},"end":{"line":89,"column":5}},"18":{"start":{"line":60,"column":26},"end":{"line":60,"column":46}},"19":{"start":{"line":61,"column":21},"end":{"line":61,"column":79}},"20":{"start":{"line":63,"column":6},"end":{"line":65,"column":7}},"21":{"start":{"line":64,"column":8},"end":{"line":64,"column":65}},"22":{"start":{"line":67,"column":6},"end":{"line":69,"column":7}},"23":{"start":{"line":68,"column":8},"end":{"line":68,"column":79}},"24":{"start":{"line":72,"column":24},"end":{"line":72,"column":56}},"25":{"start":{"line":75,"column":6},"end":{"line":75,"column":58}},"26":{"start":{"line":78,"column":38},"end":{"line":83,"column":null}},"27":{"start":{"line":86,"column":6},"end":{"line":86,"column":53}},"28":{"start":{"line":88,"column":6},"end":{"line":88,"column":78}},"29":{"start":{"line":92,"column":4},"end":{"line":94,"column":5}},"30":{"start":{"line":93,"column":6},"end":{"line":93,"column":74}},"31":{"start":{"line":97,"column":4},"end":{"line":101,"column":5}},"32":{"start":{"line":98,"column":6},"end":{"line":100,"column":8}},"33":{"start":{"line":104,"column":23},"end":{"line":104,"column":84}},"34":{"start":{"line":105,"column":4},"end":{"line":109,"column":5}},"35":{"start":{"line":106,"column":6},"end":{"line":108,"column":8}},"36":{"start":{"line":112,"column":16},"end":{"line":112,"column":45}},"37":{"start":{"line":113,"column":19},"end":{"line":113,"column":22}},"38":{"start":{"line":114,"column":4},"end":{"line":116,"column":5}},"39":{"start":{"line":115,"column":6},"end":{"line":115,"column":71}},"40":{"start":{"line":119,"column":21},"end":{"line":119,"column":50}},"41":{"start":{"line":120,"column":4},"end":{"line":120,"column":61}},"42":{"start":{"line":123,"column":4},"end":{"line":125,"column":5}},"43":{"start":{"line":124,"column":6},"end":{"line":124,"column":63}},"44":{"start":{"line":134,"column":26},"end":{"line":136,"column":6}},"45":{"start":{"line":138,"column":4},"end":{"line":140,"column":5}},"46":{"start":{"line":139,"column":6},"end":{"line":139,"column":68}},"47":{"start":{"line":143,"column":22},"end":{"line":143,"column":58}},"48":{"start":{"line":144,"column":24},"end":{"line":149,"column":6}},"49":{"start":{"line":151,"column":4},"end":{"line":151,"column":54}},"50":{"start":{"line":154,"column":4},"end":{"line":158,"column":17}},"51":{"start":{"line":164,"column":7},"end":{"line":167,"column":42}},"52":{"start":{"line":169,"column":4},"end":{"line":173,"column":5}},"53":{"start":{"line":170,"column":6},"end":{"line":172,"column":8}},"54":{"start":{"line":175,"column":4},"end":{"line":175,"column":20}},"55":{"start":{"line":179,"column":23},"end":{"line":179,"column":52}},"56":{"start":{"line":180,"column":4},"end":{"line":182,"column":5}},"57":{"start":{"line":181,"column":6},"end":{"line":181,"column":18}},"58":{"start":{"line":184,"column":4},"end":{"line":193,"column":5}},"59":{"start":{"line":185,"column":20},"end":{"line":185,"column":43}},"60":{"start":{"line":186,"column":29},"end":{"line":186,"column":45}},"61":{"start":{"line":187,"column":22},"end":{"line":188,"column":null}},"62":{"start":{"line":190,"column":6},"end":{"line":190,"column":39}},"63":{"start":{"line":192,"column":6},"end":{"line":192,"column":18}},"64":{"start":{"line":200,"column":23},"end":{"line":200,"column":52}},"65":{"start":{"line":201,"column":4},"end":{"line":205,"column":5}},"66":{"start":{"line":202,"column":6},"end":{"line":204,"column":8}},"67":{"start":{"line":207,"column":24},"end":{"line":207,"column":47}},"68":{"start":{"line":210,"column":20},"end":{"line":210,"column":37}},"69":{"start":{"line":211,"column":17},"end":{"line":211,"column":44}},"70":{"start":{"line":212,"column":23},"end":{"line":212,"column":66}},"71":{"start":{"line":213,"column":22},"end":{"line":213,"column":48}},"72":{"start":{"line":214,"column":24},"end":{"line":214,"column":68}},"73":{"start":{"line":216,"column":4},"end":{"line":220,"column":5}},"74":{"start":{"line":217,"column":6},"end":{"line":219,"column":8}},"75":{"start":{"line":23,"column":13},"end":{"line":23,"column":22}},"76":{"start":{"line":23,"column":13},"end":{"line":222,"column":null}}},"fnMap":{"0":{"name":"(anonymous_13)","decl":{"start":{"line":24,"column":2},"end":{"line":24,"column":null}},"loc":{"start":{"line":26,"column":61},"end":{"line":27,"column":6}}},"1":{"name":"(anonymous_14)","decl":{"start":{"line":29,"column":2},"end":{"line":29,"column":7}},"loc":{"start":{"line":29,"column":45},"end":{"line":49,"column":3}}},"2":{"name":"(anonymous_15)","decl":{"start":{"line":51,"column":10},"end":{"line":51,"column":15}},"loc":{"start":{"line":53,"column":20},"end":{"line":126,"column":3}}},"3":{"name":"(anonymous_16)","decl":{"start":{"line":128,"column":10},"end":{"line":128,"column":15}},"loc":{"start":{"line":131,"column":15},"end":{"line":159,"column":3}}},"4":{"name":"(anonymous_17)","decl":{"start":{"line":161,"column":10},"end":{"line":161,"column":25}},"loc":{"start":{"line":161,"column":42},"end":{"line":176,"column":3}}},"5":{"name":"(anonymous_18)","decl":{"start":{"line":178,"column":10},"end":{"line":178,"column":32}},"loc":{"start":{"line":178,"column":49},"end":{"line":194,"column":3}}},"6":{"name":"(anonymous_19)","decl":{"start":{"line":196,"column":10},"end":{"line":196,"column":15}},"loc":{"start":{"line":198,"column":20},"end":{"line":221,"column":3}}}},"branchMap":{"0":{"loc":{"start":{"line":33,"column":4},"end":{"line":35,"column":5}},"type":"if","locations":[{"start":{"line":33,"column":4},"end":{"line":35,"column":5}},{"start":{},"end":{}}]},"1":{"loc":{"start":{"line":41,"column":6},"end":{"line":46,"column":7}},"type":"if","locations":[{"start":{"line":41,"column":6},"end":{"line":46,"column":7}},{"start":{},"end":{}}]},"2":{"loc":{"start":{"line":42,"column":8},"end":{"line":43,"column":44}},"type":"binary-expr","locations":[{"start":{"line":42,"column":8},"end":{"line":42,"column":46}},{"start":{"line":43,"column":8},"end":{"line":43,"column":44}}]},"3":{"loc":{"start":{"line":63,"column":6},"end":{"line":65,"column":7}},"type":"if","locations":[{"start":{"line":63,"column":6},"end":{"line":65,"column":7}},{"start":{},"end":{}}]},"4":{"loc":{"start":{"line":67,"column":6},"end":{"line":69,"column":7}},"type":"if","locations":[{"start":{"line":67,"column":6},"end":{"line":69,"column":7}},{"start":{},"end":{}}]},"5":{"loc":{"start":{"line":92,"column":4},"end":{"line":94,"column":5}},"type":"if","locations":[{"start":{"line":92,"column":4},"end":{"line":94,"column":5}},{"start":{},"end":{}}]},"6":{"loc":{"start":{"line":92,"column":8},"end":{"line":92,"column":68}},"type":"binary-expr","locations":[{"start":{"line":92,"column":8},"end":{"line":92,"column":20}},{"start":{"line":92,"column":24},"end":{"line":92,"column":36}},{"start":{"line":92,"column":40},"end":{"line":92,"column":52}},{"start":{"line":92,"column":56},"end":{"line":92,"column":68}}]},"7":{"loc":{"start":{"line":97,"column":4},"end":{"line":101,"column":5}},"type":"if","locations":[{"start":{"line":97,"column":4},"end":{"line":101,"column":5}},{"start":{},"end":{}}]},"8":{"loc":{"start":{"line":105,"column":4},"end":{"line":109,"column":5}},"type":"if","locations":[{"start":{"line":105,"column":4},"end":{"line":109,"column":5}},{"start":{},"end":{}}]},"9":{"loc":{"start":{"line":114,"column":4},"end":{"line":116,"column":5}},"type":"if","locations":[{"start":{"line":114,"column":4},"end":{"line":116,"column":5}},{"start":{},"end":{}}]},"10":{"loc":{"start":{"line":114,"column":8},"end":{"line":114,"column":60}},"type":"binary-expr","locations":[{"start":{"line":114,"column":8},"end":{"line":114,"column":30}},{"start":{"line":114,"column":34},"end":{"line":114,"column":60}}]},"11":{"loc":{"start":{"line":123,"column":4},"end":{"line":125,"column":5}},"type":"if","locations":[{"start":{"line":123,"column":4},"end":{"line":125,"column":5}},{"start":{},"end":{}}]},"12":{"loc":{"start":{"line":138,"column":4},"end":{"line":140,"column":5}},"type":"if","locations":[{"start":{"line":138,"column":4},"end":{"line":140,"column":5}},{"start":{},"end":{}}]},"13":{"loc":{"start":{"line":164,"column":7},"end":{"line":167,"column":42}},"type":"binary-expr","locations":[{"start":{"line":164,"column":7},"end":{"line":164,"column":41}},{"start":{"line":165,"column":6},"end":{"line":165,"column":29}},{"start":{"line":166,"column":7},"end":{"line":166,"column":48}},{"start":{"line":167,"column":6},"end":{"line":167,"column":42}}]},"14":{"loc":{"start":{"line":169,"column":4},"end":{"line":173,"column":5}},"type":"if","locations":[{"start":{"line":169,"column":4},"end":{"line":173,"column":5}},{"start":{},"end":{}}]},"15":{"loc":{"start":{"line":180,"column":4},"end":{"line":182,"column":5}},"type":"if","locations":[{"start":{"line":180,"column":4},"end":{"line":182,"column":5}},{"start":{},"end":{}}]},"16":{"loc":{"start":{"line":190,"column":13},"end":{"line":190,"column":38}},"type":"binary-expr","locations":[{"start":{"line":190,"column":13},"end":{"line":190,"column":30}},{"start":{"line":190,"column":34},"end":{"line":190,"column":38}}]},"17":{"loc":{"start":{"line":201,"column":4},"end":{"line":205,"column":5}},"type":"if","locations":[{"start":{"line":201,"column":4},"end":{"line":205,"column":5}},{"start":{},"end":{}}]},"18":{"loc":{"start":{"line":216,"column":4},"end":{"line":220,"column":5}},"type":"if","locations":[{"start":{"line":216,"column":4},"end":{"line":220,"column":5}},{"start":{},"end":{}}]},"19":{"loc":{"start":{"line":26,"column":34},"end":{"line":26,"column":61}},"type":"cond-expr","locations":[{"start":{"line":26,"column":44},"end":{"line":26,"column":61}},{"start":{"line":26,"column":44},"end":{"line":26,"column":61}}]},"20":{"loc":{"start":{"line":26,"column":34},"end":{"line":26,"column":44}},"type":"binary-expr","locations":[{"start":{"line":26,"column":34},"end":{"line":26,"column":61}},{"start":{"line":26,"column":34},"end":{"line":26,"column":44}}]}},"s":{"0":0,"1":0,"2":0,"3":0,"4":0,"5":0,"6":0,"7":0,"8":0,"9":0,"10":0,"11":0,"12":0,"13":0,"14":0,"15":0,"16":0,"17":0,"18":0,"19":0,"20":0,"21":0,"22":0,"23":0,"24":0,"25":0,"26":0,"27":0,"28":0,"29":0,"30":0,"31":0,"32":0,"33":0,"34":0,"35":0,"36":0,"37":0,"38":0,"39":0,"40":0,"41":0,"42":0,"43":0,"44":0,"45":0,"46":0,"47":0,"48":0,"49":0,"50":0,"51":0,"52":0,"53":0,"54":0,"55":0,"56":0,"57":0,"58":0,"59":0,"60":0,"61":0,"62":0,"63":0,"64":0,"65":0,"66":0,"67":0,"68":0,"69":0,"70":0,"71":0,"72":0,"73":0,"74":0,"75":0,"76":0},"f":{"0":0,"1":0,"2":0,"3":0,"4":0,"5":0,"6":0},"b":{"0":[0,0],"1":[0,0],"2":[0,0],"3":[0,0],"4":[0,0],"5":[0,0],"6":[0,0,0,0],"7":[0,0],"8":[0,0],"9":[0,0],"10":[0,0],"11":[0,0],"12":[0,0],"13":[0,0,0,0],"14":[0,0],"15":[0,0],"16":[0,0],"17":[0,0],"18":[0,0],"19":[0,0],"20":[0,0]}}
,"C:\\Edgar\\Programacion\\SmartEdify_A\\Proyecto\\smartedify_app\\services\\support\\identity-service\\src\\modules\\auth\\store\\authorization-code-store.service.ts": {"path":"C:\\Edgar\\Programacion\\SmartEdify_A\\Proyecto\\smartedify_app\\services\\support\\identity-service\\src\\modules\\auth\\store\\authorization-code-store.service.ts","statementMap":{"0":{"start":{"line":1,"column":0},"end":{"line":1,"column":44}},"1":{"start":{"line":11,"column":7},"end":{"line":25,"column":null}},"2":{"start":{"line":12,"column":18},"end":{"line":12,"column":54}},"3":{"start":{"line":15,"column":4},"end":{"line":15,"column":31}},"4":{"start":{"line":19,"column":17},"end":{"line":19,"column":37}},"5":{"start":{"line":20,"column":4},"end":{"line":22,"column":5}},"6":{"start":{"line":21,"column":6},"end":{"line":21,"column":30}},"7":{"start":{"line":23,"column":4},"end":{"line":23,"column":16}},"8":{"start":{"line":11,"column":13},"end":{"line":11,"column":42}},"9":{"start":{"line":11,"column":13},"end":{"line":25,"column":null}}},"fnMap":{"0":{"name":"(anonymous_1)","decl":{"start":{"line":14,"column":2},"end":{"line":14,"column":5}},"loc":{"start":{"line":14,"column":43},"end":{"line":16,"column":3}}},"1":{"name":"(anonymous_2)","decl":{"start":{"line":18,"column":2},"end":{"line":18,"column":5}},"loc":{"start":{"line":18,"column":18},"end":{"line":24,"column":3}}}},"branchMap":{"0":{"loc":{"start":{"line":20,"column":4},"end":{"line":22,"column":5}},"type":"if","locations":[{"start":{"line":20,"column":4},"end":{"line":22,"column":5}},{"start":{},"end":{}}]}},"s":{"0":1,"1":1,"2":0,"3":0,"4":0,"5":0,"6":0,"7":0,"8":1,"9":1},"f":{"0":0,"1":0},"b":{"0":[0,0]}}
,"C:\\Edgar\\Programacion\\SmartEdify_A\\Proyecto\\smartedify_app\\services\\support\\identity-service\\src\\modules\\auth\\store\\device-code-store.service.ts": {"path":"C:\\Edgar\\Programacion\\SmartEdify_A\\Proyecto\\smartedify_app\\services\\support\\identity-service\\src\\modules\\auth\\store\\device-code-store.service.ts","statementMap":{"0":{"start":{"line":1,"column":0},"end":{"line":1,"column":44}},"1":{"start":{"line":3,"column":0},"end":{"line":3,"column":null}},"2":{"start":{"line":4,"column":2},"end":{"line":4,"column":null}},"3":{"start":{"line":5,"column":2},"end":{"line":5,"column":null}},"4":{"start":{"line":6,"column":2},"end":{"line":6,"column":null}},"5":{"start":{"line":17,"column":7},"end":{"line":62,"column":null}},"6":{"start":{"line":19,"column":18},"end":{"line":19,"column":54}},"7":{"start":{"line":21,"column":26},"end":{"line":21,"column":51}},"8":{"start":{"line":24,"column":4},"end":{"line":24,"column":40}},"9":{"start":{"line":25,"column":4},"end":{"line":25,"column":58}},"10":{"start":{"line":27,"column":4},"end":{"line":30,"column":25}},"11":{"start":{"line":28,"column":6},"end":{"line":28,"column":36}},"12":{"start":{"line":29,"column":6},"end":{"line":29,"column":51}},"13":{"start":{"line":34,"column":4},"end":{"line":34,"column":38}},"14":{"start":{"line":38,"column":23},"end":{"line":38,"column":55}},"15":{"start":{"line":39,"column":4},"end":{"line":41,"column":5}},"16":{"start":{"line":40,"column":6},"end":{"line":40,"column":23}},"17":{"start":{"line":42,"column":4},"end":{"line":42,"column":38}},"18":{"start":{"line":50,"column":23},"end":{"line":50,"column":55}},"19":{"start":{"line":51,"column":4},"end":{"line":53,"column":5}},"20":{"start":{"line":52,"column":6},"end":{"line":52,"column":19}},"21":{"start":{"line":54,"column":20},"end":{"line":54,"column":46}},"22":{"start":{"line":55,"column":4},"end":{"line":57,"column":5}},"23":{"start":{"line":56,"column":6},"end":{"line":56,"column":19}},"24":{"start":{"line":58,"column":4},"end":{"line":58,"column":28}},"25":{"start":{"line":59,"column":4},"end":{"line":59,"column":
[...]
0},"end":{"line":74,"column":18}},"loc":{"start":{"line":76,"column":56},"end":{"line":89,"column":3}}},"6":{"name":"(anonymous_10)","decl":{"start":{"line":91,"column":2},"end":{"line":91,"column":7}},"loc":{"start":{"line":91,"column":52},"end":{"line":120,"column":3}}},"7":{"name":"(anonymous_11)","decl":{"start":{"line":105,"column":46},"end":{"line":105,"column":47}},"loc":{"start":{"line":105,"column":57},"end":{"line":109,"column":8}}},"8":{"name":"(anonymous_12)","decl":{"start":{"line":122,"column":2},"end":{"line":122,"column":7}},"loc":{"start":{"line":125,"column":29},"end":{"line":158,"column":3}}},"9":{"name":"(anonymous_13)","decl":{"start":{"line":160,"column":10},"end":{"line":160,"column":15}},"loc":{"start":{"line":163,"column":54},"end":{"line":224,"column":3}}},"10":{"name":"(anonymous_14)","decl":{"start":{"line":226,"column":2},"end":{"line":226,"column":7}},"loc":{"start":{"line":226,"column":55},"end":{"line":259,"column":3}}},"11":{"name":"(anonymous_15)","decl":{"start":{"line":241,"column":47},"end":{"line":241,"column":48}},"loc":{"start":{"line":241,"column":58},"end":{"line":245,"column":10}}},"12":{"name":"(anonymous_16)","decl":{"start":{"line":261,"column":2},"end":{"line":261,"column":7}},"loc":{"start":{"line":263,"column":29},"end":{"line":317,"column":3}}}},"branchMap":{"0":{"loc":{"start":{"line":61,"column":4},"end":{"line":61,"column":29}},"type":"if","locations":[{"start":{"line":61,"column":4},"end":{"line":61,"column":29}},{"start":{},"end":{}}]},"1":{"loc":{"start":{"line":62,"column":4},"end":{"line":65,"column":5}},"type":"if","locations":[{"start":{"line":62,"column":4},"end":{"line":65,"column":5}},{"start":{},"end":{}}]},"2":{"loc":{"start":{"line":76,"column":4},"end":{"line":76,"column":56}},"type":"default-arg","locations":[{"start":{"line":76,"column":45},"end":{"line":76,"column":56}}]},"3":{"loc":{"start":{"line":78,"column":4},"end":{"line":78,"column":58}},"type":"if","locations":[{"start":{"line":78,"column":4},"end":{"line":78,"column":58}},{"start":{},"end":{}}]},"4":{"loc":{"start":{"line":79,"column":4},"end":{"line":79,"column":63}},"type":"if","locations":[{"start":{"line":79,"column":4},"end":{"line":79,"column":63}},{"start":{},"end":{}}]},"5":{"loc":{"start":{"line":80,"column":4},"end":{"line":83,"column":5}},"type":"if","locations":[{"start":{"line":80,"column":4},"end":{"line":83,"column":5}},{"start":{},"end":{}}]},"6":{"loc":{"start":{"line":81,"column":6},"end":{"line":81,"column":75}},"type":"if","locations":[{"start":{"line":81,"column":6},"end":{"line":81,"column":75}},{"start":{},"end":{}}]},"7":{"loc":{"start":{"line":85,"column":4},"end":{"line":85,"column":70}},"type":"if","locations":[{"start":{"line":85,"column":4},"end":{"line":85,"column":70}},{"start":{},"end":{}}]},"8":{"loc":{"start":{"line":85,"column":8},"end":{"line":85,"column":45}},"type":"binary-expr","locations":[{"start":{"line":85,"column":8},"end":{"line":85,"column":27}},{"start":{"line":85,"column":31},"end":{"line":85,"column":45}}]},"9":{"loc":{"start":{"line":93,"column":4},"end":{"line":93,"column":61}},"type":"if","locations":[{"start":{"line":93,"column":4},"end":{"line":93,"column":61}},{"start":{},"end":{}}]},"10":{"loc":{"start":{"line":116,"column":4},"end":{"line":118,"column":5}},"type":"if","locations":[{"start":{"line":116,"column":4},"end":{"line":118,"column":5}},{"start":{},"end":{}}]},"11":{"loc":{"start":{"line":127,"column":4},"end":{"line":127,"column":78}},"type":"if","locations":[{"start":{"line":127,"column":4},"end":{"line":127,"column":78}},{"start":{},"end":{}}]},"12":{"loc":{"start":{"line":128,"column":4},"end":{"line":129,"column":74}},"type":"if","locations":[{"start":{"line":128,"column":4},"end":{"line":129,"column":74}},{"start":{},"end":{}}]},"13":{"loc":{"start":{"line":132,"column":4},"end":{"line":136,"column":5}},"type":"if","locations":[{"start":{"line":132,"column":4},"end":{"line":136,"column":5}},{"start":{},"end":{}}]},"14":{"loc":{"start":{"line":132,"column":8},"end":{"line":132,"column":65}},"type":"binary-expr","locations":[{"start":{"line":132,"column":8},"end":{"line":132,"column":24}},{"start":{"line":132,"column":28},"end":{"line":132,"column":65}}]},"15":{"loc":{"start":{"line":145,"column":4},"end":{"line":155,"column":5}},"type":"if","locations":[{"start":{"line":145,"column":4},"end":{"line":155,"column":5}},{"start":{},"end":{}}]},"16":{"loc":{"start":{"line":145,"column":8},"end":{"line":145,"column":62}},"type":"binary-expr","locations":[{"start":{"line":145,"column":8},"end":{"line":145,"column":29}},{"start":{"line":145,"column":33},"end":{"line":145,"column":62}}]},"17":{"loc":{"start":{"line":147,"column":6},"end":{"line":147,"column":63}},"type":"if","locations":[{"start":{"line":147,"column":6},"end":{"line":147,"column":63}},{"start":{},"end":{}}]},"18":{"loc":{"start":{"line":167,"column":7},"end":{"line":169,"column":28}},"type":"binary-expr","locations":[{"start":{"line":167,"column":7},"end":{"line":167,"column":52}},{"start":{"line":168,"column":8},"end":{"line":169,"column":28}}]},"19":{"loc":{"start":{"line":171,"column":7},"end":{"line":173,"column":35}},"type":"binary-expr","locations":[{"start":{"line":171,"column":7},"end":{"line":171,"column":59}},{"start":{"line":172,"column":8},"end":{"line":173,"column":35}}]},"20":{"loc":{"start":{"line":175,"column":7},"end":{"line":177,"column":28}},"type":"binary-expr","locations":[{"start":{"line":175,"column":7},"end":{"line":175,"column":42}},{"start":{"line":176,"column":8},"end":{"line":177,"column":28}}]},"21":{"loc":{"start":{"line":179,"column":7},"end":{"line":181,"column":33}},"type":"binary-expr","locations":[{"start":{"line":179,"column":7},"end":{"line":179,"column":47}},{"start":{"line":180,"column":8},"end":{"line":181,"column":33}}]},"22":{"loc":{"start":{"line":195,"column":4},"end":{"line":197,"column":5}},"type":"if","locations":[{"start":{"line":195,"column":4},"end":{"line":197,"column":5}},{"start":{},"end":{}}]},"23":{"loc":{"start":{"line":195,"column":8},"end":{"line":195,"column":62}},"type":"binary-expr","locations":[{"start":{"line":195,"column":8},"end":{"line":195,"column":11}},{"start":{"line":195,"column":15},"end":{"line":195,"column":38}},{"start":{"line":195,"column":42},"end":{"line":195,"column":62}}]},"24":{"loc":{"start":{"line":202,"column":8},"end":{"line":202,"column":66}},"type":"cond-expr","locations":[{"start":{"line":202,"column":23},"end":{"line":202,"column":48}},{"start":{"line":202,"column":51},"end":{"line":202,"column":66}}]},"25":{"loc":{"start":{"line":205,"column":8},"end":{"line":207,"column":27}},"type":"cond-expr","locations":[{"start":{"line":206,"column":12},"end":{"line":206,"column":44}},{"start":{"line":207,"column":12},"end":{"line":207,"column":27}}]},"26":{"loc":{"start":{"line":209,"column":18},"end":{"line":209,"column":30}},"type":"binary-expr","locations":[{"start":{"line":209,"column":18},"end":{"line":209,"column":25}},{"start":{"line":209,"column":29},"end":{"line":209,"column":30}}]},"27":{"loc":{"start":{"line":213,"column":8},"end":{"line":215,"column":21}},"type":"cond-expr","locations":[{"start":{"line":214,"column":12},"end":{"line":214,"column":56}},{"start":{"line":215,"column":12},"end":{"line":215,"column":21}}]},"28":{"loc":{"start":{"line":213,"column":8},"end":{"line":213,"column":44}},"type":"binary-expr","locations":[{"start":{"line":213,"column":8},"end":{"line":213,"column":14}},{"start":{"line":213,"column":18},"end":{"line":213,"column":44}}]},"29":{"loc":{"start":{"line":218,"column":8},"end":{"line":218,"column":77}},"type":"binary-expr","locations":[{"start":{"line":218,"column":8},"end":{"line":218,"column":18}},{"start":{"line":218,"column":23},"end":{"line":218,"column":77}}]},"30":{"loc":{"start":{"line":220,"column":20},"end":{"line":220,"column":70}},"type":"cond-expr","locations":[{"start":{"line":220,"column":41},"end":{"line":220,"column":52}},{"start":{"line":220,"column":55},"end":{"line":220,"column":70}}]},"31":{"loc":{"start":{"line":235,"column":4},"end":{"line":247,"column":5}},"type":"if","locations":[{"start":{"line":235,"column":4},"end":{"line":247,"column":5}},{"start":{},"end":{}}]},"32":{"loc":{"start":{"line":237,"column":6},"end":{"line":246,"column":7}},"type":"if","locations":[{"start":{"line":237,"column":6},"end":{"line":246,"column":7}},{"start":{},"end":{}}]},"33":{"loc":{"start":{"line":255,"column":4},"end":{"line":257,"column":5}},"type":"if","locations":[{"start":{"line":255,"column":4},"end":{"line":257,"column":5}},{"start":{},"end":{}}]},"34":{"loc":{"start":{"line":255,"column":8},"end":{"line":255,"column":33}},"type":"binary-expr","locations":[{"start":{"line":255,"column":8},"end":{"line":255,"column":12}},{"start":{"line":255,"column":16},"end":{"line":255,"column":33}}]},"35":{"loc":{"start":{"line":265,"column":4},"end":{"line":266,"column":76}},"type":"if","locations":[{"start":{"line":265,"column":4},"end":{"line":266,"column":76}},{"start":{},"end":{}}]},"36":{"loc":{"start":{"line":269,"column":7},"end":{"line":271,"column":20}},"type":"binary-expr","locations":[{"start":{"line":269,"column":7},"end":{"line":269,"column":67}},{"start":{"line":270,"column":6},"end":{"line":270,"column":17}},{"start":{"line":271,"column":6},"end":{"line":271,"column":20}}]},"37":{"loc":{"start":{"line":272,"column":4},"end":{"line":273,"column":65}},"type":"if","locations":[{"start":{"line":272,"column":4},"end":{"line":273,"column":65}},{"start":{},"end":{}}]},"38":{"loc":{"start":{"line":283,"column":4},"end":{"line":283,"column":73}},"type":"if","locations":[{"start":{"line":283,"column":4},"end":{"line":283,"column":73}},{"start":{},"end":{}}]},"39":{"loc":{"start":{"line":289,"column":4},"end":{"line":293,"column":5}},"type":"if","locations":[{"start":{"line":289,"column":4},"end":{"line":293,"column":5}},{"start":{},"end":{}}]},"40":{"loc":{"start":{"line":289,"column":8},"end":{"line":289,"column":65}},"type":"binary-expr","locations":[{"start":{"line":289,"column":8},"end":{"line":289,"column":24}},{"start":{"line":289,"column":28},"end":{"line":289,"column":65}}]},"41":{"loc":{"start":{"line":309,"column":4},"end":{"line":314,"column":5}},"type":"if","locations":[{"start":{"line":309,"column":4},"end":{"line":314,"column":5}},{"start":{},"end":{}}]},"42":{"loc":{"start":{"line":36,"column":32},"end":{"line":36,"column":null}},"type":"cond-expr","locations":[{"start":{"line":36,"column":41},"end":{"line":36,"column":null}},{"start":{"line":36,"column":41},"end":{"line":36,"column":null}}]},"43":{"loc":{"start":{"line":36,"column":32},"end":{"line":36,"column":41}},"type":"binary-expr","locations":[{"start":{"line":36,"column":32},"end":{"line":36,"column":null}},{"start":{"line":36,"column":32},"end":{"line":36,"column":41}}]},"44":{"loc":{"start":{"line":36,"column":41},"end":{"line":37,"column":null}},"type":"cond-expr","locations":[{"start":{"line":37,"column":47},"end":{"line":37,"column":null}},{"start":{"line":37,"column":47},"end":{"line":37,"column":null}}]},"45":{"loc":{"start":{"line":36,"column":41},"end":{"line":37,"column":47}},"type":"binary-expr","locations":[{"start":{"line":36,"column":41},"end":{"line":37,"column":null}},{"start":{"line":37,"column":35},"end":{"line":37,"column":47}}]},"46":{"loc":{"start":{"line":37,"column":47},"end":{"line":39,"column":72}},"type":"cond-expr","locations":[{"start":{"line":39,"column":52},"end":{"line":39,"column":72}},{"start":{"line":39,"column":52},"end":{"line":39,"column":72}}]},"47":{"loc":{"start":{"line":37,"column":47},"end":{"line":39,"column":52}},"type":"binary-expr","locations":[{"start":{"line":37,"column":47},"end":{"line":39,"column":72}},{"start":{"line":39,"column":42},"end":{"line":39,"column":52}}]}},"s":{"0":1,"1":1,"2":1,"3":1,"4":1,"5":1,"6":1,"7":1,"8":4,"9":4,"10":4,"11":4,"12":4,"13":0,"14":0,"15":0,"16":0,"17":0,"18":0,"19":0,"20":0,"21":0,"22":0,"23":0,"24":0,"25":0,"26":4,"27":4,"28":0,"29":0,"30":0,"31":0,"32":0,"33":0,"34":0,"35":0,"36":0,"37":0,"38":0,"39":0,"40":0,"41":0,"42":0,"43":0,"44":0,"45":0,"46":0,"47":0,"48":0,"49":0,"50":0,"51":0,"52":0,"53":0,"54":0,"55":0,"56":0,"57":0,"58":0,"59":0,"60":0,"61":2,"62":2,"63":2,"64":2,"65":2,"66":2,"67":2,"68":2,"69":1,"70":2,"71":2,"72":0,"73":0,"74":0,"75":0,"76":0,"77":0,"78":0,"79":0,"80":0,"81":0,"82":0,"83":0,"84":0,"85":0,"86":0,"87":0,"88":0,"89":0,"90":0,"91":0,"92":0,"93":0,"94":0,"95":0,"96":0,"97":0,"98":0,"99":0,"100":0,"101":1,"102":1},"f":{"0":4,"1":0,"2":0,"3":0,"4":0,"5":4,"6":0,"7":0,"8":0,"9":2,"10":0,"11":0,"12":0},"b":{"0":[0,0],"1":[0,0],"2":[4],"3":[4,0],"4":[0,0],"5":[0,0],"6":[0,0],"7":[0,0],"8":[0,0],"9":[0,0],"10":[0,0],"11":[0,0],"12":[0,0],"13":[0,0],"14":[0,0],"15":[0,0],"16":[0,0],"17":[0,0],"18":[2,2],"19":[2,2],"20":[2,2],"21":[2,2],"22":[1,1],"23":[2,1,1],"24":[2,0],"25":[2,0],"26":[2,0],"27":[1,1],"28":[2,1],"29":[2,0],"30":[1,1],"31":[0,0],"32":[0,0],"33":[0,0],"34":[0,0],"35":[0,0],"36":[0,0,0],"37":[0,0],"38":[0,0],"39":[0,0],"40":[0,0],"41":[0,0],"42":[1,0],"43":[1,1],"44":[1,0],"45":[1,1],"46":[1,0],"47":[1,1]}}
,"C:\\Edgar\\Programacion\\SmartEdify_A\\Proyecto\\smartedify_app\\services\\support\\identity-service\\src\\modules\\webauthn\\entities\\webauthn-credential.entity.ts": {"path":"C:\\Edgar\\Programacion\\SmartEdify_A\\Proyecto\\smartedify_app\\services\\support\\identity-service\\src\\modules\\webauthn\\entities\\webauthn-credential.entity.ts","statementMap":{"0":{"start":{"line":1,"column":0},"end":{"line":1,"column":null}},"1":{"start":{"line":10,"column":0},"end":{"line":10,"column":56}},"2":{"start":{"line":14,"column":7},"end":{"line":60,"column":null}},"3":{"start":{"line":14,"column":13},"end":{"line":14,"column":31}},"4":{"start":{"line":16,"column":2},"end":{"line":16,"column":null}},"5":{"start":{"line":20,"column":2},"end":{"line":20,"column":null}},"6":{"start":{"line":18,"column":19},"end":{"line":18,"column":23}},"7":{"start":{"line":23,"column":2},"end":{"line":23,"column":null}},"8":{"start":{"line":26,"column":2},"end":{"line":26,"column":null}},"9":{"start":{"line":29,"column":2},"end":{"line":29,"column":null}},"10":{"start":{"line":32,"column":2},"end":{"line":32,"column":null}},"11":{"start":{"line":35,"column":2},"end":{"line":35,"column":null}},"12":{"start":{"line":38,"column":2},"end":{"line":38,"column":null}},"13":{"start":{"line":41,"column":2},"end":{"line":41,"column":null}},"14":{"start":{"line":44,"column":2},"end":{"line":44,"column":null}},"15":{"start":{"line":47,"column":2},"end":{"line":47,"column":null}},"16":{"start":{"line":50,"column":2},"end":{"line":50,"column":null}},"17":{"start":{"line":53,"column":2},"end":{"line":53,"column":null}},"18":{"start":{"line":56,"column":2},"end":{"line":56,"column":null}},"19":{"start":{"line":59,"column":2},"end":{"line":59,"column":null}},"20":{"start":{"line":14,"column":13},"end":{"line":60,"column":null}}},"fnMap":{"0":{"name":"(anonymous_2)","decl":{"start":{"line":18,"column":13},"end":{"line":18,"column":16}},"loc":{"start":{"line":18,"column":19},"end":{"line":18,"column":23}}}},"branchMap":{"0":{"loc":{"start":{"line":20,"column":8},"end":{"line":20,"column":13}},"type":"cond-expr","locations":[{"start":{"line":20,"column":12},"end":{"line":20,"column":13}},{"start":{"line":20,"column":12},"end":{"line":20,"column":13}}]},"1":{"loc":{"start":{"line":20,"column":8},"end":{"line":20,"column":12}},"type":"binary-expr","locations":[{"start":{"line":20,"column":8},"end":{"line":20,"column":13}},{"start":{"line":20,"column":8},"end":{"line":20,"column":12}}]},"2":{"loc":{"start":{"line":23,"column":17},"end":{"line":23,"column":24}},"type":"cond-expr","locations":[{"start":{"line":23,"column":23},"end":{"line":23,"column":24}},{"start":{"line":23,"column":23},"end":{"line":23,"column":24}}]},"3":{"loc":{"start":{"line":23,"column":17},"end":{"line":23,"column":23}},"type":"binary-expr","locations":[{"start":{"line":23,"column":17},"end":{"line":23,"column":24}},{"start":{"line":23,"column":17},"end":{"line":23,"column":23}}]},"4":{"loc":{"start":{"line":26,"column":14},"end":{"line":26,"column":21}},"type":"cond-expr","locations":[{"start":{"line":26,"column":20},"end":{"line":26,"column":21}},{"start":{"line":26,"column":20},"end":{"line":26,"column":21}}]},"5":{"loc":{"start":{"line":26,"column":14},"end":{"line":26,"column":20}},"type":"binary-expr","locations":[{"start":{"line":26,"column":14},"end":{"line":26,"column":21}},{"start":{"line":26,"column":14},"end":{"line":26,"column":20}}]},"6":{"loc":{"start":{"line":38,"column":10},"end":{"line":38,"column":17}},"type":"cond-expr","locations":[{"start":{"line":38,"column":16},"end":{"line":38,"column":17}},{"start":{"line":38,"column":16},"end":{"line":38,"column":17}}]},"7":{"loc":{"start":{"line":38,"column":10},"end":{"line":38,"column":16}},"type":"binary-expr","locations":[{"start":{"line":38,"column":10},"end":{"line":38,"column":17}},{"start":{"line":38,"column":10},"end":{"line":38,"column":16}}]},"8":{"loc":{"start":{"line":56,"column":16},"end":{"line":56,"column":21}},"type":"cond-expr","locations":[{"start":{"line":56,"column":20},"end":{"line":56,"column":21}},{"start":{"line":56,"column":20},"end":{"line":56,"column":21}}]},"9":{"loc":{"start":{"line":56,"column":16},"end":{"line":56,"column":20}},"type":"binary-expr","locations":[{"start":{"line":56,"column":16},"end":{"line":56,"column":21}},{"start":{"line":56,"column":16},"end":{"line":56,"column":20}}]},"10":{"loc":{"start":{"line":59,"column":14},"end":{"line":59,"column":19}},"type":"cond-expr","locations":[{"start":{"line":59,"column":18},"end":{"line":59,"column":19}},{"start":{"line":59,"column":18},"end":{"line":59,"column":19}}]},"11":{"loc":{"start":{"line":59,"column":14},"end":{"line":59,"column":18}},"type":"binary-expr","locations":[{"start":{"line":59,"column":14},"end":{"line":59,"column":19}},{"start":{"line":59,"column":14},"end":{"line":59,"column":18}}]}},"s":{"0":1,"1":1,"2":1,"3":1,"4":1,"5":1,"6":0,"7":1,"8":1,"9":1,"10":1,"11":1,"12":1,"13":1,"14":1,"15":1,"16":1,"17":1,"18":1,"19":1,"20":1},"f":{"0":0},"b":{"0":[1,0],"1":[1,1],"2":[1,0],"3":[1,1],"4":[1,0],"5":[1,1],"6":[1,0],"7":[1,1],"8":[1,0],"9":[1,1],"10":[1,0],"11":[1,1]}}
,"C:\\Edgar\\Programacion\\SmartEdify_A\\Proyecto\\smartedify_app\\services\\support\\identity-service\\src\\modules\\webauthn\\store\\challenge-store.service.ts": {"path":"C:\\Edgar\\Programacion\\SmartEdify_A\\Proyecto\\smartedify_app\\services\\support\\identity-service\\src\\modules\\webauthn\\store\\challenge-store.service.ts","statementMap":{"0":{"start":{"line":1,"column":0},"end":{"line":1,"column":44}},"1":{"start":{"line":4,"column":7},"end":{"line":19,"column":null}},"2":{"start":{"line":5,"column":18},"end":{"line":5,"column":43}},"3":{"start":{"line":8,"column":4},"end":{"line":8,"column":35}},"4":{"start":{"line":10,"column":4},"end":{"line":10,"column":60}},"5":{"start":{"line":10,"column":21},"end":{"line":10,"column":43}},"6":{"start":{"line":14,"column":22},"end":{"line":14,"column":41}},"7":{"start":{"line":16,"column":4},"end":{"line":16,"column":27}},"8":{"start":{"line":17,"column":4},"end":{"line":17,"column":21}},"9":{"start":{"line":4,"column":13},"end":{"line":4,"column":34}},"10":{"start":{"line":4,"column":13},"end":{"line":19,"column":null}}},"fnMap":{"0":{"name":"(anonymous_1)","decl":{"start":{"line":7,"column":2},"end":{"line":7,"column":5}},"loc":{"start":{"line":7,"column":36},"end":{"line":11,"column":3}}},"1":{"name":"(anonymous_2)","decl":{"start":{"line":10,"column":15},"end":{"line":10,"column":18}},"loc":{"start":{"line":10,"column":21},"end":{"line":10,"column":43}}},"2":{"name":"(anonymous_3)","decl":{"start":{"line":13,"column":2},"end":{"line":13,"column":5}},"loc":{"start":{"line":13,"column":17},"end":{"line":18,"column":3}}}},"branchMap":{},"s":{"0":0,"1":0,"2":0,"3":0,"4":0,"5":0,"6":0,"7":0,"8":0,"9":0,"10":0},"f":{"0":0,"1":0,"2":0},"b":{}}
}
