{"C:\\Edgar\\Programacion\\SmartEdify_A\\Proyecto\\smartedify_app\\services\\support\\identity-service\\src\\app.controller.ts": {"path":"C:\\Edgar\\Programacion\\SmartEdify_A\\Proyecto\\smartedify_app\\services\\support\\identity-service\\src\\app.controller.ts","statementMap":{"0":{"start":{"line":1,"column":0},"end":{"line":1,"column":49}},"1":{"start":{"line":2,"column":0},"end":{"line":2,"column":43}},"2":{"start":{"line":5,"column":7},"end":{"line":12,"column":null}},"3":{"start":{"line":6,"column":31},"end":{"line":6,"column":43}},"4":{"start":{"line":10,"column":4},"end":{"line":10,"column":38}},"5":{"start":{"line":5,"column":13},"end":{"line":5,"column":26}},"6":{"start":{"line":9,"column":2},"end":{"line":11,"column":null}},"7":{"start":{"line":5,"column":13},"end":{"line":12,"column":null}}},"fnMap":{"0":{"name":"(anonymous_2)","decl":{"start":{"line":6,"column":2},"end":{"line":6,"column":31}},"loc":{"start":{"line":6,"column":53},"end":{"line":6,"column":57}}},"1":{"name":"(anonymous_3)","decl":{"start":{"line":9,"column":2},"end":{"line":9,"column":10}},"loc":{"start":{"line":9,"column":10},"end":{"line":11,"column":3}}}},"branchMap":{"0":{"loc":{"start":{"line":6,"column":43},"end":{"line":6,"column":56}},"type":"cond-expr","locations":[{"start":{"line":6,"column":53},"end":{"line":6,"column":56}},{"start":{"line":6,"column":53},"end":{"line":6,"column":56}}]},"1":{"loc":{"start":{"line":6,"column":43},"end":{"line":6,"column":53}},"type":"binary-expr","locations":[{"start":{"line":6,"column":43},"end":{"line":6,"column":56}},{"start":{"line":6,"column":43},"end":{"line":6,"column":53}}]}},"s":{"0":1,"1":1,"2":1,"3":1,"4":1,"5":1,"6":1,"7":1},"f":{"0":1,"1":1},"b":{"0":[1,0],"1":[1,1]}}
,"C:\\Edgar\\Programacion\\SmartEdify_A\\Proyecto\\smartedify_app\\services\\support\\identity-service\\src\\app.module.ts": {"path":"C:\\Edgar\\Programacion\\SmartEdify_A\\Proyecto\\smartedify_app\\services\\support\\identity-service\\src\\app.module.ts","statementMap":{"0":{"start":{"line":1,"column":0},"end":{"line":1,"column":40}},"1":{"start":{"line":2,"column":0},"end":{"line":2,"column":48}},"2":{"start":{"line":3,"column":0},"end":{"line":3,"column":49}},"3":{"start":{"line":4,"column":0},"end":{"line":4,"column":43}},"4":{"start":{"line":5,"column":0},"end":{"line":5,"column":56}},"5":{"start":{"line":6,"column":0},"end":{"line":6,"column":50}},"6":{"start":{"line":7,"column":0},"end":{"line":7,"column":61}},"7":{"start":{"line":8,"column":0},"end":{"line":8,"column":59}},"8":{"start":{"line":9,"column":0},"end":{"line":9,"column":68}},"9":{"start":{"line":10,"column":0},"end":{"line":10,"column":62}},"10":{"start":{"line":11,"column":0},"end":{"line":11,"column":68}},"11":{"start":{"line":12,"column":0},"end":{"line":12,"column":56}},"12":{"start":{"line":13,"column":0},"end":{"line":13,"column":83}},"13":{"start":{"line":14,"column":0},"end":{"line":14,"column":74}},"14":{"start":{"line":15,"column":0},"end":{"line":15,"column":65}},"15":{"start":{"line":16,"column":0},"end":{"line":16,"column":53}},"16":{"start":{"line":17,"column":0},"end":{"line":17,"column":85}},"17":{"start":{"line":38,"column":7},"end":{"line":38,"column":null}},"18":{"start":{"line":38,"column":13},"end":{"line":38,"column":22}},"19":{"start":{"line":38,"column":13},"end":{"line":38,"column":null}}},"fnMap":{},"branchMap":{},"s":{"0":0,"1":0,"2":0,"3":0,"4":0,"5":0,"6":0,"7":0,"8":0,"9":0,"10":0,"11":0,"12":0,"13":0,"14":0,"15":0,"16":0,"17":0,"18":0,"19":0},"f":{},"b":{}}
,"C:\\Edgar\\Programacion\\SmartEdify_A\\Proyecto\\smartedify_app\\services\\support\\identity-service\\src\\app.service.ts": {"path":"C:\\Edgar\\Programacion\\SmartEdify_A\\Proyecto\\smartedify_app\\services\\support\\identity-service\\src\\app.service.ts","statementMap":{"0":{"start":{"line":1,"column":0},"end":{"line":1,"column":44}},"1":{"start":{"line":4,"column":7},"end":{"line":8,"column":null}},"2":{"start":{"line":6,"column":4},"end":{"line":6,"column":26}},"3":{"start":{"line":4,"column":13},"end":{"line":4,"column":23}},"4":{"start":{"line":4,"column":13},"end":{"line":8,"column":null}}},"fnMap":{"0":{"name":"(anonymous_1)","decl":{"start":{"line":5,"column":2},"end":{"line":5,"column":10}},"loc":{"start":{"line":5,"column":10},"end":{"line":7,"column":3}}}},"branchMap":{},"s":{"0":1,"1":1,"2":1,"3":1,"4":1},"f":{"0":1},"b":{}}
,"C:\\Edgar\\Programacion\\SmartEdify_A\\Proyecto\\smartedify_app\\services\\support\\identity-service\\src\\main.ts": {"path":"C:\\Edgar\\Programacion\\SmartEdify_A\\Proyecto\\smartedify_app\\services\\support\\identity-service\\src\\main.ts","statementMap":{"0":{"start":{"line":1,"column":0},"end":{"line":1,"column":43}},"1":{"start":{"line":2,"column":0},"end":{"line":2,"column":41}},"2":{"start":{"line":5,"column":14},"end":{"line":5,"column":49}},"3":{"start":{"line":6,"column":2},"end":{"line":6,"column":45}},"4":{"start":{"line":8,"column":0},"end":{"line":8,"column":12}}},"fnMap":{"0":{"name":"bootstrap","decl":{"start":{"line":4,"column":15},"end":{"line":4,"column":24}},"loc":{"start":{"line":4,"column":24},"end":{"line":7,"column":1}}}},"branchMap":{"0":{"loc":{"start":{"line":6,"column":19},"end":{"line":6,"column":43}},"type":"binary-expr","locations":[{"start":{"line":6,"column":19},"end":{"line":6,"column":35}},{"start":{"line":6,"column":39},"end":{"line":6,"column":43}}]}},"s":{"0":0,"1":0,"2":0,"3":0,"4":0},"f":{"0":0},"b":{"0":[0,0]}}
,"C:\\Edgar\\Programacion\\SmartEdify_A\\Proyecto\\smartedify_app\\services\\support\\identity-service\\src\\config\\database.config.ts": {"path":"C:\\Edgar\\Programacion\\SmartEdify_A\\Proyecto\\smartedify_app\\services\\support\\identity-service\\src\\config\\database.config.ts","statementMap":{"0":{"start":{"line":2,"column":0},"end":{"line":2,"column":61}},"1":{"start":{"line":3,"column":0},"end":{"line":3,"column":93}},"2":{"start":{"line":4,"column":0},"end":{"line":4,"column":79}},"3":{"start":{"line":5,"column":0},"end":{"line":5,"column":70}},"4":{"start":{"line":6,"column":0},"end":{"line":6,"column":78}},"5":{"start":{"line":7,"column":0},"end":{"line":7,"column":87}},"6":{"start":{"line":8,"column":0},"end":{"line":8,"column":73}},"7":{"start":{"line":10,"column":33},"end":{"line":34,"column":1}},"8":{"start":{"line":11,"column":39},"end":{"line":31,"column":4}},"9":{"start":{"line":33,"column":2},"end":{"line":33,"column":16}},"10":{"start":{"line":10,"column":13},"end":{"line":10,"column":33}},"11":{"start":{"line":37,"column":43},"end":{"line":39,"column":2}},"12":{"start":{"line":37,"column":72},"end":{"line":39,"column":2}},"13":{"start":{"line":37,"column":13},"end":{"line":37,"column":43}},"14":{"start":{"line":41,"column":37},"end":{"line":46,"column":2}},"15":{"start":{"line":41,"column":66},"end":{"line":46,"column":2}},"16":{"start":{"line":41,"column":13},"end":{"line":41,"column":37}}},"fnMap":{"0":{"name":"(anonymous_0)","decl":{"start":{"line":10,"column":33},"end":{"line":10,"column":34}},"loc":{"start":{"line":10,"column":74},"end":{"line":34,"column":1}}},"1":{"name":"(anonymous_1)","decl":{"start":{"line":37,"column":43},"end":{"line":37,"column":68}},"loc":{"start":{"line":37,"column":72},"end":{"line":39,"column":2}}},"2":{"name":"(anonymous_2)","decl":{"start":{"line":41,"column":37},"end":{"line":41,"column":62}},"loc":{"start":{"line":41,"column":66},"end":{"line":46,"column":2}}}},"branchMap":{"0":{"loc":{"start":{"line":10,"column":34},"end":{"line":10,"column":48}},"type":"default-arg","locations":[{"start":{"line":10,"column":43},"end":{"line":10,"column":48}}]},"1":{"loc":{"start":{"line":13,"column":10},"end":{"line":13,"column":44}},"type":"binary-expr","locations":[{"start":{"line":13,"column":10},"end":{"line":13,"column":29}},{"start":{"line":13,"column":33},"end":{"line":13,"column":44}}]},"2":{"loc":{"start":{"line":14,"column":19},"end":{"line":14,"column":68}},"type":"binary-expr","locations":[{"start":{"line":14,"column":19},"end":{"line":14,"column":38}},{"start":{"line":14,"column":43},"end":{"line":14,"column":67}}]},"3":{"loc":{"start":{"line":14,"column":43},"end":{"line":14,"column":67}},"type":"cond-expr","locations":[{"start":{"line":14,"column":52},"end":{"line":14,"column":58}},{"start":{"line":14,"column":61},"end":{"line":14,"column":67}}]},"4":{"loc":{"start":{"line":15,"column":14},"end":{"line":15,"column":47}},"type":"binary-expr","locations":[{"start":{"line":15,"column":14},"end":{"line":15,"column":37}},{"start":{"line":15,"column":41},"end":{"line":15,"column":47}}]},"5":{"loc":{"start":{"line":16,"column":14},"end":{"line":16,"column":51}},"type":"binary-expr","locations":[{"start":{"line":16,"column":14},"end":{"line":16,"column":37}},{"start":{"line":16,"column":41},"end":{"line":16,"column":51}}]},"6":{"loc":{"start":{"line":17,"column":14},"end":{"line":19,"column":50}},"type":"cond-expr","locations":[{"start":{"line":18,"column":9},"end":{"line":18,"column":54}},{"start":{"line":19,"column":9},"end":{"line":19,"column":49}}]},"7":{"loc":{"start":{"line":18,"column":9},"end":{"line":18,"column":54}},"type":"binary-expr","locations":[{"start":{"line":18,"column":9},"end":{"line":18,"column":37}},{"start":{"line":18,"column":41},"end":{"line":18,"column":54}}]},"8":{"loc":{"start":{"line":19,"column":9},"end":{"line":19,"column":49}},"type":"binary-expr","locations":[{"start":{"line":19,"column":9},"end":{"line":19,"column":32}},{"start":{"line":19,"column":36},"end":{"line":19,"column":49}}]},"9":{"loc":{"start":{"line":30,"column":13},"end":{"line":30,"column":92}},"type":"cond-expr","locations":[{"start":{"line":30,"column":54},"end":{"line":30,"column":80}},{"start":{"line":30,"column":83},"end":{"line":30,"column":92}}]}},"s":{"0":0,"1":0,"2":0,"3":0,"4":0,"5":0,"6":0,"7":0,"8":0,"9":0,"10":0,"11":0,"12":0,"13":0,"14":0,"15":0,"16":0},"f":{"0":0,"1":0,"2":0},"b":{"0":[0],"1":[0,0],"2":[0,0],"3":[0,0],"4":[0,0],"5":[0,0],"6":[0,0],"7":[0,0],"8":[0,0],"9":[0,0]}}
,"C:\\Edgar\\Programacion\\SmartEdify_A\\Proyecto\\smartedify_app\\services\\support\\identity-service\\src\\config\\typeorm.config.ts": {"path":"C:\\Edgar\\Programacion\\SmartEdify_A\\Proyecto\\smartedify_app\\services\\support\\identity-service\\src\\config\\typeorm.config.ts","statementMap":{"0":{"start":{"line":1,"column":0},"end":{"line":1,"column":37}},"1":{"start":{"line":2,"column":0},"end":{"line":2,"column":54}},"2":{"start":{"line":6,"column":0},"end":{"line":6,"column":63}}},"fnMap":{},"branchMap":{},"s":{"0":0,"1":0,"2":0},"f":{},"b":{}}
,"C:\\Edgar\\Programacion\\SmartEdify_A\\Proyecto\\smartedify_app\\services\\support\\identity-service\\src\\entities\\consent-audit.entity.ts": {"path":"C:\\Edgar\\Programacion\\SmartEdify_A\\Proyecto\\smartedify_app\\services\\support\\identity-service\\src\\entities\\consent-audit.entity.ts","statementMap":{"0":{"start":{"line":1,"column":0},"end":{"line":1,"column":88}},"1":{"start":{"line":2,"column":0},"end":{"line":2,"column":37}},"2":{"start":{"line":5,"column":7},"end":{"line":39,"column":null}},"3":{"start":{"line":5,"column":13},"end":{"line":5,"column":25}},"4":{"start":{"line":7,"column":2},"end":{"line":7,"column":null}},"5":{"start":{"line":11,"column":2},"end":{"line":11,"column":null}},"6":{"start":{"line":9,"column":19},"end":{"line":9,"column":23}},"7":{"start":{"line":14,"column":2},"end":{"line":14,"column":null}},"8":{"start":{"line":17,"column":2},"end":{"line":17,"column":null}},"9":{"start":{"line":20,"column":2},"end":{"line":20,"column":null}},"10":{"start":{"line":19,"column":48},"end":{"line":19,"column":67}},"11":{"start":{"line":23,"column":2},"end":{"line":23,"column":null}},"12":{"start":{"line":26,"column":2},"end":{"line":26,"column":null}},"13":{"start":{"line":29,"column":2},"end":{"line":29,"column":null}},"14":{"start":{"line":32,"column":2},"end":{"line":32,"column":null}},"15":{"start":{"line":35,"column":2},"end":{"line":35,"column":null}},"16":{"start":{"line":38,"column":2},"end":{"line":38,"column":null}},"17":{"start":{"line":5,"column":13},"end":{"line":39,"column":null}}},"fnMap":{"0":{"name":"(anonymous_2)","decl":{"start":{"line":9,"column":13},"end":{"line":9,"column":16}},"loc":{"start":{"line":9,"column":19},"end":{"line":9,"column":23}}},"1":{"name":"(anonymous_3)","decl":{"start":{"line":19,"column":42},"end":{"line":19,"column":45}},"loc":{"start":{"line":19,"column":48},"end":{"line":19,"column":67}}}},"branchMap":{"0":{"loc":{"start":{"line":11,"column":8},"end":{"line":11,"column":13}},"type":"cond-expr","locations":[{"start":{"line":11,"column":12},"end":{"line":11,"column":13}},{"start":{"line":11,"column":12},"end":{"line":11,"column":13}}]},"1":{"loc":{"start":{"line":11,"column":8},"end":{"line":11,"column":12}},"type":"binary-expr","locations":[{"start":{"line":11,"column":8},"end":{"line":11,"column":13}},{"start":{"line":11,"column":8},"end":{"line":11,"column":12}}]},"2":{"loc":{"start":{"line":20,"column":14},"end":{"line":20,"column":19}},"type":"cond-expr","locations":[{"start":{"line":20,"column":18},"end":{"line":20,"column":19}},{"start":{"line":20,"column":18},"end":{"line":20,"column":19}}]},"3":{"loc":{"start":{"line":20,"column":14},"end":{"line":20,"column":18}},"type":"binary-expr","locations":[{"start":{"line":20,"column":14},"end":{"line":20,"column":19}},{"start":{"line":20,"column":14},"end":{"line":20,"column":18}}]}},"s":{"0":0,"1":0,"2":0,"3":0,"4":0,"5":0,"6":0,"7":0,"8":0,"9":0,"10":0,"11":0,"12":0,"13":0,"14":0,"15":0,"16":0,"17":0},"f":{"0":0,"1":0},"b":{"0":[0,0],"1":[0,0],"2":[0,0],"3":[0,0]}}
,"C:\\Edgar\\Programacion\\SmartEdify_A\\Proyecto\\smartedify_app\\services\\support\\identity-service\\src\\entities\\refresh-token.entity.ts": {"path":"C:\\Edgar\\Programacion\\SmartEdify_A\\Proyecto\\smartedify_app\\services\\support\\identity-service\\src\\entities\\refresh-token.entity.ts","statementMap":{"0":{"start":{"line":1,"column":0},"end":{"line":1,"column":106}},"1":{"start":{"line":2,"column":0},"end":{"line":2,"column":37}},"2":{"start":{"line":5,"column":7},"end":{"line":62,"column":null}},"3":{"start":{"line":5,"column":13},"end":{"line":5,"column":25}},"4":{"start":{"line":7,"column":2},"end":{"line":7,"column":null}},"5":{"start":{"line":10,"column":2},"end":{"line":10,"column":null}},"6":{"start":{"line":14,"column":2},"end":{"line":14,"column":null}},"7":{"start":{"line":12,"column":19},"end":{"line":12,"column":23}},"8":{"start":{"line":17,"column":2},"end":{"line":17,"column":null}},"9":{"start":{"line":20,"column":2},"end":{"line":20,"column":null}},"10":{"start":{"line":24,"column":2},"end":{"line":24,"column":null}},"11":{"start":{"line":22,"column":19},"end":{"line":22,"column":31}},"12":{"start":{"line":28,"column":2},"end":{"line":28,"column":null}},"13":{"start":{"line":26,"column":19},"end":{"line":26,"column":31}},"14":{"start":{"line":31,"column":2},"end":{"line":31,"column":null}},"15":{"start":{"line":34,"column":2},"end":{"line":34,"column":null}},"16":{"start":{"line":37,"column":2},"end":{"line":37,"column":null}},"17":{"start":{"line":40,"column":2},"end":{"line":40,"column":null}},"18":{"start":{"line":43,"column":2},"end":{"line":43,"column":null}},"19":{"start":{"line":46,"column":2},"end":{"line":46,"column":null}},"20":{"start":{"line":49,"column":2},"end":{"line":49,"column":null}},"21":{"start":{"line":52,"column":2},"end":{"line":52,"column":null}},"22":{"start":{"line":55,"column":2},"end":{"line":55,"column":null}},"23":{"start":{"line":58,"column":2},"end":{"line":58,"column":null}},"24":{"start":{"line":61,"column":2},"end":{"line":61,"column":null}},"25":{"start":{"line":5,"column":13},"end":{"line":62,"column":null}}},"fnMap":{"0":{"name":"(anonymous_2)","decl":{"start":{"line":12,"column":13},"end":{"line":12,"column":16}},"loc":{"start":{"line":12,"column":19},"end":{"line":12,"column":23}}},"1":{"name":"(anonymous_3)","decl":{"start":{"line":22,"column":13},"end":{"line":22,"column":16}},"loc":{"start":{"line":22,"column":19},"end":{"line":22,"column":31}}},"2":{"name":"(anonymous_4)","decl":{"start":{"line":26,"column":13},"end":{"line":26,"column":16}},"loc":{"start":{"line":26,"column":19},"end":{"line":26,"column":31}}}},"branchMap":{"0":{"loc":{"start":{"line":14,"column":8},"end":{"line":14,"column":13}},"type":"cond-expr","locations":[{"start":{"line":14,"column":12},"end":{"line":14,"column":13}},{"start":{"line":14,"column":12},"end":{"line":14,"column":13}}]},"1":{"loc":{"start":{"line":14,"column":8},"end":{"line":14,"column":12}},"type":"binary-expr","locations":[{"start":{"line":14,"column":8},"end":{"line":14,"column":13}},{"start":{"line":14,"column":8},"end":{"line":14,"column":12}}]},"2":{"loc":{"start":{"line":31,"column":11},"end":{"line":31,"column":16}},"type":"cond-expr","locations":[{"start":{"line":31,"column":15},"end":{"line":31,"column":16}},{"start":{"line":31,"column":15},"end":{"line":31,"column":16}}]},"3":{"loc":{"start":{"line":31,"column":11},"end":{"line":31,"column":15}},"type":"binary-expr","locations":[{"start":{"line":31,"column":11},"end":{"line":31,"column":16}},{"start":{"line":31,"column":11},"end":{"line":31,"column":15}}]},"4":{"loc":{"start":{"line":46,"column":14},"end":{"line":46,"column":19}},"type":"cond-expr","locations":[{"start":{"line":46,"column":18},"end":{"line":46,"column":19}},{"start":{"line":46,"column":18},"end":{"line":46,"column":19}}]},"5":{"loc":{"start":{"line":46,"column":14},"end":{"line":46,"column":18}},"type":"binary-expr","locations":[{"start":{"line":46,"column":14},"end":{"line":46,"column":19}},{"start":{"line":46,"column":14},"end":{"line":46,"column":18}}]},"6":{"loc":{"start":{"line":61,"column":14},"end":{"line":61,"column":19}},"type":"cond-expr","locations":[{"start":{"line":61,"column":18},"end":{"line":61,"column":19}},{"start":{"line":61,"column":18},"end":{"line":61,"column":19}}]},"7":{"loc":{"start":{"line":61,"column":14},"end":{"line":61,"column":18}},"type":"binary-expr","locations":[{"start":{"line":61,"column":14},"end":{"line":61,"column":19}},{"start":{"line":61,"column":14},"end":{"line":61,"column":18}}]}},"s":{"0":0,"1":0,"2":0,"3":0,"4":0,"5":0,"6":0,"7":0,"8":0,"9":0,"10":0,"11":0,"12":0,"13":0,"14":0,"15":0,"16":0,"17":0,"18":0,"19":0,"20":0,"21":0,"22":0,"23":0,"24":0,"25":0},"f":{"0":0,"1":0,"2":0},"b":{"0":[0,0],"1":[0,0],"2":[0,0],"3":[0,0],"4":[0,0],"5":[0,0],"6":[0,0],"7":[0,0]}}
,"C:\\Edgar\\Programacion\\SmartEdify_A\\Proyecto\\smartedify_app\\services\\support\\identity-service\\src\\entities\\revocation-event.entity.ts": {"path":"C:\\Edgar\\Programacion\\SmartEdify_A\\Proyecto\\smartedify_app\\services\\support\\identity-service\\src\\entities\\revocation-event.entity.ts","statementMap":{"0":{"start":{"line":1,"column":0},"end":{"line":1,"column":83}},"1":{"start":{"line":4,"column":7},"end":{"line":28,"column":null}},"2":{"start":{"line":4,"column":13},"end":{"line":4,"column":28}},"3":{"start":{"line":6,"column":2},"end":{"line":6,"column":null}},"4":{"start":{"line":9,"column":2},"end":{"line":9,"column":null}},"5":{"start":{"line":12,"column":2},"end":{"line":12,"column":null}},"6":{"start":{"line":15,"column":2},"end":{"line":15,"column":null}},"7":{"start":{"line":18,"column":2},"end":{"line":18,"column":null}},"8":{"start":{"line":21,"column":2},"end":{"line":21,"column":null}},"9":{"start":{"line":24,"column":2},"end":{"line":24,"column":null}},"10":{"start":{"line":27,"column":2},"end":{"line":27,"column":null}},"11":{"start":{"line":4,"column":13},"end":{"line":28,"column":null}}},"fnMap":{},"branchMap":{"0":{"loc":{"start":{"line":24,"column":14},"end":{"line":24,"column":19}},"type":"cond-expr","locations":[{"start":{"line":24,"column":18},"end":{"line":24,"column":19}},{"start":{"line":24,"column":18},"end":{"line":24,"column":19}}]},"1":{"loc":{"start":{"line":24,"column":14},"end":{"line":24,"column":18}},"type":"binary-expr","locations":[{"start":{"line":24,"column":14},"end":{"line":24,"column":19}},{"start":{"line":24,"column":14},"end":{"line":24,"column":18}}]},"2":{"loc":{"start":{"line":27,"column":14},"end":{"line":27,"column":19}},"type":"cond-expr","locations":[{"start":{"line":27,"column":18},"end":{"line":27,"column":19}},{"start":{"line":27,"column":18},"end":{"line":27,"column":19}}]},"3":{"loc":{"start":{"line":27,"column":14},"end":{"line":27,"column":18}},"type":"binary-expr","locations":[{"start":{"line":27,"column":14},"end":{"line":27,"column":19}},{"start":{"line":27,"column":14},"end":{"line":27,"column":18}}]}},"s":{"0":0,"1":0,"2":0,"3":0,"4":0,"5":0,"6":0,"7":0,"8":0,"9":0,"10":0,"11":0},"f":{},"b":{"0":[0,0],"1":[0,0],"2":[0,0],"3":[0,0]}}
,"C:\\Edgar\\Programacion\\SmartEdify_A\\Proyecto\\smartedify_app\\services\\support\\identity-service\\src\\entities\\session.entity.ts": {"path":"C:\\Edgar\\Programacion\\SmartEdify_A\\Proyecto\\smartedify_app\\services\\support\\identity-service\\src\\entities\\session.entity.ts","statementMap":{"0":{"start":{"line":1,"column":0},"end":{"line":1,"column":106}},"1":{"start":{"line":2,"column":0},"end":{"line":2,"column":37}},"2":{"start":{"line":5,"column":7},"end":{"line":36,"column":null}},"3":{"start":{"line":5,"column":13},"end":{"line":5,"column":20}},"4":{"start":{"line":7,"column":2},"end":{"line":7,"column":null}},"5":{"start":{"line":11,"column":2},"end":{"line":11,"column":null}},"6":{"start":{"line":9,"column":19},"end":{"line":9,"column":23}},"7":{"start":{"line":14,"column":2},"end":{"line":14,"column":null}},"8":{"start":{"line":17,"column":2},"end":{"line":17,"column":null}},"9":{"start":{"line":20,"column":2},"end":{"line":20,"column":null}},"10":{"start":{"line":23,"column":2},"end":{"line":23,"column":null}},"11":{"start":{"line":22,"column":48},"end":{"line":22,"column":67}},"12":{"start":{"line":26,"column":2},"end":{"line":26,"column":null}},"13":{"start":{"line":29,"column":2},"end":{"line":29,"column":null}},"14":{"start":{"line":32,"column":2},"end":{"line":32,"column":null}},"15":{"start":{"line":35,"column":2},"end":{"line":35,"column":null}},"16":{"start":{"line":5,"column":13},"end":{"line":36,"column":null}}},"fnMap":{"0":{"name":"(anonymous_2)","decl":{"start":{"line":9,"column":13},"end":{"line":9,"column":16}},"loc":{"start":{"line":9,"column":19},"end":{"line":9,"column":23}}},"1":{"name":"(anonymous_3)","decl":{"start":{"line":22,"column":42},"end":{"line":22,"column":45}},"loc":{"start":{"line":22,"column":48},"end":{"line":22,"column":67}}}},"branchMap":{"0":{"loc":{"start":{"line":11,"column":8},"end":{"line":11,"column":13}},"type":"cond-expr","locations":[{"start":{"line":11,"column":12},"end":{"line":11,"column":13}},{"start":{"line":11,"column":12},"end":{"line":11,"column":13}}]},"1":{"loc":{"start":{"line":11,"column":8},"end":{"line":11,"column":12}},"type":"binary-expr","locations":[{"start":{"line":11,"column":8},"end":{"line":11,"column":13}},{"start":{"line":11,"column":8},"end":{"line":11,"column":12}}]},"2":{"loc":{"start":{"line":23,"column":13},"end":{"line":23,"column":18}},"type":"cond-expr","locations":[{"start":{"line":23,"column":17},"end":{"line":23,"column":18}},{"start":{"line":23,"column":17},"end":{"line":23,"column":18}}]},"3":{"loc":{"start":{"line":23,"column":13},"end":{"line":23,"column":17}},"type":"binary-expr","locations":[{"start":{"line":23,"column":13},"end":{"line":23,"column":18}},{"start":{"line":23,"column":13},"end":{"line":23,"column":17}}]},"4":{"loc":{"start":{"line":26,"column":13},"end":{"line":26,"column":18}},"type":"cond-expr","locations":[{"start":{"line":26,"column":17},"end":{"line":26,"column":18}},{"start":{"line":26,"column":17},"end":{"line":26,"column":18}}]},"5":{"loc":{"start":{"line":26,"column":13},"end":{"line":26,"column":17}},"type":"binary-expr","locations":[{"start":{"line":26,"column":13},"end":{"line":26,"column":18}},{"start":{"line":26,"column":13},"end":{"line":26,"column":17}}]},"6":{"loc":{"start":{"line":29,"column":14},"end":{"line":29,"column":19}},"type":"cond-expr","locations":[{"start":{"line":29,"column":18},"end":{"line":29,"column":19}},{"start":{"line":29,"column":18},"end":{"line":29,"column":19}}]},"7":{"loc":{"start":{"line":29,"column":14},"end":{"line":29,"column":18}},"type":"binary-expr","locations":[{"start":{"line":29,"column":14},"end":{"line":29,"column":19}},{"start":{"line":29,"column":14},"end":{"line":29,"column":18}}]},"8":{"loc":{"start":{"line":35,"column":14},"end":{"line":35,"column":19}},"type":"cond-expr","locations":[{"start":{"line":35,"column":18},"end":{"line":35,"column":19}},{"start":{"line":35,"column":18},"end":{"line":35,"column":19}}]},"9":{"loc":{"start":{"line":35,"column":14},"end":{"line":35,"column":18}},"type":"binary-expr","locations":[{"start":{"line":35,"column":14},"end":{"line":35,"column":19}},{"start":{"line":35,"column":14},"end":{"line":35,"column":18}}]}},"s":{"0":0,"1":0,"2":0,"3":0,"4":0,"5":0,"6":0,"7":0,"8":0,"9":0,"10":0,"11":0,"12":0,"13":0,"14":0,"15":0,"16":0},"f":{"0":0,"1":0},"b":{"0":[0,0],"1":[0,0],"2":[0,0],"3":[0,0],"4":[0,0],"5":[0,0],"6":[0,0],"7":[0,0],"8":[0,0],"9":[0,0]}}
,"C:\\Edgar\\Programacion\\SmartEdify_A\\Proyecto\\smartedify_app\\services\\support\\identity-service\\src\\entities\\user.entity.ts": {"path":"C:\\Edgar\\Programacion\\SmartEdify_A\\Proyecto\\smartedify_app\\services\\support\\identity-service\\src\\entities\\user.entity.ts","statementMap":{"0":{"start":{"line":1,"column":0},"end":{"line":1,"column":109}},"1":{"start":{"line":6,"column":7},"end":{"line":39,"column":null}},"2":{"start":{"line":6,"column":13},"end":{"line":6,"column":17}},"3":{"start":{"line":8,"column":2},"end":{"line":8,"column":null}},"4":{"start":{"line":11,"column":2},"end":{"line":11,"column":null}},"5":{"start":{"line":14,"column":2},"end":{"line":14,"column":null}},"6":{"start":{"line":17,"column":2},"end":{"line":17,"column":null}},"7":{"start":{"line":20,"column":2},"end":{"line":20,"column":null}},"8":{"start":{"line":23,"column":2},"end":{"line":23,"column":18}},"9":{"start":{"line":26,"column":2},"end":{"line":26,"column":null}},"10":{"start":{"line":29,"column":2},"end":{"line":29,"column":null}},"11":{"start":{"line":32,"column":2},"end":{"line":32,"column":27}},"12":{"start":{"line":35,"column":2},"end":{"line":35,"column":null}},"13":{"start":{"line":38,"column":2},"end":{"line":38,"column":null}},"14":{"start":{"line":6,"column":13},"end":{"line":39,"column":null}}},"fnMap":{},"branchMap":{"0":{"loc":{"start":{"line":26,"column":21},"end":{"line":26,"column":26}},"type":"cond-expr","locations":[{"start":{"line":26,"column":25},"end":{"line":26,"column":26}},{"start":{"line":26,"column":25},"end":{"line":26,"column":26}}]},"1":{"loc":{"start":{"line":26,"column":21},"end":{"line":26,"column":25}},"type":"binary-expr","locations":[{"start":{"line":26,"column":21},"end":{"line":26,"column":26}},{"start":{"line":26,"column":21},"end":{"line":26,"column":25}}]},"2":{"loc":{"start":{"line":29,"column":21},"end":{"line":29,"column":26}},"type":"cond-expr","locations":[{"start":{"line":29,"column":25},"end":{"line":29,"column":26}},{"start":{"line":29,"column":25},"end":{"line":29,"column":26}}]},"3":{"loc":{"start":{"line":29,"column":21},"end":{"line":29,"column":25}},"type":"binary-expr","locations":[{"start":{"line":29,"column":21},"end":{"line":29,"column":26}},{"start":{"line":29,"column":21},"end":{"line":29,"column":25}}]},"4":{"loc":{"start":{"line":35,"column":14},"end":{"line":35,"column":19}},"type":"cond-expr","locations":[{"start":{"line":35,"column":18},"end":{"line":35,"column":19}},{"start":{"line":35,"column":18},"end":{"line":35,"column":19}}]},"5":{"loc":{"start":{"line":35,"column":14},"end":{"line":35,"column":18}},"type":"binary-expr","locations":[{"start":{"line":35,"column":14},"end":{"line":35,"column":19}},{"start":{"line":35,"column":14},"end":{"line":35,"column":18}}]},"6":{"loc":{"start":{"line":38,"column":14},"end":{"line":38,"column":19}},"type":"cond-expr","locations":[{"start":{"line":38,"column":18},"end":{"line":38,"column":19}},{"start":{"line":38,"column":18},"end":{"line":38,"column":19}}]},"7":{"loc":{"start":{"line":38,"column":14},"end":{"line":38,"column":18}},"type":"binary-expr","locations":[{"start":{"line":38,"column":14},"end":{"line":38,"column":19}},{"start":{"line":38,"column":14},"end":{"line":38,"column":18}}]}},"s":{"0":0,"1":0,"2":0,"3":0,"4":0,"5":0,"6":0,"7":0,"8":0,"9":0,"10":0,"11":0,"12":0,"13":0,"14":0},"f":{},"b":{"0":[0,0],"1":[0,0],"2":[0,0],"3":[0,0],"4":[0,0],"5":[0,0],"6":[0,0],"7":[0,0]}}
,"C:\\Edgar\\Programacion\\SmartEdify_A\\Proyecto\\smartedify_app\\services\\support\\identity-service\\src\\entities\\webauthn-credential.entity.ts": {"path":"C:\\Edgar\\Programacion\\SmartEdify_A\\Proyecto\\smartedify_app\\services\\support\\identity-service\\src\\entities\\webauthn-credential.entity.ts","statementMap":{"0":{"start":{"line":1,"column":0},"end":{"line":1,"column":114}},"1":{"start":{"line":2,"column":0},"end":{"line":2,"column":37}},"2":{"start":{"line":6,"column":7},"end":{"line":52,"column":null}},"3":{"start":{"line":6,"column":13},"end":{"line":6,"column":31}},"4":{"start":{"line":8,"column":2},"end":{"line":8,"column":null}},"5":{"start":{"line":12,"column":2},"end":{"line":12,"column":null}},"6":{"start":{"line":10,"column":19},"end":{"line":10,"column":23}},"7":{"start":{"line":15,"column":2},"end":{"line":15,"column":null}},"8":{"start":{"line":18,"column":2},"end":{"line":18,"column":null}},"9":{"start":{"line":21,"column":2},"end":{"line":21,"column":null}},"10":{"start":{"line":24,"column":2},"end":{"line":24,"column":null}},"11":{"start":{"line":27,"column":2},"end":{"line":27,"column":null}},"12":{"start":{"line":30,"column":2},"end":{"line":30,"column":null}},"13":{"start":{"line":33,"column":2},"end":{"line":33,"column":null}},"14":{"start":{"line":36,"column":2},"end":{"line":36,"column":null}},"15":{"start":{"line":39,"column":2},"end":{"line":39,"column":null}},"16":{"start":{"line":42,"column":2},"end":{"line":42,"column":null}},"17":{"start":{"line":45,"column":2},"end":{"line":45,"column":null}},"18":{"start":{"line":48,"column":2},"end":{"line":48,"column":null}},"19":{"start":{"line":51,"column":2},"end":{"line":51,"column":null}},"20":{"start":{"line":6,"column":13},"end":{"line":52,"column":null}}},"fnMap":{"0":{"name":"(anonymous_2)","decl":{"start":{"line":10,"column":13},"end":{"line":10,"column":16}},"loc":{"start":{"line":10,"column":19},"end":{"line":10,"column":23}}}},"branchMap":{"0":{"loc":{"start":{"line":12,"column":8},"end":{"line":12,"column":13}},"type":"cond-expr","locations":[{"start":{"line":12,"column":12},"end":{"line":12,"column":13}},{"start":{"line":12,"column":12},"end":{"line":12,"column":13}}]},"1":{"loc":{"start":{"line":12,"column":8},"end":{"line":12,"column":12}},"type":"binary-expr","locations":[{"start":{"line":12,"column":8},"end":{"line":12,"column":13}},{"start":{"line":12,"column":8},"end":{"line":12,"column":12}}]},"2":{"loc":{"start":{"line":15,"column":17},"end":{"line":15,"column":24}},"type":"cond-expr","locations":[{"start":{"line":15,"column":23},"end":{"line":15,"column":24}},{"start":{"line":15,"column":23},"end":{"line":15,"column":24}}]},"3":{"loc":{"start":{"line":15,"column":17},"end":{"line":15,"column":23}},"type":"binary-expr","locations":[{"start":{"line":15,"column":17},"end":{"line":15,"column":24}},{"start":{"line":15,"column":17},"end":{"line":15,"column":23}}]},"4":{"loc":{"start":{"line":18,"column":14},"end":{"line":18,"column":21}},"type":"cond-expr","locations":[{"start":{"line":18,"column":20},"end":{"line":18,"column":21}},{"start":{"line":18,"column":20},"end":{"line":18,"column":21}}]},"5":{"loc":{"start":{"line":18,"column":14},"end":{"line":18,"column":20}},"type":"binary-expr","locations":[{"start":{"line":18,"column":14},"end":{"line":18,"column":21}},{"start":{"line":18,"column":14},"end":{"line":18,"column":20}}]},"6":{"loc":{"start":{"line":30,"column":10},"end":{"line":30,"column":17}},"type":"cond-expr","locations":[{"start":{"line":30,"column":16},"end":{"line":30,"column":17}},{"start":{"line":30,"column":16},"end":{"line":30,"column":17}}]},"7":{"loc":{"start":{"line":30,"column":10},"end":{"line":30,"column":16}},"type":"binary-expr","locations":[{"start":{"line":30,"column":10},"end":{"line":30,"column":17}},{"start":{"line":30,"column":10},"end":{"line":30,"column":16}}]},"8":{"loc":{"start":{"line":48,"column":16},"end":{"line":48,"column":21}},"type":"cond-expr","locations":[{"start":{"line":48,"column":20},"end":{"line":48,"column":21}},{"start":{"line":48,"column":20},"end":{"line":48,"column":21}}]},"9":{"loc":{"start":{"line":48,"column":16},"end":{"line":48,"column":20}},"type":"binary-expr","locations":[{"start":{"line":48,"column":16},"end":{"line":48,"column":21}},{"start":{"line":48,"column":16},"end":{"line":48,"column":20}}]},"10":{"loc":{"start":{"line":51,"column":14},"end":{"line":51,"column":19}},"type":"cond-expr","locations":[{"start":{"line":51,"column":18},"end":{"line":51,"column":19}},{"start":{"line":51,"column":18},"end":{"line":51,"column":19}}]},"11":{"loc":{"start":{"line":51,"column":14},"end":{"line":51,"column":18}},"type":"binary-expr","locations":[{"start":{"line":51,"column":14},"end":{"line":51,"column":19}},{"start":{"line":51,"column":14},"end":{"line":51,"column":18}}]}},"s":{"0":0,"1":0,"2":0,"3":0,"4":0,"5":0,"6":0,"7":0,"8":0,"9":0,"10":0,"11":0,"12":0,"13":0,"14":0,"15":0,"16":0,"17":0,"18":0,"19":0,"20":0},"f":{"0":0},"b":{"0":[0,0],"1":[0,0],"2":[0,0],"3":[0,0],"4":[0,0],"5":[0,0],"6":[0,0],"7":[0,0],"8":[0,0],"9":[0,0],"10":[0,0],"11":[0,0]}}
,"C:\\Edgar\\Programacion\\SmartEdify_A\\Proyecto\\smartedify_app\\services\\support\\identity-service\\src\\modules\\auth\\auth.controller.ts": {"path":"C:\\Edgar\\Programacion\\SmartEdify_A\\Proyecto\\smartedify_app\\services\\support\\identity-service\\src\\modules\\auth\\auth.controller.ts","statementMap":{"0":{"start":{"line":1,"column":0},"end":{"line":1,"column":114}},"1":{"start":{"line":2,"column":0},"end":{"line":2,"column":45}},"2":{"start":{"line":3,"column":0},"end":{"line":3,"column":61}},"3":{"start":{"line":4,"column":0},"end":{"line":4,"column":34}},"4":{"start":{"line":7,"column":7},"end":{"line":55,"column":null}},"5":{"start":{"line":8,"column":31},"end":{"line":8,"column":44}},"6":{"start":{"line":15,"column":4},"end":{"line":17,"column":5}},"7":{"start":{"line":16,"column":6},"end":{"line":16,"column":68}},"8":{"start":{"line":18,"column":17},"end":{"line":20,"column":null}},"9":{"start":{"line":22,"column":4},"end":{"line":22,"column":20}},"10":{"start":{"line":33,"column":4},"end":{"line":35,"column":5}},"11":{"start":{"line":34,"column":6},"end":{"line":34,"column":58}},"12":{"start":{"line":36,"column":4},"end":{"line":38,"column":5}},"13":{"start":{"line":37,"column":6},"end":{"line":37,"column":75}},"14":{"start":{"line":40,"column":23},"end":{"line":40,"column":33}},"15":{"start":{"line":41,"column":20},"end":{"line":41,"column":76}},"16":{"start":{"line":43,"column":42},"end":{"line":46,"column":6}},"17":{"start":{"line":47,"column":4},"end":{"line":47,"column":43}},"18":{"start":{"line":53,"column":4},"end":{"line":53,"column":46}},"19":{"start":{"line":7,"column":13},"end":{"line":7,"column":27}},"20":{"start":{"line":11,"column":8},"end":{"line":23,"column":null}},"21":{"start":{"line":26,"column":8},"end":{"line":48,"column":null}},"22":{"start":{"line":52,"column":8},"end":{"line":54,"column":null}},"23":{"start":{"line":7,"column":13},"end":{"line":55,"column":null}}},"fnMap":{"0":{"name":"(anonymous_4)","decl":{"start":{"line":8,"column":2},"end":{"line":8,"column":31}},"loc":{"start":{"line":8,"column":55},"end":{"line":8,"column":59}}},"1":{"name":"(anonymous_5)","decl":{"start":{"line":11,"column":8},"end":{"line":11,"column":17}},"loc":{"start":{"line":13,"column":65},"end":{"line":23,"column":3}}},"2":{"name":"(anonymous_6)","decl":{"start":{"line":26,"column":8},"end":{"line":26,"column":13}},"loc":{"start":{"line":31,"column":23},"end":{"line":48,"column":3}}},"3":{"name":"(anonymous_7)","decl":{"start":{"line":52,"column":8},"end":{"line":52,"column":18}},"loc":{"start":{"line":52,"column":47},"end":{"line":54,"column":3}}}},"branchMap":{"0":{"loc":{"start":{"line":15,"column":4},"end":{"line":17,"column":5}},"type":"if","locations":[{"start":{"line":15,"column":4},"end":{"line":17,"column":5}},{"start":{},"end":{}}]},"1":{"loc":{"start":{"line":15,"column":8},"end":{"line":15,"column":49}},"type":"binary-expr","locations":[{"start":{"line":15,"column":8},"end":{"line":15,"column":23}},{"start":{"line":15,"column":27},"end":{"line":15,"column":49}}]},"2":{"loc":{"start":{"line":33,"column":4},"end":{"line":35,"column":5}},"type":"if","locations":[{"start":{"line":33,"column":4},"end":{"line":35,"column":5}},{"start":{},"end":{}}]},"3":{"loc":{"start":{"line":36,"column":4},"end":{"line":38,"column":5}},"type":"if","locations":[{"start":{"line":36,"column":4},"end":{"line":38,"column":5}},{"start":{},"end":{}}]},"4":{"loc":{"start":{"line":36,"column":8},"end":{"line":36,"column":31}},"type":"binary-expr","locations":[{"start":{"line":36,"column":8},"end":{"line":36,"column":13}},{"start":{"line":36,"column":17},"end":{"line":36,"column":31}}]},"5":{"loc":{"start":{"line":31,"column":16},"end":{"line":31,"column":null}},"type":"cond-expr","locations":[{"start":{"line":31,"column":23},"end":{"line":31,"column":null}},{"start":{"line":31,"column":23},"end":{"line":31,"column":null}}]},"6":{"loc":{"start":{"line":31,"column":16},"end":{"line":31,"column":23}},"type":"binary-expr","locations":[{"start":{"line":31,"column":16},"end":{"line":31,"column":null}},{"start":{"line":31,"column":16},"end":{"line":31,"column":23}}]},"7":{"loc":{"start":{"line":8,"column":44},"end":{"line":8,"column":58}},"type":"cond-expr","locations":[{"start":{"line":8,"column":55},"end":{"line":8,"column":58}},{"start":{"line":8,"column":55},"end":{"line":8,"column":58}}]},"8":{"loc":{"start":{"line":8,"column":44},"end":{"line":8,"column":55}},"type":"binary-expr","locations":[{"start":{"line":8,"column":44},"end":{"line":8,"column":58}},{"start":{"line":8,"column":44},"end":{"line":8,"column":55}}]}},"s":{"0":0,"1":0,"2":0,"3":0,"4":0,"5":0,"6":0,"7":0,"8":0,"9":0,"10":0,"11":0,"12":0,"13":0,"14":0,"15":0,"16":0,"17":0,"18":0,"19":0,"20":0,"21":0,"22":0,"23":0},"f":{"0":0,"1":0,"2":0,"3":0},"b":{"0":[0,0],"1":[0,0],"2":[0,0],"3":[0,0],"4":[0,0],"5":[0,0],"6":[0,0],"7":[0,0],"8":[0,0]}}
,"C:\\Edgar\\Programacion\\SmartEdify_A\\Proyecto\\smartedify_app\\services\\support\\identity-service\\src\\modules\\auth\\auth.module.ts": {"path":"C:\\Edgar\\Programacion\\SmartEdify_A\\Proyecto\\smartedify_app\\services\\support\\identity-service\\src\\modules\\auth\\auth.module.ts","statementMap":{"0":{"start":{"line":1,"column":0},"end":{"line":1,"column":40}},"1":{"start":{"line":2,"column":0},"end":{"line":2,"column":45}},"2":{"start":{"line":3,"column":0},"end":{"line":3,"column":51}},"3":{"start":{"line":4,"column":0},"end":{"line":4,"column":61}},"4":{"start":{"line":5,"column":0},"end":{"line":5,"column":89}},"5":{"start":{"line":6,"column":0},"end":{"line":6,"column":55}},"6":{"start":{"line":7,"column":0},"end":{"line":7,"column":52}},"7":{"start":{"line":14,"column":7},"end":{"line":14,"column":null}},"8":{"start":{"line":14,"column":13},"end":{"line":14,"column":23}},"9":{"start":{"line":14,"column":13},"end":{"line":14,"column":null}}},"fnMap":{},"branchMap":{},"s":{"0":0,"1":0,"2":0,"3":0,"4":0,"5":0,"6":0,"7":0,"8":0,"9":0},"f":{},"b":{}}
,"C:\\Edgar\\Programacion\\SmartEdify_A\\Proyecto\\smartedify_app\\services\\support\\identity-service\\src\\modules\\auth\\auth.service.ts": {"path":"C:\\Edgar\\Programacion\\SmartEdify_A\\Proyecto\\smartedify_app\\services\\support\\identity-service\\src\\modules\\auth\\auth.service.ts","statementMap":{"0":{"start":{"line":1,"column":0},"end":{"line":1,"column":107}},"1":{"start":{"line":2,"column":0},"end":{"line":2,"column":89}},"2":{"start":{"line":3,"column":0},"end":{"line":3,"column":33}},"3":{"start":{"line":4,"column":0},"end":{"line":4,"column":34}},"4":{"start":{"line":5,"column":0},"end":{"line":5,"column":57}},"5":{"start":{"line":6,"column":0},"end":{"line":6,"column":54}},"6":{"start":{"line":9,"column":7},"end":{"line":122,"column":null}},"7":{"start":{"line":11,"column":21},"end":{"line":11,"column":45}},"8":{"start":{"line":12,"column":21},"end":{"line":12,"column":36}},"9":{"start":{"line":13,"column":21},"end":{"line":13,"column":35}},"10":{"start":{"line":21,"column":17},"end":{"line":21,"column":55}},"11":{"start":{"line":22,"column":4},"end":{"line":26,"column":7}},"12":{"start":{"line":27,"column":4},"end":{"line":27,"column":16}},"13":{"start":{"line":37,"column":23},"end":{"line":37,"column":60}},"14":{"start":{"line":38,"column":4},"end":{"line":40,"column":5}},"15":{"start":{"line":39,"column":6},"end":{"line":39,"column":66}},"16":{"start":{"line":42,"column":54},"end":{"line":42,"column":64}},"17":{"start":{"line":45,"column":4},"end":{"line":52,"column":5}},"18":{"start":{"line":46,"column":6},"end":{"line":49,"column":29}},"19":{"start":{"line":51,"column":6},"end":{"line":51,"column":32}},"20":{"start":{"line":54,"column":4},"end":{"line":56,"column":5}},"21":{"start":{"line":55,"column":6},"end":{"line":55,"column":63}},"22":{"start":{"line":58,"column":4},"end":{"line":60,"column":5}},"23":{"start":{"line":59,"column":6},"end":{"line":59,"column":64}},"24":{"start":{"line":62,"column":16},"end":{"line":62,"column":76}},"25":{"start":{"line":65,"column":24},"end":{"line":65,"column":43}},"26":{"start":{"line":70,"column":4},"end":{"line":70,"column":23}},"27":{"start":{"line":74,"column":23},"end":{"line":74,"column":60}},"28":{"start":{"line":75,"column":4},"end":{"line":77,"column":5}},"29":{"start":{"line":76,"column":6},"end":{"line":76,"column":66}},"30":{"start":{"line":78,"column":17},"end":{"line":78,"column":68}},"31":{"start":{"line":79,"column":4},"end":{"line":81,"column":5}},"32":{"start":{"line":80,"column":8},"end":{"line":80,"column":54}},"33":{"start":{"line":83,"column":16},"end":{"line":83,"column":26}},"34":{"start":{"line":84,"column":4},"end":{"line":84,"column":59}},"35":{"start":{"line":89,"column":4},"end":{"line":89,"column":49}},"36":{"start":{"line":91,"column":4},"end":{"line":91,"column":49}},"37":{"start":{"line":95,"column":4},"end":{"line":120,"column":5}},"38":{"start":{"line":96,"column":34},"end":{"line":96,"column":59}},"39":{"start":{"line":97,"column":18},"end":{"line":97,"column":28}},"40":{"start":{"line":98,"column":18},"end":{"line":98,"column":43}},"41":{"start":{"line":100,"column":23},"end":{"line":100,"column":49}},"42":{"start":{"line":101,"column":23},"end":{"line":101,"column":55}},"43":{"start":{"line":103,"column":29},"end":{"line":103,"column":68}},"44":{"start":{"line":105,"column":6},"end":{"line":107,"column":7}},"45":{"start":{"line":106,"column":8},"end":{"line":106,"column":66}},"46":{"start":{"line":109,"column":6},"end":{"line":111,"column":7}},"47":{"start":{"line":110,"column":8},"end":{"line":110,"column":66}},"48":{"start":{"line":116,"column":6},"end":{"line":116,"column":48}},"49":{"start":{"line":119,"column":6},"end":{"line":119,"column":60}},"50":{"start":{"line":9,"column":13},"end":{"line":9,"column":24}},"51":{"start":{"line":9,"column":13},"end":{"line":122,"column":null}}},"fnMap":{"0":{"name":"(anonymous_11)","decl":{"start":{"line":10,"column":2},"end":{"line":10,"column":null}},"loc":{"start":{"line":13,"column":47},"end":{"line":14,"column":6}}},"1":{"name":"(anonymous_12)","decl":{"start":{"line":16,"column":2},"end":{"line":16,"column":7}},"loc":{"start":{"line":19,"column":18},"end":{"line":28,"column":3}}},"2":{"name":"(anonymous_13)","decl":{"start":{"line":30,"column":2},"end":{"line":30,"column":7}},"loc":{"start":{"line":35,"column":19},"end":{"line":71,"column":3}}},"3":{"name":"(anonymous_14)","decl":{"start":{"line":73,"column":2},"end":{"line":73,"column":7}},"loc":{"start":{"line":73,"column":41},"end":{"line":85,"column":3}}},"4":{"name":"(anonymous_15)","decl":{"start":{"line":87,"column":2},"end":{"line":87,"column":7}},"loc":{"start":{"line":87,"column":32},"end":{"line":92,"column":3}}},"5":{"name":"(anonymous_16)","decl":{"start":{"line":94,"column":10},"end":{"line":94,"column":15}},"loc":{"start":{"line":94,"column":88},"end":{"line":121,"column":3}}}},"branchMap":{"0":{"loc":{"start":{"line":38,"column":4},"end":{"line":40,"column":5}},"type":"if","locations":[{"start":{"line":38,"column":4},"end":{"line":40,"column":5}},{"start":{},"end":{}}]},"1":{"loc":{"start":{"line":45,"column":4},"end":{"line":52,"column":5}},"type":"if","locations":[{"start":{"line":45,"column":4},"end":{"line":52,"column":5}},{"start":{"line":50,"column":11},"end":{"line":52,"column":5}}]},"2":{"loc":{"start":{"line":54,"column":4},"end":{"line":56,"column":5}},"type":"if","locations":[{"start":{"line":54,"column":4},"end":{"line":56,"column":5}},{"start":{},"end":{}}]},"3":{"loc":{"start":{"line":58,"column":4},"end":{"line":60,"column":5}},"type":"if","locations":[{"start":{"line":58,"column":4},"end":{"line":60,"column":5}},{"start":{},"end":{}}]},"4":{"loc":{"start":{"line":75,"column":4},"end":{"line":77,"column":5}},"type":"if","locations":[{"start":{"line":75,"column":4},"end":{"line":77,"column":5}},{"start":{},"end":{}}]},"5":{"loc":{"start":{"line":79,"column":4},"end":{"line":81,"column":5}},"type":"if","locations":[{"start":{"line":79,"column":4},"end":{"line":81,"column":5}},{"start":{},"end":{}}]},"6":{"loc":{"start":{"line":105,"column":6},"end":{"line":107,"column":7}},"type":"if","locations":[{"start":{"line":105,"column":6},"end":{"line":107,"column":7}},{"start":{},"end":{}}]},"7":{"loc":{"start":{"line":109,"column":6},"end":{"line":111,"column":7}},"type":"if","locations":[{"start":{"line":109,"column":6},"end":{"line":111,"column":7}},{"start":{},"end":{}}]},"8":{"loc":{"start":{"line":11,"column":45},"end":{"line":11,"column":null}},"type":"cond-expr","locations":[{"start":{"line":11,"column":74},"end":{"line":11,"column":null}},{"start":{"line":11,"column":74},"end":{"line":11,"column":null}}]},"9":{"loc":{"start":{"line":11,"column":45},"end":{"line":11,"column":74}},"type":"binary-expr","locations":[{"start":{"line":11,"column":45},"end":{"line":11,"column":null}},{"start":{"line":11,"column":45},"end":{"line":11,"column":74}}]},"10":{"loc":{"start":{"line":11,"column":74},"end":{"line":12,"column":null}},"type":"cond-expr","locations":[{"start":{"line":12,"column":49},"end":{"line":12,"column":null}},{"start":{"line":12,"column":49},"end":{"line":12,"column":null}}]},"11":{"loc":{"start":{"line":11,"column":74},"end":{"line":12,"column":49}},"type":"binary-expr","locations":[{"start":{"line":11,"column":74},"end":{"line":12,"column":null}},{"start":{"line":12,"column":36},"end":{"line":12,"column":49}}]},"12":{"loc":{"start":{"line":12,"column":49},"end":{"line":13,"column":null}},"type":"cond-expr","locations":[{"start":{"line":13,"column":47},"end":{"line":13,"column":null}},{"start":{"line":13,"column":47},"end":{"line":13,"column":null}}]},"13":{"loc":{"start":{"line":12,"column":49},"end":{"line":13,"column":47}},"type":"binary-expr","locations":[{"start":{"line":12,"column":49},"end":{"line":13,"column":null}},{"start":{"line":13,"column":35},"end":{"line":13,"column":47}}]}},"s":{"0":0,"1":0,"2":0,"3":0,"4":0,"5":0,"6":0,"7":0,"8":0,"9":0,"10":0,"11":0,"12":0,"13":0,"14":0,"15":0,"16":0,"17":0,"18":0,"19":0,"20":0,"21":0,"22":0,"23":0,"24":0,"25":0,"26":0,"27":0,"28":0,"29":0,"30":0,"31":0,"32":0,"33":0,"34":0,"35":0,"36":0,"37":0,"38":0,"39":0,"40":0,"41":0,"42":0,"43":0,"44":0,"45":0,"46":0,"47":0,"48":0,"49":0,"50":0,"51":0},"f":{"0":0,"1":0,"2":0,"3":0,"4":0,"5":0},"b":{"0":[0,0],"1":[0,0],"2":[0,0],"3":[0,0],"4":[0,0],"5":[0,0],"6":[0,0],"7":[0,0],"8":[0,0],"9":[0,0],"10":[0,0],"11":[0,0],"12":[0,0],"13":[0,0]}}
,"C:\\Edgar\\Programacion\\SmartEdify_A\\Proyecto\\smartedify_app\\services\\support\\identity-service\\src\\modules\\auth\\guards\\client-auth.guard.ts": {"path":"C:\\Edgar\\Programacion\\SmartEdify_A\\Proyecto\\smartedify_app\\services\\support\\identity-service\\src\\modules\\auth\\guards\\client-auth.guard.ts","statementMap":{"0":{"start":{"line":1,"column":0},"end":{"line":1,"column":98}},"1":{"start":{"line":4,"column":7},"end":{"line":19,"column":null}},"2":{"start":{"line":6,"column":16},"end":{"line":6,"column":51}},"3":{"start":{"line":9,"column":33},"end":{"line":9,"column":61}},"4":{"start":{"line":10,"column":26},"end":{"line":10,"column":51}},"5":{"start":{"line":12,"column":4},"end":{"line":15,"column":5}},"6":{"start":{"line":14,"column":6},"end":{"line":14,"column":18}},"7":{"start":{"line":17,"column":4},"end":{"line":17,"column":68}},"8":{"start":{"line":4,"column":13},"end":{"line":4,"column":28}},"9":{"start":{"line":4,"column":13},"end":{"line":19,"column":null}}},"fnMap":{"0":{"name":"(anonymous_1)","decl":{"start":{"line":5,"column":2},"end":{"line":5,"column":7}},"loc":{"start":{"line":5,"column":45},"end":{"line":18,"column":3}}}},"branchMap":{"0":{"loc":{"start":{"line":12,"column":4},"end":{"line":15,"column":5}},"type":"if","locations":[{"start":{"line":12,"column":4},"end":{"line":15,"column":5}},{"start":{},"end":{}}]},"1":{"loc":{"start":{"line":12,"column":8},"end":{"line":12,"column":45}},"type":"binary-expr","locations":[{"start":{"line":12,"column":8},"end":{"line":12,"column":28}},{"start":{"line":12,"column":32},"end":{"line":12,"column":45}}]}},"s":{"0":0,"1":0,"2":0,"3":0,"4":0,"5":0,"6":0,"7":0,"8":0,"9":0},"f":{"0":0},"b":{"0":[0,0],"1":[0,0]}}
,"C:\\Edgar\\Programacion\\SmartEdify_A\\Proyecto\\smartedify_app\\services\\support\\identity-service\\src\\modules\\auth\\store\\authorization-code-store.service.ts": {"path":"C:\\Edgar\\Programacion\\SmartEdify_A\\Proyecto\\smartedify_app\\services\\support\\identity-service\\src\\modules\\auth\\store\\authorization-code-store.service.ts","statementMap":{"0":{"start":{"line":1,"column":0},"end":{"line":1,"column":44}},"1":{"start":{"line":9,"column":7},"end":{"line":23,"column":null}},"2":{"start":{"line":10,"column":18},"end":{"line":10,"column":54}},"3":{"start":{"line":13,"column":4},"end":{"line":13,"column":31}},"4":{"start":{"line":17,"column":17},"end":{"line":17,"column":37}},"5":{"start":{"line":18,"column":4},"end":{"line":20,"column":5}},"6":{"start":{"line":19,"column":6},"end":{"line":19,"column":30}},"7":{"start":{"line":21,"column":4},"end":{"line":21,"column":16}},"8":{"start":{"line":9,"column":13},"end":{"line":9,"column":42}},"9":{"start":{"line":9,"column":13},"end":{"line":23,"column":null}}},"fnMap":{"0":{"name":"(anonymous_1)","decl":{"start":{"line":12,"column":2},"end":{"line":12,"column":5}},"loc":{"start":{"line":12,"column":43},"end":{"line":14,"column":3}}},"1":{"name":"(anonymous_2)","decl":{"start":{"line":16,"column":2},"end":{"line":16,"column":5}},"loc":{"start":{"line":16,"column":18},"end":{"line":22,"column":3}}}},"branchMap":{"0":{"loc":{"start":{"line":18,"column":4},"end":{"line":20,"column":5}},"type":"if","locations":[{"start":{"line":18,"column":4},"end":{"line":20,"column":5}},{"start":{},"end":{}}]}},"s":{"0":0,"1":0,"2":0,"3":0,"4":0,"5":0,"6":0,"7":0,"8":0,"9":0},"f":{"0":0,"1":0},"b":{"0":[0,0]}}
,"C:\\Edgar\\Programacion\\SmartEdify_A\\Proyecto\\smartedify_app\\services\\support\\identity-service\\src\\modules\\authorization\\authorization.module.ts": {"path":"C:\\Edgar\\Programacion\\SmartEdify_A\\Proyecto\\smartedify_app\\services\\support\\identity-service\\src\\modules\\authorization\\authorization.module.ts","statementMap":{"0":{"start":{"line":1,"column":0},"end":{"line":1,"column":40}},"1":{"start":{"line":2,"column":0},"end":{"line":2,"column":63}},"2":{"start":{"line":3,"column":0},"end":{"line":3,"column":52}},"3":{"start":{"line":4,"column":0},"end":{"line":4,"column":69}},"4":{"start":{"line":10,"column":7},"end":{"line":10,"column":null}},"5":{"start":{"line":10,"column":13},"end":{"line":10,"column":32}},"6":{"start":{"line":10,"column":13},"end":{"line":10,"column":null}}},"fnMap":{},"branchMap":{},"s":{"0":0,"1":0,"2":0,"3":0,"4":0,"5":0,"6":0},"f":{},"b":{}}
,"C:\\Edgar\\Programacion\\SmartEdify_A\\Proyecto\\smartedify_app\\services\\support\\identity-service\\src\\modules\\authorization\\authorization.service.ts": {"path":"C:\\Edgar\\Programacion\\SmartEdify_A\\Proyecto\\smartedify_app\\services\\support\\identity-service\\src\\modules\\authorization\\authorization.service.ts","statementMap":{"0":{"start":{"line":1,"column":0},"end":{"line":1,"column":44}},"1":{"start":{"line":2,"column":0},"end":{"line":2,"column":69}},"2":{"start":{"line":5,"column":7},"end":{"line":12,"column":null}},"3":{"start":{"line":6,"column":31},"end":{"line":6,"column":45}},"4":{"start":{"line":9,"column":23},"end":{"line":9,"column":51}},"5":{"start":{"line":10,"column":4},"end":{"line":10,"column":66}},"6":{"start":{"line":5,"column":13},"end":{"line":5,"column":33}},"7":{"start":{"line":5,"column":13},"end":{"line":12,"column":null}}},"fnMap":{"0":{"name":"(anonymous_2)","decl":{"start":{"line":6,"column":2},"end":{"line":6,"column":31}},"loc":{"start":{"line":6,"column":64},"end":{"line":6,"column":68}}},"1":{"name":"(anonymous_3)","decl":{"start":{"line":8,"column":2},"end":{"line":8,"column":7}},"loc":{"start":{"line":8,"column":60},"end":{"line":11,"column":3}}}},"branchMap":{"0":{"loc":{"start":{"line":6,"column":45},"end":{"line":6,"column":67}},"type":"cond-expr","locations":[{"start":{"line":6,"column":64},"end":{"line":6,"column":67}},{"start":{"line":6,"column":64},"end":{"line":6,"column":67}}]},"1":{"loc":{"start":{"line":6,"column":45},"end":{"line":6,"column":64}},"type":"binary-expr","locations":[{"start":{"line":6,"column":45},"end":{"line":6,"column":67}},{"start":{"line":6,"column":45},"end":{"line":6,"column":64}}]}},"s":{"0":0,"1":0,"2":0,"3":0,"4":0,"5":0,"6":0,"7":0},"f":{"0":0,"1":0},"b":{"0":[0,0],"1":[0,0]}}
,"C:\\Edgar\\Programacion\\SmartEdify_A\\Proyecto\\smartedify_app\\services\\support\\identity-service\\src\\modules\\authorization\\guards\\policy.guard.ts": {"path":"C:\\Edgar\\Programacion\\SmartEdify_A\\Proyecto\\smartedify_app\\services\\support\\identity-service\\src\\modules\\authorization\\guards\\policy.guard.ts","statementMap":{"0":{"start":{"line":1,"column":0},"end":{"line":1,"column":75}},"1":{"start":{"line":2,"column":0},"end":{"line":2,"column":41}},"2":{"start":{"line":3,"column":0},"end":{"line":3,"column":64}},"3":{"start":{"line":6,"column":7},"end":{"line":31,"column":null}},"4":{"start":{"line":8,"column":12},"end":{"line":8,"column":23}},"5":{"start":{"line":9,"column":12},"end":{"line":9,"column":34}},"6":{"start":{"line":13,"column":29},"end":{"line":13,"column":91}},"7":{"start":{"line":14,"column":4},"end":{"line":16,"column":5}},"8":{"start":{"line":15,"column":6},"end":{"line":15,"column":18}},"9":{"start":{"line":17,"column":21},"end":{"line":17,"column":56}},"10":{"start":{"line":19,"column":21},"end":{"line":19,"column":44}},"11":{"start":{"line":21,"column":4},"end":{"line":27,"column":5}},"12":{"start":{"line":22,"column":39},"end":{"line":22,"column":56}},"13":{"start":{"line":23,"column":26},"end":{"line":23,"column":93}},"14":{"start":{"line":24,"column":8},"end":{"line":26,"column":9}},"15":{"start":{"line":25,"column":12},"end":{"line":25,"column":25}},"16":{"start":{"line":29,"column":4},"end":{"line":29,"column":16}},"17":{"start":{"line":6,"column":13},"end":{"line":6,"column":24}},"18":{"start":{"line":6,"column":13},"end":{"line":31,"column":null}}},"fnMap":{"0":{"name":"(anonymous_2)","decl":{"start":{"line":7,"column":2},"end":{"line":7,"column":null}},"loc":{"start":{"line":9,"column":54},"end":{"line":10,"column":6}}},"1":{"name":"(anonymous_3)","decl":{"start":{"line":12,"column":2},"end":{"line":12,"column":7}},"loc":{"start":{"line":12,"column":45},"end":{"line":30,"column":3}}}},"branchMap":{"0":{"loc":{"start":{"line":14,"column":4},"end":{"line":16,"column":5}},"type":"if","locations":[{"start":{"line":14,"column":4},"end":{"line":16,"column":5}},{"start":{},"end":{}}]},"1":{"loc":{"start":{"line":24,"column":8},"end":{"line":26,"column":9}},"type":"if","locations":[{"start":{"line":24,"column":8},"end":{"line":26,"column":9}},{"start":{},"end":{}}]},"2":{"loc":{"start":{"line":8,"column":23},"end":{"line":8,"column":null}},"type":"cond-expr","locations":[{"start":{"line":8,"column":32},"end":{"line":8,"column":null}},{"start":{"line":8,"column":32},"end":{"line":8,"column":null}}]},"3":{"loc":{"start":{"line":8,"column":23},"end":{"line":8,"column":32}},"type":"binary-expr","locations":[{"start":{"line":8,"column":23},"end":{"line":8,"column":null}},{"start":{"line":8,"column":23},"end":{"line":8,"column":32}}]},"4":{"loc":{"start":{"line":8,"column":32},"end":{"line":9,"column":null}},"type":"cond-expr","locations":[{"start":{"line":9,"column":54},"end":{"line":9,"column":null}},{"start":{"line":9,"column":54},"end":{"line":9,"column":null}}]},"5":{"loc":{"start":{"line":8,"column":32},"end":{"line":9,"column":54}},"type":"binary-expr","locations":[{"start":{"line":8,"column":32},"end":{"line":9,"column":null}},{"start":{"line":9,"column":34},"end":{"line":9,"column":54}}]}},"s":{"0":0,"1":0,"2":0,"3":0,"4":0,"5":0,"6":0,"7":0,"8":0,"9":0,"10":0,"11":0,"12":0,"13":0,"14":0,"15":0,"16":0,"17":0,"18":0},"f":{"0":0,"1":0},"b":{"0":[0,0],"1":[0,0],"2":[0,0],"3":[0,0],"4":[0,0],"5":[0,0]}}
,"C:\\Edgar\\Programacion\\SmartEdify_A\\Proyecto\\smartedify_app\\services\\support\\identity-service\\src\\modules\\authorization\\policy\\policy-engine.service.ts": {"path":"C:\\Edgar\\Programacion\\SmartEdify_A\\Proyecto\\smartedify_app\\services\\support\\identity-service\\src\\modules\\authorization\\policy\\policy-engine.service.ts","statementMap":{"0":{"start":{"line":1,"column":0},"end":{"line":1,"column":44}},"1":{"start":{"line":4,"column":7},"end":{"line":23,"column":null}},"2":{"start":{"line":5,"column":21},"end":{"line":14,"column":4}},"3":{"start":{"line":8,"column":6},"end":{"line":8,"column":74}},"4":{"start":{"line":12,"column":8},"end":{"line":12,"column":87}},"5":{"start":{"line":17,"column":4},"end":{"line":19,"column":5}},"6":{"start":{"line":18,"column":6},"end":{"line":18,"column":55}},"7":{"start":{"line":21,"column":4},"end":{"line":21,"column":17}},"8":{"start":{"line":4,"column":13},"end":{"line":4,"column":32}},"9":{"start":{"line":4,"column":13},"end":{"line":23,"column":null}}},"fnMap":{"0":{"name":"(anonymous_1)","decl":{"start":{"line":6,"column":21},"end":{"line":6,"column":22}},"loc":{"start":{"line":6,"column":40},"end":{"line":9,"column":5}}},"1":{"name":"(anonymous_2)","decl":{"start":{"line":10,"column":19},"end":{"line":10,"column":20}},"loc":{"start":{"line":10,"column":38},"end":{"line":13,"column":5}}},"2":{"name":"(anonymous_3)","decl":{"start":{"line":16,"column":2},"end":{"line":16,"column":10}},"loc":{"start":{"line":16,"column":55},"end":{"line":22,"column":3}}}},"branchMap":{"0":{"loc":{"start":{"line":8,"column":13},"end":{"line":8,"column":73}},"type":"binary-expr","locations":[{"start":{"line":8,"column":13},"end":{"line":8,"column":41}},{"start":{"line":8,"column":45},"end":{"line":8,"column":73}}]},"1":{"loc":{"start":{"line":12,"column":15},"end":{"line":12,"column":86}},"type":"binary-expr","locations":[{"start":{"line":12,"column":15},"end":{"line":12,"column":43}},{"start":{"line":12,"column":47},"end":{"line":12,"column":86}}]},"2":{"loc":{"start":{"line":17,"column":4},"end":{"line":19,"column":5}},"type":"if","locations":[{"start":{"line":17,"column":4},"end":{"line":19,"column":5}},{"start":{},"end":{}}]}},"s":{"0":0,"1":0,"2":0,"3":0,"4":0,"5":0,"6":0,"7":0,"8":0,"9":0},"f":{"0":0,"1":0,"2":0},"b":{"0":[0,0],"1":[0,0],"2":[0,0]}}
,"C:\\Edgar\\Programacion\\SmartEdify_A\\Proyecto\\smartedify_app\\services\\support\\identity-service\\src\\modules\\compliance\\compliance.controller.ts": {"path":"C:\\Edgar\\Programacion\\SmartEdify_A\\Proyecto\\smartedify_app\\services\\support\\identity-service\\src\\modules\\compliance\\compliance.controller.ts","statementMap":{"0":{"start":{"line":1,"column":0},"end":{"line":1,"column":75}},"1":{"start":{"line":2,"column":0},"end":{"line":2,"column":57}},"2":{"start":{"line":3,"column":0},"end":{"line":3,"column":51}},"3":{"start":{"line":6,"column":7},"end":{"line":22,"column":null}},"4":{"start":{"line":7,"column":31},"end":{"line":7,"column":50}},"5":{"start":{"line":12,"column":18},"end":{"line":12,"column":65}},"6":{"start":{"line":13,"column":4},"end":{"line":13,"column":21}},"7":{"start":{"line":19,"column":18},"end":{"line":19,"column":65}},"8":{"start":{"line":20,"column":4},"end":{"line":20,"column":21}},"9":{"start":{"line":6,"column":13},"end":{"line":6,"column":33}},"10":{"start":{"line":11,"column":8},"end":{"line":14,"column":null}},"11":{"start":{"line":18,"column":8},"end":{"line":21,"column":null}},"12":{"start":{"line":6,"column":13},"end":{"line":22,"column":null}}},"fnMap":{"0":{"name":"(anonymous_4)","decl":{"start":{"line":7,"column":2},"end":{"line":7,"column":31}},"loc":{"start":{"line":7,"column":67},"end":{"line":7,"column":71}}},"1":{"name":"(anonymous_5)","decl":{"start":{"line":11,"column":8},"end":{"line":11,"column":18}},"loc":{"start":{"line":11,"column":50},"end":{"line":14,"column":3}}},"2":{"name":"(anonymous_6)","decl":{"start":{"line":18,"column":8},"end":{"line":18,"column":18}},"loc":{"start":{"line":18,"column":50},"end":{"line":21,"column":3}}}},"branchMap":{"0":{"loc":{"start":{"line":7,"column":50},"end":{"line":7,"column":70}},"type":"cond-expr","locations":[{"start":{"line":7,"column":67},"end":{"line":7,"column":70}},{"start":{"line":7,"column":67},"end":{"line":7,"column":70}}]},"1":{"loc":{"start":{"line":7,"column":50},"end":{"line":7,"column":67}},"type":"binary-expr","locations":[{"start":{"line":7,"column":50},"end":{"line":7,"column":70}},{"start":{"line":7,"column":50},"end":{"line":7,"column":67}}]}},"s":{"0":0,"1":0,"2":0,"3":0,"4":0,"5":0,"6":0,"7":0,"8":0,"9":0,"10":0,"11":0,"12":0},"f":{"0":0,"1":0,"2":0},"b":{"0":[0,0],"1":[0,0]}}
,"C:\\Edgar\\Programacion\\SmartEdify_A\\Proyecto\\smartedify_app\\services\\support\\identity-service\\src\\modules\\compliance\\compliance.module.ts": {"path":"C:\\Edgar\\Programacion\\SmartEdify_A\\Proyecto\\smartedify_app\\services\\support\\identity-service\\src\\modules\\compliance\\compliance.module.ts","statementMap":{"0":{"start":{"line":1,"column":0},"end":{"line":1,"column":40}},"1":{"start":{"line":2,"column":0},"end":{"line":2,"column":57}},"2":{"start":{"line":3,"column":0},"end":{"line":3,"column":63}},"3":{"start":{"line":4,"column":0},"end":{"line":4,"column":46}},"4":{"start":{"line":11,"column":7},"end":{"line":11,"column":null}},"5":{"start":{"line":11,"column":13},"end":{"line":11,"column":29}},"6":{"start":{"line":11,"column":13},"end":{"line":11,"column":null}}},"fnMap":{},"branchMap":{},"s":{"0":0,"1":0,"2":0,"3":0,"4":0,"5":0,"6":0},"f":{},"b":{}}
,"C:\\Edgar\\Programacion\\SmartEdify_A\\Proyecto\\smartedify_app\\services\\support\\identity-service\\src\\modules\\compliance\\compliance.service.ts": {"path":"C:\\Edgar\\Programacion\\SmartEdify_A\\Proyecto\\smartedify_app\\services\\support\\identity-service\\src\\modules\\compliance\\compliance.service.ts","statementMap":{"0":{"start":{"line":1,"column":0},"end":{"line":1,"column":44}},"1":{"start":{"line":4,"column":7},"end":{"line":17,"column":null}},"2":{"start":{"line":7,"column":4},"end":{"line":7,"column":59}},"3":{"start":{"line":8,"column":4},"end":{"line":8,"column":27}},"4":{"start":{"line":14,"column":4},"end":{"line":14,"column":61}},"5":{"start":{"line":15,"column":4},"end":{"line":15,"column":29}},"6":{"start":{"line":4,"column":13},"end":{"line":4,"column":30}},"7":{"start":{"line":4,"column":13},"end":{"line":17,"column":null}}},"fnMap":{"0":{"name":"(anonymous_1)","decl":{"start":{"line":5,"column":2},"end":{"line":5,"column":7}},"loc":{"start":{"line":5,"column":33},"end":{"line":9,"column":3}}},"1":{"name":"(anonymous_2)","decl":{"start":{"line":11,"column":2},"end":{"line":11,"column":7}},"loc":{"start":{"line":11,"column":33},"end":{"line":16,"column":3}}}},"branchMap":{},"s":{"0":0,"1":0,"2":0,"3":0,"4":0,"5":0,"6":0,"7":0},"f":{"0":0,"1":0},"b":{}}
,"C:\\Edgar\\Programacion\\SmartEdify_A\\Proyecto\\smartedify_app\\services\\support\\identity-service\\src\\modules\\keys\\keys.module.ts": {"path":"C:\\Edgar\\Programacion\\SmartEdify_A\\Proyecto\\smartedify_app\\services\\support\\identity-service\\src\\modules\\keys\\keys.module.ts","statementMap":{"0":{"start":{"line":1,"column":0},"end":{"line":1,"column":40}},"1":{"start":{"line":2,"column":0},"end":{"line":2,"column":48}},"2":{"start":{"line":3,"column":0},"end":{"line":3,"column":59}},"3":{"start":{"line":4,"column":0},"end":{"line":4,"column":73}},"4":{"start":{"line":5,"column":0},"end":{"line":5,"column":63}},"5":{"start":{"line":6,"column":0},"end":{"line":6,"column":69}},"6":{"start":{"line":14,"column":7},"end":{"line":14,"column":null}},"7":{"start":{"line":14,"column":13},"end":{"line":14,"column":23}},"8":{"start":{"line":14,"column":13},"end":{"line":14,"column":null}}},"fnMap":{},"branchMap":{},"s":{"0":0,"1":0,"2":0,"3":0,"4":0,"5":0,"6":0,"7":0,"8":0},"f":{},"b":{}}
,"C:\\Edgar\\Programacion\\SmartEdify_A\\Proyecto\\smartedify_app\\services\\support\\identity-service\\src\\modules\\keys\\controllers\\jwks.controller.ts": {"path":"C:\\Edgar\\Programacion\\SmartEdify_A\\Proyecto\\smartedify_app\\services\\support\\identity-service\\src\\modules\\keys\\controllers\\jwks.controller.ts","statementMap":{"0":{"start":{"line":1,"column":0},"end":{"line":1,"column":77}},"1":{"start":{"line":2,"column":0},"end":{"line":2,"column":74}},"2":{"start":{"line":5,"column":7},"end":{"line":15,"column":null}},"3":{"start":{"line":6,"column":31},"end":{"line":6,"column":53}},"4":{"start":{"line":10,"column":4},"end":{"line":12,"column":5}},"5":{"start":{"line":11,"column":6},"end":{"line":11,"column":80}},"6":{"start":{"line":13,"column":4},"end":{"line":13,"column":64}},"7":{"start":{"line":5,"column":13},"end":{"line":5,"column":27}},"8":{"start":{"line":9,"column":8},"end":{"line":14,"column":null}},"9":{"start":{"line":5,"column":13},"end":{"line":15,"column":null}}},"fnMap":{"0":{"name":"(anonymous_4)","decl":{"start":{"line":6,"column":2},"end":{"line":6,"column":31}},"loc":{"start":{"line":6,"column":73},"end":{"line":6,"column":77}}},"1":{"name":"(anonymous_5)","decl":{"start":{"line":9,"column":8},"end":{"line":9,"column":24}},"loc":{"start":{"line":9,"column":61},"end":{"line":14,"column":3}}}},"branchMap":{"0":{"loc":{"start":{"line":10,"column":4},"end":{"line":12,"column":5}},"type":"if","locations":[{"start":{"line":10,"column":4},"end":{"line":12,"column":5}},{"start":{},"end":{}}]},"1":{"loc":{"start":{"line":6,"column":53},"end":{"line":6,"column":76}},"type":"cond-expr","locations":[{"start":{"line":6,"column":73},"end":{"line":6,"column":76}},{"start":{"line":6,"column":73},"end":{"line":6,"column":76}}]},"2":{"loc":{"start":{"line":6,"column":53},"end":{"line":6,"column":73}},"type":"binary-expr","locations":[{"start":{"line":6,"column":53},"end":{"line":6,"column":76}},{"start":{"line":6,"column":53},"end":{"line":6,"column":73}}]}},"s":{"0":1,"1":1,"2":1,"3":4,"4":3,"5":1,"6":2,"7":1,"8":1,"9":1},"f":{"0":4,"1":3},"b":{"0":[1,2],"1":[1,0],"2":[1,1]}}
,"C:\\Edgar\\Programacion\\SmartEdify_A\\Proyecto\\smartedify_app\\services\\support\\identity-service\\src\\modules\\keys\\entities\\signing-key.entity.ts": {"path":"C:\\Edgar\\Programacion\\SmartEdify_A\\Proyecto\\smartedify_app\\services\\support\\identity-service\\src\\modules\\keys\\entities\\signing-key.entity.ts","statementMap":{"0":{"start":{"line":1,"column":0},"end":{"line":1,"column":108}},"1":{"start":{"line":3,"column":0},"end":{"line":3,"column":null}},"2":{"start":{"line":4,"column":2},"end":{"line":4,"column":null}},"3":{"start":{"line":5,"column":2},"end":{"line":5,"column":null}},"4":{"start":{"line":6,"column":2},"end":{"line":6,"column":null}},"5":{"start":{"line":11,"column":7},"end":{"line":42,"column":null}},"6":{"start":{"line":11,"column":13},"end":{"line":11,"column":23}},"7":{"start":{"line":13,"column":2},"end":{"line":13,"column":null}},"8":{"start":{"line":16,"column":2},"end":{"line":16,"column":null}},"9":{"start":{"line":19,"column":2},"end":{"line":19,"column":null}},"10":{"start":{"line":22,"column":2},"end":{"line":22,"column":null}},"11":{"start":{"line":25,"column":2},"end":{"line":25,"column":null}},"12":{"start":{"line":32,"column":2},"end":{"line":32,"column":null}},"13":{"start":{"line":35,"column":2},"end":{"line":35,"column":null}},"14":{"start":{"line":38,"column":2},"end":{"line":38,"column":null}},"15":{"start":{"line":41,"column":2},"end":{"line":41,"column":null}},"16":{"start":{"line":11,"column":13},"end":{"line":42,"column":null}}},"fnMap":{"0":{"name":"(anonymous_2)","decl":{"start":{"line":3,"column":0},"end":{"line":3,"column":12}},"loc":{"start":{"line":3,"column":21},"end":{"line":7,"column":1}}}},"branchMap":{"0":{"loc":{"start":{"line":3,"column":12},"end":{"line":3,"column":null}},"type":"binary-expr","locations":[{"start":{"line":3,"column":12},"end":{"line":3,"column":21}},{"start":{"line":3,"column":21},"end":{"line":3,"column":null}}]},"1":{"loc":{"start":{"line":35,"column":14},"end":{"line":35,"column":19}},"type":"cond-expr","locations":[{"start":{"line":35,"column":18},"end":{"line":35,"column":19}},{"start":{"line":35,"column":18},"end":{"line":35,"column":19}}]},"2":{"loc":{"start":{"line":35,"column":14},"end":{"line":35,"column":18}},"type":"binary-expr","locations":[{"start":{"line":35,"column":14},"end":{"line":35,"column":19}},{"start":{"line":35,"column":14},"end":{"line":35,"column":18}}]},"3":{"loc":{"start":{"line":38,"column":14},"end":{"line":38,"column":19}},"type":"cond-expr","locations":[{"start":{"line":38,"column":18},"end":{"line":38,"column":19}},{"start":{"line":38,"column":18},"end":{"line":38,"column":19}}]},"4":{"loc":{"start":{"line":38,"column":14},"end":{"line":38,"column":18}},"type":"binary-expr","locations":[{"start":{"line":38,"column":14},"end":{"line":38,"column":19}},{"start":{"line":38,"column":14},"end":{"line":38,"column":18}}]},"5":{"loc":{"start":{"line":41,"column":14},"end":{"line":41,"column":19}},"type":"cond-expr","locations":[{"start":{"line":41,"column":18},"end":{"line":41,"column":19}},{"start":{"line":41,"column":18},"end":{"line":41,"column":19}}]},"6":{"loc":{"start":{"line":41,"column":14},"end":{"line":41,"column":18}},"type":"binary-expr","locations":[{"start":{"line":41,"column":14},"end":{"line":41,"column":19}},{"start":{"line":41,"column":14},"end":{"line":41,"column":18}}]}},"s":{"0":3,"1":3,"2":3,"3":3,"4":3,"5":3,"6":3,"7":3,"8":3,"9":3,"10":3,"11":3,"12":3,"13":3,"14":3,"15":3,"16":3},"f":{"0":3},"b":{"0":[3,3],"1":[3,0],"2":[3,3],"3":[3,0],"4":[3,3],"5":[3,0],"6":[3,3]}}
,"C:\\Edgar\\Programacion\\SmartEdify_A\\Proyecto\\smartedify_app\\services\\support\\identity-service\\src\\modules\\keys\\services\\key-management.service.ts": {"path":"C:\\Edgar\\Programacion\\SmartEdify_A\\Proyecto\\smartedify_app\\services\\support\\identity-service\\src\\modules\\keys\\services\\key-management.service.ts","statementMap":{"0":{"start":{"line":1,"column":0},"end":{"line":1,"column":52}},"1":{"start":{"line":2,"column":0},"end":{"line":2,"column":51}},"2":{"start":{"line":3,"column":0},"end":{"line":3,"column":41}},"3":{"start":{"line":4,"column":0},"end":{"line":4,"column":71}},"4":{"start":{"line":5,"column":0},"end":{"line":5,"column":34}},"5":{"start":{"line":8,"column":33},"end":{"line":97,"column":null}},"6":{"start":{"line":9,"column":28},"end":{"line":9,"column":65}},"7":{"start":{"line":13,"column":21},"end":{"line":13,"column":43}},"8":{"start":{"line":17,"column":4},"end":{"line":17,"column":65}},"9":{"start":{"line":20,"column":16},"end":{"line":20,"column":85}},"10":{"start":{"line":23,"column":23},"end":{"line":32,"column":6}},"11":{"start":{"line":34,"column":21},"end":{"line":34,"column":69}},"12":{"start":{"line":35,"column":4},"end":{"line":35,"column":67}},"13":{"start":{"line":37,"column":4},"end":{"line":37,"column":20}},"14":{"start":{"line":41,"column":22},"end":{"line":49,"column":6}},"15":{"start":{"line":51,"column":4},"end":{"line":54,"column":5}},"16":{"start":{"line":52,"column":6},"end":{"line":52,"column":89}},"17":{"start":{"line":53,"column":6},"end":{"line":53,"column":43}},"18":{"start":{"line":56,"column":4},"end":{"line":56,"column":21}},"19":{"start":{"line":60,"column":4},"end":{"line":60,"column":65}},"20":{"start":{"line":64,"column":22},"end":{"line":69,"column":6}},"21":{"start":{"line":71,"column":4},"end":{"line":71,"column":101}},"22":{"start":{"line":72,"column":4},"end":{"line":74,"column":7}},"23":{"start":{"line":73,"column":6},"end":{"line":73,"column":97}},"24":{"start":{"line":77,"column":31},"end":{"line":77,"column":33}},"25":{"start":{"line":78,"column":4},"end":{"line":92,"column":5}},"26":{"start":{"line":79,"column":6},"end":{"line":91,"column":7}},"27":{"start":{"line":80,"column":8},"end":{"line":80,"column":77}},"28":{"start":{"line":81,"column":20},"end":{"line":81,"column":60}},"29":{"start":{"line":82,"column":8},"end":{"line":82,"column":47}},"30":{"start":{"line":85,"column":26},"end":{"line":85,"column":38}},"31":{"start":{"line":86,"column":8},"end":{"line":86,"column":33}},"32":{"start":{"line":88,"column":8},"end":{"line":88,"column":85}},"33":{"start":{"line":90,"column":8},"end":{"line":90,"column":96}},"34":{"start":{"line":94,"column":4},"end":{"line":94,"column":88}},"35":{"start":{"line":95,"column":4},"end":{"line":95,"column":30}},"36":{"start":{"line":8,"column":13},"end":{"line":8,"column":33}},"37":{"start":{"line":8,"column":13},"end":{"line":97,"column":null}}},"fnMap":{"0":{"name":"(anonymous_13)","decl":{"start":{"line":11,"column":2},"end":{"line":11,"column":null}},"loc":{"start":{"line":13,"column":65},"end":{"line":14,"column":6}}},"1":{"name":"(anonymous_14)","decl":{"start":{"line":16,"column":2},"end":{"line":16,"column":7}},"loc":{"start":{"line":16,"column":39},"end":{"line":38,"column":3}}},"2":{"name":"(anonymous_15)","decl":{"start":{"line":40,"column":2},"end":{"line":40,"column":7}},"loc":{"start":{"line":40,"column":44},"end":{"line":57,"column":3}}},"3":{"name":"(anonymous_16)","decl":{"start":{"line":59,"column":2},"end":{"line":59,"column":7}},"loc":{"start":{"line":59,"column":31},"end":{"line":61,"column":3}}},"4":{"name":"(anonymous_17)","decl":{"start":{"line":63,"column":2},"end":{"line":63,"column":7}},"loc":{"start":{"line":63,"column":41},"end":{"line":96,"column":3}}},"5":{"name":"(anonymous_18)","decl":{"start":{"line":72,"column":22},"end":{"line":72,"column":25}},"loc":{"start":{"line":72,"column":28},"end":{"line":74,"column":5}}}},"branchMap":{"0":{"loc":{"start":{"line":51,"column":4},"end":{"line":54,"column":5}},"type":"if","locations":[{"start":{"line":51,"column":4},"end":{"line":54,"column":5}},{"start":{},"end":{}}]},"1":{"loc":{"start":{"line":13,"column":43},"end":{"line":13,"column":65}},"type":"cond-expr","locations":[{"start":{"line":13,"column":53},"end":{"line":13,"column":65}},{"start":{"line":13,"column":53},"end":{"line":13,"column":65}}]},"2":{"loc":{"start":{"line":13,"column":43},"end":{"line":13,"column":53}},"type":"binary-expr","locations":[{"start":{"line":13,"column":43},"end":{"line":13,"column":65}},{"start":{"line":13,"column":43},"end":{"line":13,"column":53}}]}},"s":{"0":3,"1":3,"2":3,"3":3,"4":3,"5":3,"6":7,"7":7,"8":1,"9":1,"10":1,"11":1,"12":1,"13":1,"14":2,"15":2,"16":1,"17":1,"18":1,"19":1,"20":2,"21":2,"22":2,"23":2,"24":2,"25":2,"26":2,"27":2,"28":2,"29":2,"30":2,"31":2,"32":2,"33":0,"34":2,"35":2,"36":3,"37":3},"f":{"0":7,"1":1,"2":2,"3":1,"4":2,"5":2},"b":{"0":[1,1],"1":[3,0],"2":[3,3]}}
,"C:\\Edgar\\Programacion\\SmartEdify_A\\Proyecto\\smartedify_app\\services\\support\\identity-service\\src\\modules\\keys\\services\\key-rotation.service.ts": {"path":"C:\\Edgar\\Programacion\\SmartEdify_A\\Proyecto\\smartedify_app\\services\\support\\identity-service\\src\\modules\\keys\\services\\key-rotation.service.ts","statementMap":{"0":{"start":{"line":1,"column":0},"end":{"line":1,"column":52}},"1":{"start":{"line":2,"column":0},"end":{"line":2,"column":56}},"2":{"start":{"line":3,"column":0},"end":{"line":3,"column":51}},"3":{"start":{"line":4,"column":0},"end":{"line":4,"column":54}},"4":{"start":{"line":5,"column":0},"end":{"line":5,"column":71}},"5":{"start":{"line":6,"column":0},"end":{"line":6,"column":64}},"6":{"start":{"line":9,"column":31},"end":{"line":128,"column":null}},"7":{"start":{"line":10,"column":28},"end":{"line":10,"column":63}},"8":{"start":{"line":14,"column":21},"end":{"line":14,"column":43}},"9":{"start":{"line":15,"column":21},"end":{"line":15,"column":43}},"10":{"start":{"line":20,"column":4},"end":{"line":20,"column":65}},"11":{"start":{"line":21,"column":22},"end":{"line":21,"column":32}},"12":{"start":{"line":23,"column":4},"end":{"line":33,"column":5}},"13":{"start":{"line":24,"column":6},"end":{"line":24,"column":43}},"14":{"start":{"line":25,"column":6},"end":{"line":25,"column":40}},"15":{"start":{"line":27,"column":23},"end":{"line":27,"column":45}},"16":{"start":{"line":28,"column":6},"end":{"line":28,"column":92}},"17":{"start":{"line":30,"column":23},"end":{"line":30,"column":45}},"18":{"start":{"line":31,"column":6},"end":{"line":31,"column":94}},"19":{"start":{"line":32,"column":6},"end":{"line":32,"column":18}},"20":{"start":{"line":37,"column":26},"end":{"line":37,"column":36}},"21":{"start":{"line":38,"column":4},"end":{"line":38,"column":56}},"22":{"start":{"line":40,"column":4},"end":{"line":40,"column":96}},"23":{"start":{"line":42,"column":25},"end":{"line":48,"column":6}},"24":{"start":{"line":50,"column":4},"end":{"line":50,"column":74}},"25":{"start":{"line":52,"column":4},"end":{"line":55,"column":5}},"26":{"start":{"line":53,"column":6},"end":{"line":53,"column":62}},"27":{"start":{"line":54,"column":6},"end":{"line":54,"column":13}},"28":{"start":{"line":57,"column":4},"end":{"line":80,"column":5}},"29":{"start":{"line":58,"column":6},"end":{"line":58,"column":124}},"30":{"start":{"line":60,"column":6},"end":{"line":79,"column":7}},"31":{"start":{"line":62,"column":23},"end":{"line":62,"column":84}},"32":{"start":{"line":63,"column":8},"end":{"line":63,"column":96}},"33":{"start":{"line":66,"column":29},"end":{"line":69,"column":10}},"34":{"start":{"line":71,"column":8},"end":{"line":75,"column":9}},"35":{"start":{"line":72,"column":10},"end":{"line":72,"column":71}},"36":{"start":{"line":74,"column":10},"end":{"line":74,"column":107}},"37":{"start":{"line":77,"column":8},"end":{"line":77,"column":107}},"38":{"start":{"line":78,"column":8},"end":{"line":78,"column":20}},"39":{"start":{"line":82,"column":4},"end":{"line":82,"column":85}},"40":{"start":{"line":86,"column":25},"end":{"line":86,"column":35}},"41":{"start":{"line":87,"column":4},"end":{"line":87,"column":53}},"42":{"start":{"line":89,"column":4},"end":{"line":89,"column":100}},"43":{"start":{"line":91,"column":25},"end":{"line":97,"column":6}},"44":{"start":{"line":99,"column":4},"end":{"line":99,"column":79}},"45":{"start":{"line":101,"column":4},"end":{"line":104,"column":5}},"46":{"start":{"line":102,"column":6},"end":{"line":102,"column":76}},"47":{"start":{"line":103,"column":6},"end":{"line":103,"column":13}},"48":{"start":{"line":106,"column":4},"end":{"line":124,"column":5}},"49":{"start":{"line":107,"column":6},"end":{"line":107,"column":129}},"50":{"start":{"line":109,"column":6},"end":{"line":123,"column":7}},"51":{"start":{"line":110,"column":29},"end":{"line":113,"column":10}},"52":{"star
[...]
,"C:\\Edgar\\Programacion\\SmartEdify_A\\Proyecto\\smartedify_app\\services\\support\\identity-service\\src\\modules\\webauthn\\rp.service.ts": {"path":"C:\\Edgar\\Programacion\\SmartEdify_A\\Proyecto\\smartedify_app\\services\\support\\identity-service\\src\\modules\\webauthn\\rp.service.ts","statementMap":{"0":{"start":{"line":1,"column":0},"end":{"line":1,"column":44}},"1":{"start":{"line":4,"column":7},"end":{"line":18,"column":null}},"2":{"start":{"line":6,"column":4},"end":{"line":6,"column":24}},"3":{"start":{"line":11,"column":4},"end":{"line":11,"column":23}},"4":{"start":{"line":16,"column":4},"end":{"line":16,"column":35}},"5":{"start":{"line":4,"column":13},"end":{"line":4,"column":22}},"6":{"start":{"line":4,"column":13},"end":{"line":18,"column":null}}},"fnMap":{"0":{"name":"(anonymous_1)","decl":{"start":{"line":5,"column":2},"end":{"line":5,"column":11}},"loc":{"start":{"line":5,"column":11},"end":{"line":7,"column":3}}},"1":{"name":"(anonymous_2)","decl":{"start":{"line":9,"column":2},"end":{"line":9,"column":9}},"loc":{"start":{"line":9,"column":9},"end":{"line":12,"column":3}}},"2":{"name":"(anonymous_3)","decl":{"start":{"line":14,"column":2},"end":{"line":14,"column":19}},"loc":{"start":{"line":14,"column":19},"end":{"line":17,"column":3}}}},"branchMap":{},"s":{"0":0,"1":0,"2":0,"3":0,"4":0,"5":0,"6":0},"f":{"0":0,"1":0,"2":0},"b":{}}
,"C:\\Edgar\\Programacion\\SmartEdify_A\\Proyecto\\smartedify_app\\services\\support\\identity-service\\src\\modules\\webauthn\\webauthn.controller.ts": {"path":"C:\\Edgar\\Programacion\\SmartEdify_A\\Proyecto\\smartedify_app\\services\\support\\identity-service\\src\\modules\\webauthn\\webauthn.controller.ts","statementMap":{"0":{"start":{"line":1,"column":0},"end":{"line":1,"column":68}},"1":{"start":{"line":2,"column":0},"end":{"line":2,"column":53}},"2":{"start":{"line":5,"column":7},"end":{"line":33,"column":null}},"3":{"start":{"line":6,"column":31},"end":{"line":6,"column":48}},"4":{"start":{"line":10,"column":4},"end":{"line":10,"column":78}},"5":{"start":{"line":16,"column":30},"end":{"line":16,"column":46}},"6":{"start":{"line":17,"column":4},"end":{"line":17,"column":76}},"7":{"start":{"line":22,"column":4},"end":{"line":22,"column":64}},"8":{"start":{"line":29,"column":30},"end":{"line":29,"column":46}},"9":{"start":{"line":30,"column":26},"end":{"line":30,"column":28}},"10":{"start":{"line":31,"column":4},"end":{"line":31,"column":93}},"11":{"start":{"line":5,"column":13},"end":{"line":5,"column":31}},"12":{"start":{"line":9,"column":8},"end":{"line":11,"column":null}},"13":{"start":{"line":14,"column":8},"end":{"line":18,"column":null}},"14":{"start":{"line":21,"column":8},"end":{"line":23,"column":null}},"15":{"start":{"line":26,"column":8},"end":{"line":32,"column":null}},"16":{"start":{"line":5,"column":13},"end":{"line":33,"column":null}}},"fnMap":{"0":{"name":"(anonymous_4)","decl":{"start":{"line":6,"column":2},"end":{"line":6,"column":31}},"loc":{"start":{"line":6,"column":63},"end":{"line":6,"column":67}}},"1":{"name":"(anonymous_5)","decl":{"start":{"line":9,"column":8},"end":{"line":9,"column":27}},"loc":{"start":{"line":9,"column":96},"end":{"line":11,"column":3}}},"2":{"name":"(anonymous_6)","decl":{"start":{"line":14,"column":8},"end":{"line":14,"column":32}},"loc":{"start":{"line":14,"column":50},"end":{"line":18,"column":3}}},"3":{"name":"(anonymous_7)","decl":{"start":{"line":21,"column":8},"end":{"line":21,"column":29}},"loc":{"start":{"line":21,"column":29},"end":{"line":23,"column":3}}},"4":{"name":"(anonymous_8)","decl":{"start":{"line":26,"column":8},"end":{"line":26,"column":34}},"loc":{"start":{"line":26,"column":52},"end":{"line":32,"column":3}}}},"branchMap":{"0":{"loc":{"start":{"line":6,"column":48},"end":{"line":6,"column":66}},"type":"cond-expr","locations":[{"start":{"line":6,"column":63},"end":{"line":6,"column":66}},{"start":{"line":6,"column":63},"end":{"line":6,"column":66}}]},"1":{"loc":{"start":{"line":6,"column":48},"end":{"line":6,"column":63}},"type":"binary-expr","locations":[{"start":{"line":6,"column":48},"end":{"line":6,"column":66}},{"start":{"line":6,"column":48},"end":{"line":6,"column":63}}]}},"s":{"0":0,"1":0,"2":0,"3":0,"4":0,"5":0,"6":0,"7":0,"8":0,"9":0,"10":0,"11":0,"12":0,"13":0,"14":0,"15":0,"16":0},"f":{"0":0,"1":0,"2":0,"3":0,"4":0},"b":{"0":[0,0],"1":[0,0]}}
,"C:\\Edgar\\Programacion\\SmartEdify_A\\Proyecto\\smartedify_app\\services\\support\\identity-service\\src\\modules\\webauthn\\webauthn.module.ts": {"path":"C:\\Edgar\\Programacion\\SmartEdify_A\\Proyecto\\smartedify_app\\services\\support\\identity-service\\src\\modules\\webauthn\\webauthn.module.ts","statementMap":{"0":{"start":{"line":1,"column":0},"end":{"line":1,"column":40}},"1":{"start":{"line":2,"column":0},"end":{"line":2,"column":48}},"2":{"start":{"line":3,"column":0},"end":{"line":3,"column":75}},"3":{"start":{"line":4,"column":0},"end":{"line":4,"column":53}},"4":{"start":{"line":5,"column":0},"end":{"line":5,"column":59}},"5":{"start":{"line":6,"column":0},"end":{"line":6,"column":41}},"6":{"start":{"line":7,"column":0},"end":{"line":7,"column":52}},"7":{"start":{"line":14,"column":7},"end":{"line":14,"column":null}},"8":{"start":{"line":14,"column":13},"end":{"line":14,"column":27}},"9":{"start":{"line":14,"column":13},"end":{"line":14,"column":null}}},"fnMap":{},"branchMap":{},"s":{"0":0,"1":0,"2":0,"3":0,"4":0,"5":0,"6":0,"7":0,"8":0,"9":0},"f":{},"b":{}}
,"C:\\Edgar\\Programacion\\SmartEdify_A\\Proyecto\\smartedify_app\\services\\support\\identity-service\\src\\modules\\webauthn\\webauthn.service.ts": {"path":"C:\\Edgar\\Programacion\\SmartEdify_A\\Proyecto\\smartedify_app\\services\\support\\identity-service\\src\\modules\\webauthn\\webauthn.service.ts","statementMap":{"0":{"start":{"line":1,"column":0},"end":{"line":1,"column":63}},"1":{"start":{"line":2,"column":0},"end":{"line":2,"column":null}},"2":{"start":{"line":8,"column":0},"end":{"line":8,"column":41}},"3":{"start":{"line":9,"column":0},"end":{"line":9,"column":54}},"4":{"start":{"line":10,"column":0},"end":{"line":10,"column":51}},"5":{"start":{"line":11,"column":0},"end":{"line":11,"column":75}},"6":{"start":{"line":12,"column":0},"end":{"line":12,"column":37}},"7":{"start":{"line":15,"column":7},"end":{"line":139,"column":null}},"8":{"start":{"line":17,"column":21},"end":{"line":17,"column":32}},"9":{"start":{"line":18,"column":21},"end":{"line":18,"column":35}},"10":{"start":{"line":20,"column":12},"end":{"line":20,"column":42}},"11":{"start":{"line":24,"column":17},"end":{"line":24,"column":62}},"12":{"start":{"line":25,"column":4},"end":{"line":27,"column":5}},"13":{"start":{"line":26,"column":6},"end":{"line":26,"column":52}},"14":{"start":{"line":29,"column":28},"end":{"line":29,"column":110}},"15":{"start":{"line":31,"column":20},"end":{"line":46,"column":6}},"16":{"start":{"line":37,"column":55},"end":{"line":41,"column":8}},"17":{"start":{"line":51,"column":4},"end":{"line":51,"column":19}},"18":{"start":{"line":55,"column":25},"end":{"line":60,"column":6}},"19":{"start":{"line":62,"column":4},"end":{"line":81,"column":5}},"20":{"start":{"line":63,"column":61},"end":{"line":63,"column":90}},"21":{"start":{"line":66,"column":19},"end":{"line":66,"column":71}},"22":{"start":{"line":67,"column":6},"end":{"line":69,"column":7}},"23":{"start":{"line":68,"column":8},"end":{"line":68,"column":54}},"24":{"start":{"line":71,"column":28},"end":{"line":79,"column":8}},"25":{"start":{"line":80,"column":6},"end":{"line":80,"column":66}},"26":{"start":{"line":83,"column":4},"end":{"line":83,"column":24}},"27":{"start":{"line":88,"column":4},"end":{"line":98,"column":5}},"28":{"start":{"line":89,"column":21},"end":{"line":89,"column":66}},"29":{"start":{"line":90,"column":8},"end":{"line":97,"column":9}},"30":{"start":{"line":91,"column":36},"end":{"line":91,"column":118}},"31":{"start":{"line":92,"column":12},"end":{"line":96,"column":16}},"32":{"start":{"line":92,"column":60},"end":{"line":96,"column":14}},"33":{"start":{"line":100,"column":20},"end":{"line":104,"column":6}},"34":{"start":{"line":109,"column":4},"end":{"line":109,"column":19}},"35":{"start":{"line":113,"column":29},"end":{"line":113,"column":37}},"36":{"start":{"line":114,"column":23},"end":{"line":114,"column":114}},"37":{"start":{"line":116,"column":4},"end":{"line":118,"column":5}},"38":{"start":{"line":117,"column":8},"end":{"line":117,"column":60}},"39":{"start":{"line":120,"column":25},"end":{"line":130,"column":6}},"40":{"start":{"line":132,"column":4},"end":{"line":135,"column":5}},"41":{"start":{"line":133,"column":8},"end":{"line":133,"column":75}},"42":{"start":{"line":134,"column":8},"end":{"line":134,"column":65}},"43":{"start":{"line":137,"column":4},"end":{"line":137,"column":24}},"44":{"start":{"line":15,"column":13},"end":{"line":15,"column":28}},"45":{"start":{"line":15,"column":13},"end":{"line":139,"column":null}}},"fnMap":{"0":{"name":"(anonymous_4)","decl":{"start":{"line":16,"column":2},"end":{"line":16,"column":null}},"loc":{"start":{"line":20,"column":72},"end":{"line":21,"column":6}}},"1":{"name":"(anonymous_5)","decl":{"start":{"line":23,"column":2},"end":{"line":23,"column":7}},"loc":{"start":{"line":23,"column":52},"end":{"line":52,"column":3}}},"2":{"name":"(anonymous_6)","decl":{"start":{"line":37,"column":46},"end":{"line":37,"column":50}},"loc":{"start":{"line":37,"column":55},"end":{"line":41,"column":8}}},"3":{"name":"(anonymous_7)","decl":{"start":{"line":54,"column":2},"end":{"line":54,"column":7}},"loc":{"start":{"line":54,"column":67},"end":{"line":84,"column":3}}},"4":{"name":"(anonymous_8)","decl":{"start":{"line":86,"column":2},"end":{"line":86,"column":7}},"loc":{"start":{"line":86,"column":55},"end":{"line":110,"column":3}}},"5":{"name":"(anonymous_9)","decl":{"start":{"line":92,"column":51},"end":{"line":92,"column":55}},"loc":{"start":{"line":92,"column":60},"end":{"line":96,"column":14}}},"6":{"name":"(anonymous_10)","decl":{"start":{"line":112,"column":2},"end":{"line":112,"column":7}},"loc":{"start":{"line":112,"column":69},"end":{"line":138,"column":3}}}},"branchMap":{"0":{"loc":{"start":{"line":25,"column":4},"end":{"line":27,"column":5}},"type":"if","locations":[{"start":{"line":25,"column":4},"end":{"line":27,"column":5}},{"start":{},"end":{}}]},"1":{"loc":{"start":{"line":62,"column":4},"end":{"line":81,"column":5}},"type":"if","locations":[{"start":{"line":62,"column":4},"end":{"line":81,"column":5}},{"start":{},"end":{}}]},"2":{"loc":{"start":{"line":62,"column":8},"end":{"line":62,"column":62}},"type":"binary-expr","locations":[{"start":{"line":62,"column":8},"end":{"line":62,"column":29}},{"start":{"line":62,"column":33},"end":{"line":62,"column":62}}]},"3":{"loc":{"start":{"line":67,"column":6},"end":{"line":69,"column":7}},"type":"if","locations":[{"start":{"line":67,"column":6},"end":{"line":69,"column":7}},{"start":{},"end":{}}]},"4":{"loc":{"start":{"line":88,"column":4},"end":{"line":98,"column":5}},"type":"if","locations":[{"start":{"line":88,"column":4},"end":{"line":98,"column":5}},{"start":{},"end":{}}]},"5":{"loc":{"start":{"line":90,"column":8},"end":{"line":97,"column":9}},"type":"if","locations":[{"start":{"line":90,"column":8},"end":{"line":97,"column":9}},{"start":{},"end":{}}]},"6":{"loc":{"start":{"line":116,"column":4},"end":{"line":118,"column":5}},"type":"if","locations":[{"start":{"line":116,"column":4},"end":{"line":118,"column":5}},{"start":{},"end":{}}]},"7":{"loc":{"start":{"line":132,"column":4},"end":{"line":135,"column":5}},"type":"if","locations":[{"start":{"line":132,"column":4},"end":{"line":135,"column":5}},{"start":{},"end":{}}]},"8":{"loc":{"start":{"line":17,"column":32},"end":{"line":17,"column":null}},"type":"cond-expr","locations":[{"start":{"line":17,"column":41},"end":{"line":17,"column":null}},{"start":{"line":17,"column":41},"end":{"line":17,"column":null}}]},"9":{"loc":{"start":{"line":17,"column":32},"end":{"line":17,"column":41}},"type":"binary-expr","locations":[{"start":{"line":17,"column":32},"end":{"line":17,"column":null}},{"start":{"line":17,"column":32},"end":{"line":17,"column":41}}]},"10":{"loc":{"start":{"line":17,"column":41},"end":{"line":18,"column":null}},"type":"cond-expr","locations":[{"start":{"line":18,"column":47},"end":{"line":18,"column":null}},{"start":{"line":18,"column":47},"end":{"line":18,"column":null}}]},"11":{"loc":{"start":{"line":17,"column":41},"end":{"line":18,"column":47}},"type":"binary-expr","locations":[{"start":{"line":17,"column":41},"end":{"line":18,"column":null}},{"start":{"line":18,"column":35},"end":{"line":18,"column":47}}]},"12":{"loc":{"start":{"line":18,"column":47},"end":{"line":20,"column":72}},"type":"cond-expr","locations":[{"start":{"line":20,"column":52},"end":{"line":20,"column":72}},{"start":{"line":20,"column":52},"end":{"line":20,"column":72}}]},"13":{"loc":{"start":{"line":18,"column":47},"end":{"line":20,"column":52}},"type":"binary-expr","locations":[{"start":{"line":18,"column":47},"end":{"line":20,"column":72}},{"start":{"line":20,"column":42},"end":{"line":20,"column":52}}]}},"s":{"0":0,"1":0,"2":0,"3":0,"4":0,"5":0,"6":0,"7":0,"8":0,"9":0,"10":0,"11":0,"12":0,"13":0,"14":0,"15":0,"16":0,"17":0,"18":0,"19":0,"20":0,"21":0,"22":0,"23":0,"24":0,"25":0,"26":0,"27":0,"28":0,"29":0,"30":0,"31":0,"32":0,"33":0,"34":0,"35":0,"36":0,"37":0,"38":0,"39":0,"40":0,"41":0,"42":0,"43":0,"44":0,"45":0},"f":{"0":0,"1":0,"2":0,"3":0,"4":0,"5":0,"6":0},"b":{"0":[0,0],"1":[0,0],"2":[0,0],"3":[0,0],"4":[0,0],"5":[0,0],"6":[0,0],"7":[0,0],"8":[0,0],"9":[0,0],"10":[0,0],"11":[0,0],"12":[0,0],"13":[0,0]}}
,"C:\\Edgar\\Programacion\\SmartEdify_A\\Proyecto\\smartedify_app\\services\\support\\identity-service\\src\\modules\\webauthn\\entities\\webauthn-credential.entity.ts": {"path":"C:\\Edgar\\Programacion\\SmartEdify_A\\Proyecto\\smartedify_app\\services\\support\\identity-service\\src\\modules\\webauthn\\entities\\webauthn-credential.entity.ts","statementMap":{"0":{"start":{"line":1,"column":0},"end":{"line":1,"column":114}},"1":{"start":{"line":2,"column":0},"end":{"line":2,"column":56}},"2":{"start":{"line":6,"column":7},"end":{"line":52,"column":null}},"3":{"start":{"line":6,"column":13},"end":{"line":6,"column":31}},"4":{"start":{"line":8,"column":2},"end":{"line":8,"column":null}},"5":{"start":{"line":12,"column":2},"end":{"line":12,"column":null}},"6":{"start":{"line":10,"column":19},"end":{"line":10,"column":23}},"7":{"start":{"line":15,"column":2},"end":{"line":15,"column":null}},"8":{"start":{"line":18,"column":2},"end":{"line":18,"column":null}},"9":{"start":{"line":21,"column":2},"end":{"line":21,"column":null}},"10":{"start":{"line":24,"column":2},"end":{"line":24,"column":null}},"11":{"start":{"line":27,"column":2},"end":{"line":27,"column":null}},"12":{"start":{"line":30,"column":2},"end":{"line":30,"column":null}},"13":{"start":{"line":33,"column":2},"end":{"line":33,"column":null}},"14":{"start":{"line":36,"column":2},"end":{"line":36,"column":null}},"15":{"start":{"line":39,"column":2},"end":{"line":39,"column":null}},"16":{"start":{"line":42,"column":2},"end":{"line":42,"column":null}},"17":{"start":{"line":45,"column":2},"end":{"line":45,"column":null}},"18":{"start":{"line":48,"column":2},"end":{"line":48,"column":null}},"19":{"start":{"line":51,"column":2},"end":{"line":51,"column":null}},"20":{"start":{"line":6,"column":13},"end":{"line":52,"column":null}}},"fnMap":{"0":{"name":"(anonymous_2)","decl":{"start":{"line":10,"column":13},"end":{"line":10,"column":16}},"loc":{"start":{"line":10,"column":19},"end":{"line":10,"column":23}}}},"branchMap":{"0":{"loc":{"start":{"line":12,"column":8},"end":{"line":12,"column":13}},"type":"cond-expr","locations":[{"start":{"line":12,"column":12},"end":{"line":12,"column":13}},{"start":{"line":12,"column":12},"end":{"line":12,"column":13}}]},"1":{"loc":{"start":{"line":12,"column":8},"end":{"line":12,"column":12}},"type":"binary-expr","locations":[{"start":{"line":12,"column":8},"end":{"line":12,"column":13}},{"start":{"line":12,"column":8},"end":{"line":12,"column":12}}]},"2":{"loc":{"start":{"line":15,"column":17},"end":{"line":15,"column":24}},"type":"cond-expr","locations":[{"start":{"line":15,"column":23},"end":{"line":15,"column":24}},{"start":{"line":15,"column":23},"end":{"line":15,"column":24}}]},"3":{"loc":{"start":{"line":15,"column":17},"end":{"line":15,"column":23}},"type":"binary-expr","locations":[{"start":{"line":15,"column":17},"end":{"line":15,"column":24}},{"start":{"line":15,"column":17},"end":{"line":15,"column":23}}]},"4":{"loc":{"start":{"line":18,"column":14},"end":{"line":18,"column":21}},"type":"cond-expr","locations":[{"start":{"line":18,"column":20},"end":{"line":18,"column":21}},{"start":{"line":18,"column":20},"end":{"line":18,"column":21}}]},"5":{"loc":{"start":{"line":18,"column":14},"end":{"line":18,"column":20}},"type":"binary-expr","locations":[{"start":{"line":18,"column":14},"end":{"line":18,"column":21}},{"start":{"line":18,"column":14},"end":{"line":18,"column":20}}]},"6":{"loc":{"start":{"line":30,"column":10},"end":{"line":30,"column":17}},"type":"cond-expr","locations":[{"start":{"line":30,"column":16},"end":{"line":30,"column":17}},{"start":{"line":30,"column":16},"end":{"line":30,"column":17}}]},"7":{"loc":{"start":{"line":30,"column":10},"end":{"line":30,"column":16}},"type":"binary-expr","locations":[{"start":{"line":30,"column":10},"end":{"line":30,"column":17}},{"start":{"line":30,"column":10},"end":{"line":30,"column":16}}]},"8":{"loc":{"start":{"line":48,"column":16},"end":{"line":48,"column":21}},"type":"cond-expr","locations":[{"start":{"line":48,"column":20},"end":{"line":48,"column":21}},{"start":{"line":48,"column":20},"end":{"line":48,"column":21}}]},"9":{"loc":{"start":{"line":48,"column":16},"end":{"line":48,"column":20}},"type":"binary-expr","locations":[{"start":{"line":48,"column":16},"end":{"line":48,"column":21}},{"start":{"line":48,"column":16},"end":{"line":48,"column":20}}]},"10":{"loc":{"start":{"line":51,"column":14},"end":{"line":51,"column":19}},"type":"cond-expr","locations":[{"start":{"line":51,"column":18},"end":{"line":51,"column":19}},{"start":{"line":51,"column":18},"end":{"line":51,"column":19}}]},"11":{"loc":{"start":{"line":51,"column":14},"end":{"line":51,"column":18}},"type":"binary-expr","locations":[{"start":{"line":51,"column":14},"end":{"line":51,"column":19}},{"start":{"line":51,"column":14},"end":{"line":51,"column":18}}]}},"s":{"0":0,"1":0,"2":0,"3":0,"4":0,"5":0,"6":0,"7":0,"8":0,"9":0,"10":0,"11":0,"12":0,"13":0,"14":0,"15":0,"16":0,"17":0,"18":0,"19":0,"20":0},"f":{"0":0},"b":{"0":[0,0],"1":[0,0],"2":[0,0],"3":[0,0],"4":[0,0],"5":[0,0],"6":[0,0],"7":[0,0],"8":[0,0],"9":[0,0],"10":[0,0],"11":[0,0]}}
}
