TN:
SF:src\app.controller.ts
FN:6,(anonymous_2)
FN:9,(anonymous_3)
FNF:2
FNH:2
FNDA:1,(anonymous_2)
FNDA:1,(anonymous_3)
DA:1,1
DA:2,1
DA:5,1
DA:6,1
DA:9,1
DA:10,1
LF:6
LH:6
BRDA:6,0,0,1
BRDA:6,0,1,0
BRDA:6,1,0,1
BRDA:6,1,1,1
BRF:4
BRH:3
end_of_record
TN:
SF:src\app.module.ts
FNF:0
FNH:0
DA:1,0
DA:2,0
DA:3,0
DA:4,0
DA:5,0
DA:6,0
DA:7,0
DA:8,0
DA:9,0
DA:10,0
DA:11,0
DA:12,0
DA:13,0
DA:14,0
DA:15,0
DA:16,0
DA:17,0
DA:18,0
DA:40,0
LF:19
LH:0
BRF:0
BRH:0
end_of_record
TN:
SF:src\app.service.ts
FN:5,(anonymous_1)
FNF:1
FNH:1
FNDA:1,(anonymous_1)
DA:1,1
DA:4,1
DA:6,1
LF:3
LH:3
BRF:0
BRH:0
end_of_record
TN:
SF:src\main.ts
FN:4,bootstrap
FN:10,(anonymous_1)
FNF:2
FNH:0
FNDA:0,bootstrap
FNDA:0,(anonymous_1)
DA:1,0
DA:2,0
DA:5,0
DA:6,0
DA:10,0
DA:11,0
DA:12,0
LF:7
LH:0
BRDA:6,0,0,0
BRDA:6,0,1,0
BRF:2
BRH:0
end_of_record
TN:
SF:src\config\database.config.ts
FN:13,(anonymous_0)
FN:47,(anonymous_1)
FN:51,(anonymous_2)
FNF:3
FNH:0
FNDA:0,(anonymous_0)
FNDA:0,(anonymous_1)
FNDA:0,(anonymous_2)
DA:2,0
DA:3,0
DA:4,0
DA:5,0
DA:6,0
DA:7,0
DA:8,0
DA:9,0
DA:10,0
DA:11,0
DA:13,0
DA:14,0
DA:43,0
DA:47,0
DA:51,0
DA:53,0
LF:16
LH:0
BRDA:13,0,0,0
BRDA:16,1,0,0
BRDA:16,1,1,0
BRDA:17,2,0,0
BRDA:17,2,1,0
BRDA:17,3,0,0
BRDA:17,3,1,0
BRDA:18,4,0,0
BRDA:18,4,1,0
BRDA:19,5,0,0
BRDA:19,5,1,0
BRDA:20,6,0,0
BRDA:20,6,1,0
BRDA:21,7,0,0
BRDA:21,7,1,0
BRDA:22,8,0,0
BRDA:22,8,1,0
BRDA:38,9,0,0
BRDA:38,9,1,0
BRDA:55,10,0,0
BRDA:55,10,1,0
BRDA:56,11,0,0
BRDA:56,11,1,0
BRDA:57,12,0,0
BRDA:57,12,1,0
BRDA:58,13,0,0
BRDA:58,13,1,0
BRDA:59,14,0,0
BRDA:59,14,1,0
BRF:29
BRH:0
end_of_record
TN:
SF:src\config\dpop.config.ts
FN:21,parsePositiveInteger
FN:38,getDpopConfig
FNF:2
FNH:0
FNDA:0,parsePositiveInteger
FNDA:0,getDpopConfig
DA:1,1
DA:15,1
DA:17,1
DA:18,1
DA:19,1
DA:25,0
DA:26,0
DA:28,0
DA:29,0
DA:30,0
DA:33,0
DA:35,0
DA:38,1
DA:39,0
DA:44,0
DA:46,0
DA:50,0
DA:51,0
DA:52,0
DA:57,0
DA:62,0
LF:21
LH:6
BRDA:25,0,0,0
BRDA:25,0,1,0
BRDA:29,1,0,0
BRDA:29,1,1,0
BRDA:29,2,0,0
BRDA:29,2,1,0
BRDA:40,3,0,0
BRDA:40,3,1,0
BRDA:47,4,0,0
BRDA:47,4,1,0
BRDA:50,5,0,0
BRDA:50,5,1,0
BRDA:51,6,0,0
BRDA:51,6,1,0
BRDA:51,7,0,0
BRDA:51,7,1,0
BRF:16
BRH:0
end_of_record
TN:
SF:src\config\typeorm.config.ts
FNF:0
FNH:0
DA:1,0
DA:2,0
DA:6,0
LF:3
LH:0
BRF:0
BRH:0
end_of_record
TN:
SF:src\db\migrations\1727659200000-InitialSchema.ts
FN:6,(anonymous_0)
FN:254,(anonymous_1)
FNF:2
FNH:0
FNDA:0,(anonymous_0)
FNDA:0,(anonymous_1)
DA:3,0
DA:4,0
DA:8,0
DA:34,0
DA:37,0
DA:42,0
DA:58,0
DA:85,0
DA:90,0
DA:105,0
DA:119,0
DA:137,0
DA:142,0
DA:159,0
DA:164,0
DA:177,0
DA:182,0
DA:200,0
DA:216,0
DA:221,0
DA:225,0
DA:229,0
DA:233,0
DA:237,0
DA:241,0
DA:245,0
DA:249,0
DA:256,0
DA:257,0
DA:258,0
DA:259,0
DA:260,0
DA:261,0
DA:262,0
DA:263,0
DA:266,0
DA:267,0
DA:268,0
DA:269,0
DA:270,0
DA:271,0
DA:272,0
DA:273,0
DA:274,0
DA:275,0
LF:45
LH:0
BRF:0
BRH:0
end_of_record
TN:
SF:src\filters\all-exceptions.filter.ts
FN:15,(anonymous_1)
FNF:1
FNH:0
FNDA:0,(anonymous_1)
DA:1,0
DA:12,0
DA:13,0
DA:16,0
DA:17,0
DA:18,0
DA:20,0
DA:21,0
DA:23,0
DA:24,0
DA:25,0
DA:26,0
DA:29,0
DA:30,0
DA:33,0
DA:38,0
LF:16
LH:0
BRDA:23,0,0,0
BRDA:23,0,1,0
BRDA:26,1,0,0
BRDA:26,1,1,0
BRDA:28,2,0,0
BRDA:28,2,1,0
BRDA:29,3,0,0
BRDA:29,3,1,0
BRDA:35,4,0,0
BRDA:35,4,1,0
BRF:10
BRH:0
end_of_record
TN:
SF:src\modules\auth\auth.controller.ts
FN:36,(anonymous_4)
FN:40,(anonymous_5)
FN:51,(anonymous_6)
FN:57,(anonymous_7)
FN:144,(anonymous_8)
FN:230,(anonymous_9)
FN:243,(anonymous_10)
FNF:7
FNH:0
FNDA:0,(anonymous_4)
FNDA:0,(anonymous_5)
FNDA:0,(anonymous_6)
FNDA:0,(anonymous_7)
FNDA:0,(anonymous_8)
FNDA:0,(anonymous_9)
FNDA:0,(anonymous_10)
DA:1,0
DA:16,0
DA:18,0
DA:35,0
DA:36,0
DA:40,0
DA:41,0
DA:42,0
DA:46,0
DA:51,0
DA:53,0
DA:57,0
DA:65,0
DA:74,0
DA:75,0
DA:76,0
DA:77,0
DA:78,0
DA:79,0
DA:82,0
DA:83,0
DA:84,0
DA:85,0
DA:86,0
DA:95,0
DA:96,0
DA:101,0
DA:102,0
DA:103,0
DA:105,0
DA:106,0
DA:107,0
DA:110,0
DA:112,0
DA:114,0
DA:121,0
DA:126,0
DA:127,0
DA:130,0
DA:131,0
DA:134,0
DA:139,0
DA:144,0
DA:150,0
DA:151,0
DA:153,0
DA:162,0
DA:163,0
DA:166,0
DA:167,0
DA:170,0
DA:171,0
DA:179,0
DA:187,0
DA:192,0
DA:193,0
DA:194,0
DA:195,0
DA:197,0
DA:198,0
DA:203,0
DA:209,0
DA:214,0
DA:215,0
DA:216,0
DA:220,0
DA:224,0
DA:230,0
DA:234,0
DA:235,0
DA:237,0
DA:238,0
DA:243,0
DA:244,0
LF:74
LH:0
BRDA:41,0,0,0
BRDA:41,0,1,0
BRDA:41,1,0,0
BRDA:41,1,1,0
BRDA:66,2,0,0
BRDA:66,2,1,0
BRDA:67,3,0,0
BRDA:67,3,1,0
BRDA:68,4,0,0
BRDA:68,4,1,0
BRDA:69,5,0,0
BRDA:69,5,1,0
BRDA:70,6,0,0
BRDA:70,6,1,0
BRDA:74,7,0,0
BRDA:74,7,1,0
BRDA:78,8,0,0
BRDA:78,8,1,0
BRDA:95,9,0,0
BRDA:95,9,1,0
BRDA:95,10,0,0
BRDA:95,10,1,0
BRDA:95,10,2,0
BRDA:101,11,0,0
BRDA:101,11,1,0
BRDA:105,12,0,0
BRDA:105,12,1,0
BRDA:126,13,0,0
BRDA:126,13,1,0
BRDA:162,14,0,0
BRDA:162,14,1,0
BRDA:166,15,0,0
BRDA:166,15,1,0
BRDA:170,16,0,0
BRDA:170,16,1,0
BRDA:170,17,0,0
BRDA:170,17,1,0
BRDA:188,18,0,0
BRDA:188,18,1,0
BRDA:189,19,0,0
BRDA:189,19,1,0
BRDA:193,20,0,0
BRDA:193,20,1,0
BRDA:194,21,0,0
BRDA:194,21,1,0
BRDA:197,22,0,0
BRDA:197,22,1,0
BRDA:214,23,0,0
BRDA:214,23,1,0
BRDA:215,24,0,0
BRDA:215,24,1,0
BRDA:234,25,0,0
BRDA:234,25,1,0
BRDA:36,26,0,0
BRDA:36,26,1,0
BRDA:36,27,0,0
BRDA:36,27,1,0
BRF:57
BRH:0
end_of_record
TN:
SF:src\modules\auth\auth.module.ts
FNF:0
FNH:0
DA:1,0
DA:2,0
DA:3,0
DA:4,0
DA:5,0
DA:6,0
DA:7,0
DA:8,0
DA:9,0
DA:10,0
DA:11,0
DA:12,0
DA:13,0
DA:14,0
DA:15,0
DA:16,0
DA:17,0
DA:39,0
LF:18
LH:0
BRF:0
BRH:0
end_of_record
TN:
SF:src\modules\auth\auth.service.ts
FN:79,(anonymous_13)
FN:93,(anonymous_14)
FN:102,(anonymous_15)
FN:106,(anonymous_16)
FN:135,(anonymous_17)
FN:165,(anonymous_18)
FN:241,(anonymous_19)
FN:245,(anonymous_20)
FN:265,(anonymous_21)
FN:299,(anonymous_22)
FN:315,(anonymous_23)
FN:327,(anonymous_24)
FN:359,(anonymous_25)
FN:373,(anonymous_26)
FN:463,(anonymous_27)
FN:494,(anonymous_28)
FNF:16
FNH:0
FNDA:0,(anonymous_13)
FNDA:0,(anonymous_14)
FNDA:0,(anonymous_15)
FNDA:0,(anonymous_16)
FNDA:0,(anonymous_17)
FNDA:0,(anonymous_18)
FNDA:0,(anonymous_19)
FNDA:0,(anonymous_20)
FNDA:0,(anonymous_21)
FNDA:0,(anonymous_22)
FNDA:0,(anonymous_23)
FNDA:0,(anonymous_24)
FNDA:0,(anonymous_25)
FNDA:0,(anonymous_26)
FNDA:0,(anonymous_27)
FNDA:0,(anonymous_28)
DA:1,1
DA:8,1
DA:9,1
DA:10,1
DA:11,1
DA:12,1
DA:13,1
DA:14,1
DA:15,1
DA:16,1
DA:18,1
DA:30,1
DA:34,1
DA:35,1
DA:36,1
DA:37,1
DA:38,1
DA:76,1
DA:77,0
DA:80,0
DA:81,0
DA:82,0
DA:83,0
DA:84,0
DA:85,0
DA:86,0
DA:87,0
DA:88,0
DA:90,0
DA:97,0
DA:98,0
DA:99,0
DA:103,0
DA:113,0
DA:114,0
DA:115,0
DA:117,0
DA:126,0
DA:141,0
DA:143,0
DA:148,0
DA:150,0
DA:151,0
DA:156,0
DA:161,0
DA:162,0
DA:173,0
DA:174,0
DA:177,0
DA:178,0
DA:179,0
DA:182,0
DA:183,0
DA:187,0
DA:190,0
DA:191,0
DA:197,0
DA:198,0
DA:202,0
DA:204,0
DA:205,0
DA:210,0
DA:213,0
DA:214,0
DA:218,0
DA:219,0
DA:220,0
DA:224,0
DA:231,0
DA:232,0
DA:238,0
DA:242,0
DA:247,0
DA:248,0
DA:252,0
DA:255,0
DA:256,0
DA:259,0
DA:270,0
DA:275,0
DA:277,0
DA:278,0
DA:279,0
DA:281,0
DA:296,0
DA:304,0
DA:317,0
DA:319,0
DA:335,0
DA:344,0
DA:347,0
DA:352,0
DA:365,0
DA:379,0
DA:381,0
DA:382,0
DA:383,0
DA:386,0
DA:387,0
DA:391,0
DA:392,0
DA:393,0
DA:396,0
DA:397,0
DA:398,0
DA:400,0
DA:406,0
DA:407,0
DA:411,0
DA:412,0
DA:416,0
DA:417,0
DA:420,0
DA:421,0
DA:426,0
DA:427,0
DA:428,0
DA:429,0
DA:432,0
DA:433,0
DA:437,0
DA:438,0
DA:440,0
DA:441,0
DA:446,0
DA:455,0
DA:456,0
DA:459,0
DA:464,0
DA:466,0
DA:467,0
DA:469,0
DA:472,0
DA:475,0
DA:476,0
DA:478,0
DA:479,0
DA:483,0
DA:486,0
DA:488,0
DA:491,0
DA:494,0
DA:495,0
DA:496,0
DA:499,0
DA:502,0
DA:505,0
DA:506,0
DA:507,0
DA:513,0
DA:519,0
DA:521,0
DA:522,0
DA:529,0
DA:533,0
LF:155
LH:18
BRDA:103,0,0,0
BRDA:103,0,1,0
BRDA:173,1,0,0
BRDA:173,1,1,0
BRDA:182,2,0,0
BRDA:182,2,1,0
BRDA:182,3,0,0
BRDA:182,3,1,0
BRDA:193,4,0,0
BRDA:193,4,1,0
BRDA:197,5,0,0
BRDA:197,5,1,0
BRDA:204,6,0,0
BRDA:204,6,1,0
BRDA:213,7,0,0
BRDA:213,7,1,0
BRDA:219,8,0,0
BRDA:219,8,1,0
BRDA:247,9,0,0
BRDA:247,9,1,0
BRDA:255,10,0,0
BRDA:255,10,1,0
BRDA:382,11,0,0
BRDA:382,11,1,0
BRDA:392,12,0,0
BRDA:392,12,1,0
BRDA:406,13,0,0
BRDA:406,13,1,0
BRDA:411,14,0,0
BRDA:411,14,1,0
BRDA:416,15,0,0
BRDA:416,15,1,0
BRDA:416,16,0,0
BRDA:416,16,1,0
BRDA:420,17,0,0
BRDA:420,17,1,0
BRDA:428,18,0,0
BRDA:428,18,1,0
BRDA:432,19,0,0
BRDA:432,19,1,0
BRDA:432,20,0,0
BRDA:432,20,1,0
BRDA:440,21,0,0
BRDA:440,21,1,0
BRDA:440,22,0,0
BRDA:440,22,1,0
BRDA:455,23,0,0
BRDA:455,23,1,0
BRDA:467,24,0,0
BRDA:467,24,1,0
BRDA:478,25,0,0
BRDA:478,25,1,0
BRDA:478,26,0,0
BRDA:478,26,1,0
BRDA:486,27,0,0
BRDA:486,27,1,0
BRDA:486,28,0,0
BRDA:486,28,1,0
BRDA:486,28,2,0
BRDA:495,29,0,0
BRDA:495,29,1,0
BRDA:513,30,0,0
BRDA:513,30,1,0
BRDA:514,31,0,0
BRDA:514,31,1,0
BRDA:521,32,0,0
BRDA:521,32,1,0
BRDA:534,33,0,0
BRDA:534,33,1,0
BRDA:80,34,0,1
BRDA:80,34,1,0
BRDA:80,35,0,1
BRDA:80,35,1,1
BRDA:80,36,0,0
BRDA:80,36,1,1
BRDA:80,37,0,1
BRDA:80,37,1,0
BRDA:81,38,0,1
BRDA:81,38,1,0
BRDA:81,39,0,1
BRDA:81,39,1,1
BRDA:82,40,0,1
BRDA:82,40,1,0
BRDA:82,41,0,1
BRDA:82,41,1,1
BRDA:83,42,0,1
BRDA:83,42,1,0
BRDA:83,43,0,1
BRDA:83,43,1,1
BRDA:84,44,0,1
BRDA:84,44,1,0
BRDA:84,45,0,1
BRDA:84,45,1,1
BRDA:85,46,0,1
BRDA:85,46,1,0
BRDA:85,47,0,1
BRDA:85,47,1,1
BRDA:86,48,0,1
BRDA:86,48,1,0
BRDA:86,49,0,1
BRDA:86,49,1,1
BRDA:87,50,0,1
BRDA:87,50,1,0
BRDA:87,51,0,1
BRDA:87,51,1,1
BRDA:88,52,0,1
BRDA:88,52,1,0
BRDA:88,53,0,1
BRDA:88,53,1,1
BRF:109
BRH:29
end_of_record
TN:
SF:src\modules\auth\logout.controller.ts
FN:13,(anonymous_4)
FN:17,(anonymous_5)
FN:26,(anonymous_6)
FNF:3
FNH:0
FNDA:0,(anonymous_4)
FNDA:0,(anonymous_5)
FNDA:0,(anonymous_6)
DA:1,0
DA:9,0
DA:12,0
DA:13,0
DA:17,0
DA:19,0
DA:26,0
DA:27,0
DA:28,0
LF:9
LH:0
BRDA:13,0,0,0
BRDA:13,0,1,0
BRDA:13,1,0,0
BRDA:13,1,1,0
BRF:4
BRH:0
end_of_record
TN:
SF:src\modules\auth\entities\dpop-replay-proof.entity.ts
FNF:0
FNH:0
DA:1,1
DA:11,1
DA:13,1
DA:16,1
DA:19,1
DA:22,1
DA:25,1
DA:28,1
LF:8
LH:8
BRDA:25,0,0,1
BRDA:25,0,1,0
BRDA:25,1,0,1
BRDA:25,1,1,1
BRDA:28,2,0,1
BRDA:28,2,1,0
BRDA:28,3,0,1
BRDA:28,3,1,1
BRF:8
BRH:6
end_of_record
TN:
SF:src\modules\auth\guards\client-auth.guard.ts
FN:50,(anonymous_11)
FN:52,(anonymous_12)
FN:92,(anonymous_13)
FNF:3
FNH:0
FNDA:0,(anonymous_11)
FNDA:0,(anonymous_12)
FNDA:0,(anonymous_13)
DA:1,0
DA:8,0
DA:9,0
DA:49,0
DA:50,0
DA:53,0
DA:54,0
DA:56,0
DA:61,0
DA:64,0
DA:66,0
DA:67,0
DA:69,0
DA:72,0
DA:75,0
DA:76,0
DA:78,0
DA:79,0
DA:85,0
DA:88,0
DA:89,0
DA:92,0
DA:93,0
DA:94,0
DA:97,0
DA:100,0
DA:101,0
DA:102,0
DA:107,0
DA:108,0
DA:109,0
DA:113,0
DA:114,0
DA:115,0
DA:121,0
DA:125,0
DA:130,0
DA:132,0
LF:38
LH:0
BRDA:54,0,0,0
BRDA:54,0,1,0
BRDA:56,1,0,0
BRDA:56,1,1,0
BRDA:57,2,0,0
BRDA:57,2,1,0
BRDA:67,3,0,0
BRDA:67,3,1,0
BRDA:78,4,0,0
BRDA:78,4,1,0
BRDA:78,5,0,0
BRDA:78,5,1,0
BRDA:88,6,0,0
BRDA:88,6,1,0
BRDA:93,7,0,0
BRDA:93,7,1,0
BRDA:108,8,0,0
BRDA:108,8,1,0
BRDA:108,9,0,0
BRDA:108,9,1,0
BRDA:113,10,0,0
BRDA:113,10,1,0
BRDA:113,11,0,0
BRDA:113,11,1,0
BRDA:113,12,0,0
BRDA:113,12,1,0
BRDA:114,13,0,0
BRDA:114,13,1,0
BRDA:121,14,0,0
BRDA:121,14,1,0
BRDA:122,15,0,0
BRDA:122,15,1,0
BRDA:133,16,0,0
BRDA:133,16,1,0
BRDA:50,17,0,0
BRDA:50,17,1,0
BRDA:50,18,0,0
BRDA:50,18,1,0
BRF:38
BRH:0
end_of_record
TN:
SF:src\modules\auth\store\authorization-code-store.service.ts
FN:14,(anonymous_1)
FN:18,(anonymous_2)
FNF:2
FNH:0
FNDA:0,(anonymous_1)
FNDA:0,(anonymous_2)
DA:1,1
DA:11,1
DA:12,0
DA:15,0
DA:19,0
DA:20,0
DA:21,0
DA:23,0
LF:8
LH:2
BRDA:20,0,0,0
BRDA:20,0,1,0
BRF:2
BRH:0
end_of_record
TN:
SF:src\modules\auth\store\device-code-store.service.ts
FN:3,(anonymous_1)
FN:23,(anonymous_2)
FN:27,(anonymous_3)
FN:33,(anonymous_4)
FN:37,(anonymous_5)
FN:45,(anonymous_6)
FNF:6
FNH:1
FNDA:1,(anonymous_1)
FNDA:0,(anonymous_2)
FNDA:0,(anonymous_3)
FNDA:0,(anonymous_4)
FNDA:0,(anonymous_5)
FNDA:0,(anonymous_6)
DA:1,1
DA:3,1
DA:4,1
DA:5,1
DA:6,1
DA:17,1
DA:19,0
DA:21,0
DA:24,0
DA:25,0
DA:27,0
DA:28,0
DA:29,0
DA:34,0
DA:38,0
DA:39,0
DA:40,0
DA:42,0
DA:50,0
DA:51,0
DA:52,0
DA:54,0
DA:55,0
DA:56,0
DA:58,0
DA:59,0
DA:60,0
LF:27
LH:6
BRDA:3,0,0,1
BRDA:3,0,1,1
BRDA:39,1,0,0
BRDA:39,1,1,0
BRDA:51,2,0,0
BRDA:51,2,1,0
BRDA:55,3,0,0
BRDA:55,3,1,0
BRF:8
BRH:2
end_of_record
TN:
SF:src\modules\auth\store\jti-store.service.ts
FN:19,(anonymous_4)
FN:34,(anonymous_5)
FNF:2
FNH:0
FNDA:0,(anonymous_4)
FNDA:0,(anonymous_5)
DA:1,1
DA:2,1
DA:3,1
DA:4,1
DA:5,1
DA:15,1
DA:21,0
DA:23,0
DA:24,0
DA:25,0
DA:27,0
DA:28,0
DA:35,0
DA:37,0
DA:38,0
DA:41,0
DA:42,0
DA:45,0
DA:46,0
DA:49,0
DA:51,0
DA:58,0
DA:59,0
DA:66,0
DA:68,0
DA:70,0
DA:75,0
DA:78,0
LF:28
LH:6
BRDA:27,0,0,0
BRDA:27,0,1,0
BRDA:37,1,0,0
BRDA:37,1,1,0
BRDA:41,2,0,0
BRDA:41,2,1,0
BRDA:45,3,0,0
BRDA:45,3,1,0
BRDA:66,4,0,0
BRDA:66,4,1,0
BRDA:70,5,0,0
BRDA:70,5,1,0
BRDA:71,6,0,0
BRDA:71,6,1,0
BRDA:71,6,2,0
BRDA:21,7,0,1
BRDA:21,7,1,0
BRDA:21,8,0,1
BRDA:21,8,1,1
BRF:19
BRH:3
end_of_record
TN:
SF:src\modules\auth\store\par-store.service.ts
FN:15,(anonymous_1)
FN:19,(anonymous_2)
FN:22,(anonymous_3)
FNF:3
FNH:0
FNDA:0,(anonymous_1)
FNDA:0,(anonymous_2)
FNDA:0,(anonymous_3)
DA:1,1
DA:12,1
DA:13,0
DA:16,0
DA:17,0
DA:19,0
DA:23,0
DA:27,0
DA:28,0
DA:30,0
DA:31,0
LF:11
LH:2
BRF:0
BRH:0
end_of_record
TN:
SF:src\modules\authorization\authorization.module.ts
FNF:0
FNH:0
DA:1,0
DA:2,0
DA:3,0
DA:4,0
DA:10,0
LF:5
LH:0
BRF:0
BRH:0
end_of_record
TN:
SF:src\modules\authorization\authorization.service.ts
FN:6,(anonymous_2)
FN:8,(anonymous_3)
FNF:2
FNH:0
FNDA:0,(anonymous_2)
FNDA:0,(anonymous_3)
DA:1,0
DA:2,0
DA:5,0
DA:6,0
DA:13,0
DA:14,0
DA:15,0
DA:17,0
DA:18,0
LF:9
LH:0
BRDA:13,0,0,0
BRDA:13,0,1,0
BRDA:6,1,0,0
BRDA:6,1,1,0
BRDA:6,2,0,0
BRDA:6,2,1,0
BRF:6
BRH:0
end_of_record
TN:
SF:src\modules\authorization\guards\policy.guard.ts
FN:7,(anonymous_2)
FN:12,(anonymous_3)
FNF:2
FNH:0
FNDA:0,(anonymous_2)
FNDA:0,(anonymous_3)
DA:1,0
DA:2,0
DA:3,0
DA:6,0
DA:8,0
DA:9,0
DA:13,0
DA:17,0
DA:18,0
DA:20,0
DA:22,0
DA:24,0
DA:25,0
DA:26,0
DA:31,0
DA:32,0
DA:36,0
LF:17
LH:0
BRDA:17,0,0,0
BRDA:17,0,1,0
BRDA:31,1,0,0
BRDA:31,1,1,0
BRDA:8,2,0,0
BRDA:8,2,1,0
BRDA:8,3,0,0
BRDA:8,3,1,0
BRDA:8,4,0,0
BRDA:8,4,1,0
BRDA:8,5,0,0
BRDA:8,5,1,0
BRF:12
BRH:0
end_of_record
TN:
SF:src\modules\authorization\policy\policy-engine.service.ts
FN:19,(anonymous_1)
FN:23,(anonymous_2)
FN:31,(anonymous_3)
FNF:3
FNH:0
FNDA:0,(anonymous_1)
FNDA:0,(anonymous_2)
FNDA:0,(anonymous_3)
DA:1,0
DA:17,0
DA:18,0
DA:21,0
DA:25,0
DA:36,0
DA:37,0
DA:38,0
DA:41,0
LF:9
LH:0
BRDA:21,0,0,0
BRDA:21,0,1,0
BRDA:26,1,0,0
BRDA:26,1,1,0
BRDA:37,2,0,0
BRDA:37,2,1,0
BRF:6
BRH:0
end_of_record
TN:
SF:src\modules\clients\client-store.service.ts
FN:25,(anonymous_1)
FN:26,(anonymous_2)
FNF:2
FNH:0
FNDA:0,(anonymous_1)
FNDA:0,(anonymous_2)
DA:1,1
DA:5,1
DA:24,1
DA:26,0
DA:27,0
DA:28,0
DA:30,0
LF:7
LH:3
BRDA:27,0,0,0
BRDA:27,0,1,0
BRF:2
BRH:0
end_of_record
TN:
SF:src\modules\clients\clients.module.ts
FNF:0
FNH:0
DA:1,0
DA:2,0
DA:8,0
LF:3
LH:0
BRF:0
BRH:0
end_of_record
TN:
SF:src\modules\compliance\compliance.controller.ts
FN:19,(anonymous_4)
FN:24,(anonymous_5)
FN:32,(anonymous_6)
FN:39,(anonymous_7)
FN:48,(anonymous_8)
FNF:5
FNH:0
FNDA:0,(anonymous_4)
FNDA:0,(anonymous_5)
FNDA:0,(anonymous_6)
FNDA:0,(anonymous_7)
FNDA:0,(anonymous_8)
DA:1,0
DA:12,0
DA:13,0
DA:14,0
DA:15,0
DA:18,0
DA:19,0
DA:24,0
DA:25,0
DA:26,0
DA:32,0
DA:33,0
DA:34,0
DA:39,0
DA:43,0
DA:44,0
DA:48,0
DA:50,0
LF:18
LH:0
BRDA:24,0,0,0
BRDA:24,0,1,0
BRDA:24,1,0,0
BRDA:24,1,1,0
BRDA:32,2,0,0
BRDA:32,2,1,0
BRDA:32,3,0,0
BRDA:32,3,1,0
BRDA:41,4,0,0
BRDA:41,4,1,0
BRDA:41,5,0,0
BRDA:41,5,1,0
BRDA:48,6,0,0
BRDA:48,6,1,0
BRDA:48,7,0,0
BRDA:48,7,1,0
BRDA:19,8,0,0
BRDA:19,8,1,0
BRDA:19,9,0,0
BRDA:19,9,1,0
BRF:20
BRH:0
end_of_record
TN:
SF:src\modules\compliance\compliance.module.ts
FN:23,(anonymous_1)
FN:24,(anonymous_2)
FN:24,(anonymous_3)
FN:25,(anonymous_4)
FNF:4
FNH:0
FNDA:0,(anonymous_1)
FNDA:0,(anonymous_2)
FNDA:0,(anonymous_3)
FNDA:0,(anonymous_4)
DA:1,0
DA:2,0
DA:3,0
DA:4,0
DA:5,0
DA:6,0
DA:7,0
DA:8,0
DA:9,0
DA:10,0
DA:23,0
DA:24,0
DA:25,0
DA:32,0
LF:14
LH:0
BRF:0
BRH:0
end_of_record
TN:
SF:src\modules\compliance\compliance.service.ts
FN:29,(anonymous_4)
FN:43,(anonymous_5)
FN:50,(anonymous_6)
FN:57,(anonymous_7)
FN:71,(anonymous_8)
FN:108,(anonymous_9)
FN:143,(anonymous_10)
FN:165,(anonymous_11)
FN:169,(anonymous_12)
FN:185,(anonymous_13)
FN:195,(anonymous_14)
FN:220,(anonymous_15)
FN:236,(anonymous_16)
FN:240,(anonymous_17)
FN:246,(anonymous_18)
FN:267,(anonymous_19)
FN:298,(anonymous_20)
FN:300,(anonymous_21)
FN:304,(anonymous_22)
FN:308,(anonymous_23)
FNF:20
FNH:19
FNDA:2,(anonymous_4)
FNDA:1,(anonymous_5)
FNDA:1,(anonymous_6)
FNDA:2,(anonymous_7)
FNDA:2,(anonymous_8)
FNDA:2,(anonymous_9)
FNDA:2,(anonymous_10)
FNDA:2,(anonymous_11)
FNDA:3,(anonymous_12)
FNDA:2,(anonymous_13)
FNDA:1,(anonymous_14)
FNDA:5,(anonymous_15)
FNDA:7,(anonymous_16)
FNDA:5,(anonymous_17)
FNDA:5,(anonymous_18)
FNDA:0,(anonymous_19)
FNDA:2,(anonymous_20)
FNDA:3,(anonymous_21)
FNDA:2,(anonymous_22)
FNDA:3,(anonymous_23)
DA:1,1
DA:7,1
DA:8,1
DA:9,1
DA:10,1
DA:11,1
DA:18,1
DA:22,1
DA:25,1
DA:26,2
DA:31,2
DA:33,2
DA:34,2
DA:35,2
DA:37,2
DA:44,1
DA:47,1
DA:51,1
DA:54,1
DA:61,2
DA:66,2
DA:67,0
DA:70,2
DA:71,2
DA:74,2
DA:75,0
DA:80,2
DA:81,1
DA:84,1
DA:87,1
DA:88,1
DA:89,1
DA:90,1
DA:94,1
DA:96,1
DA:98,1
DA:102,0
DA:105,1
DA:113,2
DA:114,0
DA:119,2
DA:129,2
DA:130,2
DA:133,2
DA:135,2
DA:136,2
DA:138,2
DA:140,2
DA:147,2
DA:158,2
DA:159,1
DA:161,1
DA:169,2
DA:170,3
DA:180,2
DA:181,2
DA:188,2
DA:189,1
DA:192,1
DA:196,1
DA:203,1
DA:204,0
DA:207,1
DA:208,0
DA:211,1
DA:213,1
DA:214,1
DA:215,1
DA:217,1
DA:221,5
DA:226,5
DA:227,0
DA:230,5
DA:231,0
DA:232,0
DA:233,0
DA:236,7
DA:238,5
DA:240,5
DA:243,2
DA:244,2
DA:245,3
DA:246,5
DA:248,0
DA:249,0
DA:251,3
DA:254,5
DA:256,5
DA:261,0
DA:264,5
DA:268,0
DA:269,0
DA:270,0
DA:273,0
DA:276,0
DA:290,0
DA:291,0
DA:292,0
DA:294,0
DA:299,2
DA:300,3
DA:305,2
DA:309,3
LF:103
LH:81
BRDA:38,0,0,2
BRDA:38,0,1,2
BRDA:45,1,0,1
BRDA:45,1,1,0
BRDA:52,2,0,1
BRDA:52,2,1,0
BRDA:66,3,0,0
BRDA:66,3,1,2
BRDA:74,4,0,0
BRDA:74,4,1,2
BRDA:80,5,0,1
BRDA:80,5,1,1
BRDA:90,6,0,1
BRDA:90,6,1,0
BRDA:98,7,0,0
BRDA:98,7,1,1
BRDA:99,8,0,1
BRDA:99,8,1,0
BRDA:113,9,0,0
BRDA:113,9,1,2
BRDA:158,10,0,1
BRDA:158,10,1,1
BRDA:174,11,0,1
BRDA:174,11,1,2
BRDA:180,12,0,2
BRDA:180,12,1,0
BRDA:188,13,0,1
BRDA:188,13,1,1
BRDA:203,14,0,0
BRDA:203,14,1,1
BRDA:207,15,0,0
BRDA:207,15,1,1
BRDA:226,16,0,0
BRDA:226,16,1,5
BRDA:230,17,0,0
BRDA:230,17,1,5
BRDA:232,18,0,0
BRDA:232,18,1,0
BRDA:238,19,0,2
BRDA:238,19,1,3
BRDA:244,20,0,2
BRDA:244,20,1,1
BRDA:245,21,0,0
BRDA:245,21,1,3
BRDA:249,22,0,0
BRDA:249,22,1,0
BRDA:256,23,0,0
BRDA:256,23,1,5
BRDA:257,24,0,5
BRDA:257,24,1,2
BRDA:257,24,2,0
BRDA:269,25,0,0
BRDA:269,25,1,0
BRDA:300,26,0,2
BRDA:300,26,1,0
BRDA:310,27,0,3
BRDA:310,27,1,1
BRDA:31,28,0,1
BRDA:31,28,1,0
BRDA:31,29,0,1
BRDA:31,29,1,1
BRDA:31,30,0,1
BRDA:31,30,1,0
BRDA:31,31,0,1
BRDA:31,31,1,1
BRDA:33,32,0,1
BRDA:33,32,1,0
BRDA:33,33,0,1
BRDA:33,33,1,1
BRDA:34,34,0,1
BRDA:34,34,1,0
BRDA:34,35,0,1
BRDA:34,35,1,1
BRF:73
BRH:46
end_of_record
TN:
SF:src\modules\compliance\dto\compliance-job-callback.dto.ts
FNF:0
FNH:0
DA:1,0
DA:2,0
DA:4,0
DA:6,0
DA:9,0
DA:13,0
DA:17,0
LF:7
LH:0
BRDA:9,0,0,0
BRDA:9,0,1,0
BRDA:9,1,0,0
BRDA:9,1,1,0
BRDA:17,2,0,0
BRDA:17,2,1,0
BRDA:17,3,0,0
BRDA:17,3,1,0
BRF:8
BRH:0
end_of_record
TN:
SF:src\modules\compliance\dto\request-compliance-job.dto.ts
FNF:0
FNH:0
DA:1,0
DA:10,0
DA:12,0
DA:15,0
DA:21,0
DA:25,0
LF:6
LH:0
BRF:0
BRH:0
end_of_record
TN:
SF:src\modules\compliance\entities\compliance-job-service.entity.ts
FN:23,(anonymous_2)
FN:23,(anonymous_3)
FNF:2
FNH:0
FNDA:0,(anonymous_2)
FNDA:0,(anonymous_3)
DA:1,1
DA:11,1
DA:12,1
DA:16,1
DA:18,1
DA:21,1
DA:23,0
DA:27,1
DA:30,1
DA:33,1
DA:36,1
DA:39,1
DA:42,1
DA:45,1
DA:48,1
LF:15
LH:14
BRDA:27,0,0,0
BRDA:27,0,1,1
BRDA:27,1,0,1
BRDA:27,1,1,0
BRDA:33,2,0,0
BRDA:33,2,1,1
BRDA:33,3,0,1
BRDA:33,3,1,1
BRDA:36,4,0,1
BRDA:36,4,1,0
BRDA:36,5,0,1
BRDA:36,5,1,1
BRDA:42,6,0,0
BRDA:42,6,1,1
BRDA:42,7,0,1
BRDA:42,7,1,0
BRDA:45,8,0,1
BRDA:45,8,1,0
BRDA:45,9,0,1
BRDA:45,9,1,1
BRDA:48,10,0,1
BRDA:48,10,1,0
BRDA:48,11,0,1
BRDA:48,11,1,1
BRF:24
BRH:16
end_of_record
TN:
SF:src\modules\compliance\entities\compliance-job.entity.ts
FN:32,(anonymous_2)
FN:56,(anonymous_3)
FN:56,(anonymous_4)
FNF:3
FNH:0
FNDA:0,(anonymous_2)
FNDA:0,(anonymous_3)
FNDA:0,(anonymous_4)
DA:1,1
DA:9,1
DA:10,1
DA:16,1
DA:18,1
DA:21,1
DA:24,1
DA:27,1
DA:30,1
DA:32,0
DA:33,1
DA:36,1
DA:39,1
DA:42,1
DA:45,1
DA:48,1
DA:51,1
DA:54,1
DA:56,0
DA:59,1
LF:20
LH:18
BRDA:27,0,0,0
BRDA:27,0,1,1
BRDA:27,1,0,1
BRDA:27,1,1,1
BRDA:30,2,0,0
BRDA:30,2,1,1
BRDA:30,3,0,1
BRDA:30,3,1,1
BRDA:42,4,0,1
BRDA:42,4,1,0
BRDA:42,5,0,1
BRDA:42,5,1,1
BRDA:45,6,0,1
BRDA:45,6,1,0
BRDA:45,7,0,1
BRDA:45,7,1,1
BRDA:48,8,0,0
BRDA:48,8,1,1
BRDA:48,9,0,1
BRDA:48,9,1,1
BRDA:51,10,0,1
BRDA:51,10,1,0
BRDA:51,11,0,1
BRDA:51,11,1,1
BRDA:54,12,0,1
BRDA:54,12,1,0
BRDA:54,13,0,1
BRDA:54,13,1,1
BRF:28
BRH:21
end_of_record
TN:
SF:src\modules\compliance\services\compliance-events.producer.ts
FN:29,(anonymous_4)
FN:34,(anonymous_5)
FN:50,(anonymous_6)
FN:58,(anonymous_7)
FN:64,(anonymous_8)
FN:70,(anonymous_9)
FN:87,(anonymous_10)
FN:94,(anonymous_11)
FNF:8
FNH:0
FNDA:0,(anonymous_4)
FNDA:0,(anonymous_5)
FNDA:0,(anonymous_6)
FNDA:0,(anonymous_7)
FNDA:0,(anonymous_8)
FNDA:0,(anonymous_9)
FNDA:0,(anonymous_10)
FNDA:0,(anonymous_11)
DA:1,1
DA:8,1
DA:9,1
DA:11,1
DA:25,1
DA:26,0
DA:27,0
DA:31,0
DA:35,0
DA:36,0
DA:39,0
DA:42,0
DA:43,0
DA:45,0
DA:46,0
DA:51,0
DA:52,0
DA:55,0
DA:61,0
DA:67,0
DA:74,0
DA:75,0
DA:76,0
DA:79,0
DA:83,0
DA:87,1
DA:94,0
LF:27
LH:6
BRDA:35,0,0,0
BRDA:35,0,1,0
BRDA:51,1,0,0
BRDA:51,1,1,0
BRDA:74,2,0,0
BRDA:74,2,1,0
BRDA:31,3,0,1
BRDA:31,3,1,0
BRDA:31,4,0,1
BRDA:31,4,1,1
BRDA:91,5,0,0
BRDA:91,5,1,0
BRDA:92,6,0,0
BRDA:92,6,1,0
BRF:14
BRH:3
end_of_record
TN:
SF:src\modules\compliance\tokens\compliance.tokens.ts
FNF:0
FNH:0
DA:1,1
LF:1
LH:1
BRF:0
BRH:0
end_of_record
TN:
SF:src\modules\compliance\types\compliance-job.enums.ts
FN:1,(anonymous_0)
FN:6,(anonymous_1)
FN:13,(anonymous_2)
FNF:3
FNH:3
FNDA:1,(anonymous_0)
FNDA:1,(anonymous_1)
FNDA:1,(anonymous_2)
DA:1,1
DA:2,1
DA:3,1
DA:6,1
DA:7,1
DA:8,1
DA:9,1
DA:10,1
DA:13,1
DA:14,1
DA:15,1
DA:16,1
DA:17,1
LF:13
LH:13
BRDA:1,0,0,1
BRDA:1,0,1,1
BRDA:6,1,0,1
BRDA:6,1,1,1
BRDA:13,2,0,1
BRDA:13,2,1,1
BRF:6
BRH:6
end_of_record
TN:
SF:src\modules\jobs\job-store.service.ts
FN:9,(anonymous_10)
FN:23,(anonymous_11)
FN:27,(anonymous_12)
FNF:3
FNH:0
FNDA:0,(anonymous_10)
FNDA:0,(anonymous_11)
FNDA:0,(anonymous_12)
DA:1,0
DA:2,0
DA:3,0
DA:6,0
DA:7,0
DA:10,0
DA:11,0
DA:12,0
DA:19,0
DA:20,0
DA:24,0
DA:28,0
DA:29,0
DA:30,0
DA:31,0
DA:32,0
DA:34,0
LF:17
LH:0
BRDA:29,0,0,0
BRDA:29,0,1,0
BRF:2
BRH:0
end_of_record
TN:
SF:src\modules\jobs\job.entity.ts
FN:1,(anonymous_0)
FNF:1
FNH:0
FNDA:0,(anonymous_0)
DA:1,0
DA:2,0
DA:3,0
DA:4,0
DA:5,0
LF:5
LH:0
BRDA:1,0,0,0
BRDA:1,0,1,0
BRF:2
BRH:0
end_of_record
TN:
SF:src\modules\jobs\jobs.module.ts
FNF:0
FNH:0
DA:1,0
DA:2,0
DA:8,0
LF:3
LH:0
BRF:0
BRH:0
end_of_record
TN:
SF:src\modules\kafka\kafka.module.ts
FNF:0
FNH:0
DA:1,0
DA:2,0
DA:8,0
LF:3
LH:0
BRF:0
BRH:0
end_of_record
TN:
SF:src\modules\kafka\kafka.service.ts
FN:16,(anonymous_2)
FN:21,(anonymous_3)
FN:22,(anonymous_4)
FN:23,(anonymous_5)
FN:34,(anonymous_6)
FN:40,(anonymous_7)
FN:46,(anonymous_8)
FNF:7
FNH:0
FNDA:0,(anonymous_2)
FNDA:0,(anonymous_3)
FNDA:0,(anonymous_4)
FNDA:0,(anonymous_5)
FNDA:0,(anonymous_6)
FNDA:0,(anonymous_7)
FNDA:0,(anonymous_8)
DA:1,0
DA:7,0
DA:10,0
DA:11,0
DA:14,0
DA:17,0
DA:18,0
DA:20,0
DA:21,0
DA:22,0
DA:23,0
DA:26,0
DA:30,0
DA:35,0
DA:36,0
DA:41,0
DA:42,0
DA:50,0
DA:51,0
DA:56,0
DA:58,0
LF:21
LH:0
BRDA:17,0,0,0
BRDA:17,0,1,0
BRDA:28,1,0,0
BRDA:28,1,1,0
BRDA:35,2,0,0
BRDA:35,2,1,0
BRDA:41,3,0,0
BRDA:41,3,1,0
BRF:8
BRH:0
end_of_record
TN:
SF:src\modules\keys\keys.module.ts
FNF:0
FNH:0
DA:1,0
DA:2,0
DA:3,0
DA:4,0
DA:5,0
DA:6,0
DA:14,0
LF:7
LH:0
BRF:0
BRH:0
end_of_record
TN:
SF:src\modules\keys\controllers\jwks.controller.ts
FN:12,(anonymous_4)
FN:15,(anonymous_5)
FNF:2
FNH:2
FNDA:5,(anonymous_4)
FNDA:4,(anonymous_5)
DA:1,1
DA:8,1
DA:11,1
DA:12,5
DA:15,1
DA:19,4
DA:20,4
DA:21,1
DA:23,3
LF:9
LH:9
BRDA:19,0,0,4
BRDA:19,0,1,3
BRDA:20,1,0,1
BRDA:20,1,1,3
BRDA:12,2,0,1
BRDA:12,2,1,0
BRDA:12,3,0,1
BRDA:12,3,1,1
BRF:8
BRH:7
end_of_record
TN:
SF:src\modules\keys\entities\signing-key.entity.ts
FN:10,(anonymous_2)
FNF:1
FNH:1
FNDA:4,(anonymous_2)
DA:1,4
DA:10,4
DA:11,4
DA:12,4
DA:13,4
DA:18,4
DA:20,4
DA:23,4
DA:26,4
DA:29,4
DA:32,4
DA:39,4
DA:42,4
DA:45,4
DA:48,4
LF:15
LH:15
BRDA:10,0,0,4
BRDA:10,0,1,4
BRDA:42,1,0,4
BRDA:42,1,1,0
BRDA:42,2,0,4
BRDA:42,2,1,4
BRDA:45,3,0,4
BRDA:45,3,1,0
BRDA:45,4,0,4
BRDA:45,4,1,4
BRDA:48,5,0,4
BRDA:48,5,1,0
BRDA:48,6,0,4
BRDA:48,6,1,4
BRF:14
BRH:11
end_of_record
TN:
SF:src\modules\keys\services\key-management.service.ts
FN:12,(anonymous_13)
FN:17,(anonymous_14)
FN:71,(anonymous_15)
FN:92,(anonymous_16)
FN:96,(anonymous_17)
FNF:5
FNH:5
FNDA:7,(anonymous_13)
FNDA:1,(anonymous_14)
FNDA:2,(anonymous_15)
FNDA:1,(anonymous_16)
FNDA:2,(anonymous_17)
DA:1,4
DA:2,4
DA:3,4
DA:4,4
DA:5,4
DA:6,4
DA:9,4
DA:10,7
DA:14,7
DA:18,1
DA:21,1
DA:26,1
DA:31,1
DA:37,1
DA:38,1
DA:49,1
DA:50,1
DA:53,1
DA:65,1
DA:66,1
DA:68,1
DA:72,2
DA:82,2
DA:83,1
DA:86,1
DA:89,1
DA:93,1
DA:97,2
DA:104,2
DA:105,2
DA:106,2
DA:107,2
DA:108,2
DA:109,2
DA:110,2
DA:118,0
DA:119,0
DA:126,2
LF:38
LH:36
BRDA:82,0,0,1
BRDA:82,0,1,1
BRDA:113,1,0,2
BRDA:113,1,1,0
BRDA:118,2,0,0
BRDA:118,2,1,0
BRDA:14,3,0,4
BRDA:14,3,1,0
BRDA:14,4,0,4
BRDA:14,4,1,4
BRF:10
BRH:6
end_of_record
TN:
SF:src\modules\keys\services\key-rotation.service.ts
FN:12,(anonymous_4)
FN:19,(anonymous_5)
FN:41,(anonymous_6)
FN:105,(anonymous_7)
FNF:4
FNH:4
FNDA:6,(anonymous_4)
FNDA:1,(anonymous_5)
FNDA:2,(anonymous_6)
FNDA:2,(anonymous_7)
DA:1,1
DA:2,1
DA:3,1
DA:4,1
DA:5,1
DA:6,1
DA:9,1
DA:10,6
DA:14,6
DA:15,6
DA:19,1
DA:20,1
DA:21,1
DA:23,1
DA:24,1
DA:25,1
DA:27,1
DA:28,1
DA:32,0
DA:33,0
DA:37,0
DA:42,2
DA:43,2
DA:45,2
DA:49,2
DA:57,2
DA:59,2
DA:60,1
DA:61,1
DA:64,1
DA:65,1
DA:69,1
DA:71,1
DA:74,1
DA:79,1
DA:84,1
DA:85,1
DA:87,0
DA:92,0
DA:96,0
DA:100,1
DA:106,2
DA:107,2
DA:109,2
DA:113,2
DA:121,2
DA:123,2
DA:124,1
DA:125,1
DA:128,1
DA:129,1
DA:133,1
DA:134,1
DA:139,1
DA:140,1
DA:142,0
DA:147,0
DA:151,0
DA:155,1
LF:59
LH:50
BRDA:35,0,0,0
BRDA:35,0,1,0
BRDA:59,1,0,1
BRDA:59,1,1,1
BRDA:84,2,0,1
BRDA:84,2,1,0
BRDA:94,3,0,0
BRDA:94,3,1,0
BRDA:123,4,0,1
BRDA:123,4,1,1
BRDA:139,5,0,1
BRDA:139,5,1,0
BRDA:149,6,0,0
BRDA:149,6,1,0
BRDA:14,7,0,1
BRDA:14,7,1,0
BRDA:14,8,0,1
BRDA:14,8,1,1
BRDA:14,9,0,1
BRDA:14,9,1,0
BRDA:14,10,0,1
BRDA:14,10,1,1
BRF:22
BRH:12
end_of_record
TN:
SF:src\modules\metrics\metrics.controller.ts
FN:7,(anonymous_4)
FN:10,(anonymous_5)
FNF:2
FNH:0
FNDA:0,(anonymous_4)
FNDA:0,(anonymous_5)
DA:1,0
DA:3,0
DA:6,0
DA:7,0
DA:10,0
DA:11,0
DA:12,0
LF:7
LH:0
BRDA:7,0,0,0
BRDA:7,0,1,0
BRDA:7,1,0,0
BRDA:7,1,1,0
BRF:4
BRH:0
end_of_record
TN:
SF:src\modules\metrics\metrics.module.ts
FNF:0
FNH:0
DA:1,0
DA:2,0
DA:3,0
DA:9,0
LF:4
LH:0
BRF:0
BRH:0
end_of_record
TN:
SF:src\modules\metrics\metrics.service.ts
FN:8,(anonymous_1)
FN:16,(anonymous_2)
FN:20,(anonymous_3)
FNF:3
FNH:0
FNDA:0,(anonymous_1)
FNDA:0,(anonymous_2)
FNDA:0,(anonymous_3)
DA:1,0
DA:2,0
DA:5,0
DA:6,0
DA:10,0
DA:11,0
DA:12,0
DA:17,0
DA:21,0
LF:9
LH:0
BRDA:10,0,0,0
BRDA:10,0,1,0
BRF:2
BRH:0
end_of_record
TN:
SF:src\modules\mfa\mfa.module.ts
FNF:0
FNH:0
DA:1,0
DA:2,0
DA:3,0
DA:4,0
DA:11,0
LF:5
LH:0
BRF:0
BRH:0
end_of_record
TN:
SF:src\modules\mfa\mfa.service.ts
FN:7,(anonymous_2)
FN:9,(anonymous_3)
FN:17,(anonymous_4)
FN:21,(anonymous_5)
FNF:4
FNH:0
FNDA:0,(anonymous_2)
FNDA:0,(anonymous_3)
FNDA:0,(anonymous_4)
FNDA:0,(anonymous_5)
DA:1,0
DA:2,0
DA:3,0
DA:6,0
DA:7,0
DA:10,0
DA:13,0
DA:14,0
DA:18,0
DA:23,0
DA:24,0
DA:25,0
DA:27,0
LF:13
LH:0
BRDA:24,0,0,0
BRDA:24,0,1,0
BRDA:24,1,0,0
BRDA:24,1,1,0
BRDA:7,2,0,0
BRDA:7,2,1,0
BRDA:7,3,0,0
BRDA:7,3,1,0
BRF:8
BRH:0
end_of_record
TN:
SF:src\modules\mfa\guards\mfa.guard.ts
FN:6,(anonymous_1)
FNF:1
FNH:0
FNDA:0,(anonymous_1)
DA:1,0
DA:5,0
DA:10,0
DA:14,0
DA:17,0
DA:18,0
LF:6
LH:0
BRF:0
BRH:0
end_of_record
TN:
SF:src\modules\oidc-discovery\oidc-discovery.controller.ts
FN:6,(anonymous_4)
FN:9,(anonymous_5)
FNF:2
FNH:0
FNDA:0,(anonymous_4)
FNDA:0,(anonymous_5)
DA:1,0
DA:2,0
DA:5,0
DA:6,0
DA:9,0
DA:10,0
LF:6
LH:0
BRDA:6,0,0,0
BRDA:6,0,1,0
BRDA:6,1,0,0
BRDA:6,1,1,0
BRF:4
BRH:0
end_of_record
TN:
SF:src\modules\oidc-discovery\oidc-discovery.module.ts
FNF:0
FNH:0
DA:1,0
DA:2,0
DA:3,0
DA:9,0
LF:4
LH:0
BRF:0
BRH:0
end_of_record
TN:
SF:src\modules\oidc-discovery\oidc-discovery.service.ts
FN:5,(anonymous_1)
FNF:1
FNH:1
FNDA:1,(anonymous_1)
DA:1,1
DA:4,1
DA:6,1
DA:7,1
LF:4
LH:4
BRF:0
BRH:0
end_of_record
TN:
SF:src\modules\qrcodes\qrcodes.controller.ts
FN:6,(anonymous_4)
FN:9,(anonymous_5)
FN:15,(anonymous_6)
FNF:3
FNH:0
FNDA:0,(anonymous_4)
FNDA:0,(anonymous_5)
FNDA:0,(anonymous_6)
DA:1,0
DA:2,0
DA:5,0
DA:6,0
DA:9,0
DA:10,0
DA:11,0
DA:15,0
DA:16,0
DA:17,0
LF:10
LH:0
BRDA:6,0,0,0
BRDA:6,0,1,0
BRDA:6,1,0,0
BRDA:6,1,1,0
BRF:4
BRH:0
end_of_record
TN:
SF:src\modules\qrcodes\qrcodes.module.ts
FNF:0
FNH:0
DA:1,0
DA:2,0
DA:3,0
DA:4,0
DA:11,0
LF:5
LH:0
BRF:0
BRH:0
end_of_record
TN:
SF:src\modules\qrcodes\qrcodes.service.ts
FN:8,(anonymous_11)
FN:10,(anonymous_12)
FN:30,(anonymous_13)
FNF:3
FNH:0
FNDA:0,(anonymous_11)
FNDA:0,(anonymous_12)
FNDA:0,(anonymous_13)
DA:1,0
DA:2,0
DA:3,0
DA:4,0
DA:7,0
DA:8,0
DA:12,0
DA:13,0
DA:15,0
DA:23,0
DA:27,0
DA:31,0
DA:33,0
DA:34,0
DA:35,0
DA:37,0
DA:38,0
DA:41,0
DA:43,0
DA:44,0
DA:47,0
DA:48,0
DA:49,0
DA:51,0
DA:53,0
DA:54,0
DA:57,0
DA:59,0
DA:62,0
DA:64,0
DA:65,0
LF:31
LH:0
BRDA:34,0,0,0
BRDA:34,0,1,0
BRDA:43,1,0,0
BRDA:43,1,1,0
BRDA:48,2,0,0
BRDA:48,2,1,0
BRDA:57,3,0,0
BRDA:57,3,1,0
BRDA:64,4,0,0
BRDA:64,4,1,0
BRDA:8,5,0,0
BRDA:8,5,1,0
BRDA:8,6,0,0
BRDA:8,6,1,0
BRF:14
BRH:0
end_of_record
TN:
SF:src\modules\sessions\sessions.controller.ts
FN:15,(anonymous_4)
FN:18,(anonymous_5)
FN:25,(anonymous_6)
FN:32,(anonymous_7)
FNF:4
FNH:0
FNDA:0,(anonymous_4)
FNDA:0,(anonymous_5)
FNDA:0,(anonymous_6)
FNDA:0,(anonymous_7)
DA:1,0
DA:11,0
DA:14,0
DA:15,0
DA:18,0
DA:20,0
DA:25,0
DA:26,0
DA:27,0
DA:32,0
DA:37,0
DA:38,0
DA:40,0
DA:41,0
LF:14
LH:0
BRDA:37,0,0,0
BRDA:37,0,1,0
BRDA:15,1,0,0
BRDA:15,1,1,0
BRDA:15,2,0,0
BRDA:15,2,1,0
BRF:6
BRH:0
end_of_record
TN:
SF:src\modules\sessions\sessions.module.ts
FNF:0
FNH:0
DA:1,0
DA:2,0
DA:3,0
DA:4,0
DA:5,0
DA:6,0
DA:7,0
DA:15,0
LF:8
LH:0
BRF:0
BRH:0
end_of_record
TN:
SF:src\modules\sessions\sessions.service.ts
FN:9,(anonymous_4)
FN:16,(anonymous_5)
FN:37,(anonymous_6)
FN:45,(anonymous_7)
FNF:4
FNH:0
FNDA:0,(anonymous_4)
FNDA:0,(anonymous_5)
FNDA:0,(anonymous_6)
FNDA:0,(anonymous_7)
DA:1,2
DA:2,2
DA:3,2
DA:4,2
DA:5,2
DA:8,2
DA:11,0
DA:13,0
DA:18,0
DA:28,0
DA:34,0
DA:39,0
DA:49,0
DA:53,0
LF:14
LH:6
BRDA:53,0,0,0
BRDA:53,0,1,0
BRDA:11,1,0,2
BRDA:11,1,1,0
BRDA:11,2,0,2
BRDA:11,2,1,2
BRDA:11,3,0,2
BRDA:11,3,1,0
BRDA:11,4,0,2
BRDA:11,4,1,2
BRF:10
BRH:6
end_of_record
TN:
SF:src\modules\sessions\entities\revocation-event.entity.ts
FNF:0
FNH:0
DA:1,2
DA:9,2
DA:11,2
DA:14,2
DA:17,2
DA:20,2
DA:23,2
DA:26,2
DA:29,2
DA:32,2
LF:10
LH:10
BRDA:29,0,0,2
BRDA:29,0,1,0
BRDA:29,1,0,2
BRDA:29,1,1,2
BRDA:32,2,0,2
BRDA:32,2,1,0
BRDA:32,3,0,2
BRDA:32,3,1,2
BRF:8
BRH:6
end_of_record
TN:
SF:src\modules\sessions\entities\session.entity.ts
FN:16,(anonymous_2)
FNF:1
FNH:0
FNDA:0,(anonymous_2)
DA:1,2
DA:9,2
DA:12,2
DA:14,2
DA:16,0
DA:18,2
DA:21,2
DA:24,2
DA:27,2
DA:30,2
DA:33,2
DA:36,2
DA:39,2
DA:42,2
LF:14
LH:13
BRDA:18,0,0,2
BRDA:18,0,1,0
BRDA:18,1,0,2
BRDA:18,1,1,2
BRDA:30,2,0,2
BRDA:30,2,1,0
BRDA:30,3,0,2
BRDA:30,3,1,2
BRDA:33,4,0,2
BRDA:33,4,1,0
BRDA:33,5,0,2
BRDA:33,5,1,2
BRDA:36,6,0,2
BRDA:36,6,1,0
BRDA:36,7,0,2
BRDA:36,7,1,2
BRDA:42,8,0,2
BRDA:42,8,1,0
BRDA:42,9,0,2
BRDA:42,9,1,2
BRF:20
BRH:15
end_of_record
TN:
SF:src\modules\sessions\guards\session.guard.ts
FN:23,(anonymous_2)
FN:25,(anonymous_3)
FNF:2
FNH:0
FNDA:0,(anonymous_2)
FNDA:0,(anonymous_3)
DA:1,0
DA:7,0
DA:22,0
DA:23,0
DA:26,0
DA:27,0
DA:28,0
DA:29,0
DA:32,0
DA:36,0
DA:37,0
DA:38,0
DA:39,0
DA:43,0
LF:14
LH:0
BRDA:28,0,0,0
BRDA:28,0,1,0
BRDA:36,1,0,0
BRDA:36,1,1,0
BRDA:38,2,0,0
BRDA:38,2,1,0
BRDA:23,3,0,0
BRDA:23,3,1,0
BRDA:23,4,0,0
BRDA:23,4,1,0
BRF:10
BRH:0
end_of_record
TN:
SF:src\modules\tokens\tokens.module.ts
FN:12,(anonymous_1)
FNF:1
FNH:0
FNDA:0,(anonymous_1)
DA:1,0
DA:2,0
DA:3,0
DA:4,0
DA:5,0
DA:6,0
DA:7,0
DA:12,0
DA:19,0
LF:9
LH:0
BRF:0
BRH:0
end_of_record
TN:
SF:src\modules\tokens\tokens.service.ts
FN:20,(anonymous_13)
FN:31,(anonymous_14)
FN:96,(anonymous_15)
FN:160,(anonymous_16)
FN:218,(anonymous_17)
FN:232,(anonymous_18)
FN:246,(anonymous_19)
FN:282,(anonymous_20)
FN:23,(anonymous_21)
FN:27,(anonymous_22)
FNF:10
FNH:9
FNDA:10,(anonymous_13)
FNDA:1,(anonymous_14)
FNDA:3,(anonymous_15)
FNDA:3,(anonymous_16)
FNDA:1,(anonymous_17)
FNDA:0,(anonymous_18)
FNDA:2,(anonymous_19)
FNDA:1,(anonymous_20)
FNDA:10,(anonymous_21)
FNDA:10,(anonymous_22)
DA:1,1
DA:7,1
DA:8,1
DA:9,1
DA:11,1
DA:12,1
DA:13,1
DA:14,1
DA:15,1
DA:16,1
DA:19,1
DA:22,10
DA:23,10
DA:24,10
DA:25,10
DA:26,10
DA:27,10
DA:28,10
DA:40,1
DA:43,1
DA:45,1
DA:46,1
DA:47,1
DA:48,1
DA:49,1
DA:51,1
DA:52,1
DA:53,1
DA:54,1
DA:56,1
DA:75,1
DA:77,1
DA:91,1
DA:93,1
DA:97,3
DA:101,3
DA:106,3
DA:107,0
DA:111,3
DA:112,1
DA:116,1
DA:117,1
DA:123,2
DA:124,1
DA:128,1
DA:129,1
DA:132,1
DA:143,1
DA:148,1
DA:149,1
DA:150,1
DA:151,1
DA:157,1
DA:166,3
DA:167,3
DA:172,3
DA:173,0
DA:176,3
DA:177,0
DA:183,3
DA:184,0
DA:188,3
DA:198,3
DA:199,1
DA:204,2
DA:211,2
DA:219,1
DA:226,1
DA:233,0
DA:252,2
DA:257,2
DA:262,2
DA:263,1
DA:266,1
DA:271,1
DA:273,0
DA:274,0
DA:289,1
DA:297,1
DA:298,1
DA:303,1
DA:305,1
DA:310,1
DA:311,0
DA:314,0
DA:320,1
LF:86
LH:77
BRDA:45,0,0,1
BRDA:45,0,1,0
BRDA:46,1,0,1
BRDA:46,1,1,1
BRDA:47,2,0,1
BRDA:47,2,1,0
BRDA:48,3,0,1
BRDA:48,3,1,0
BRDA:49,4,0,1
BRDA:49,4,1,0
BRDA:106,5,0,0
BRDA:106,5,1,3
BRDA:106,6,0,3
BRDA:106,6,1,3
BRDA:111,7,0,1
BRDA:111,7,1,2
BRDA:123,8,0,1
BRDA:123,8,1,1
BRDA:148,9,0,1
BRDA:148,9,1,0
BRDA:172,10,0,0
BRDA:172,10,1,3
BRDA:172,11,0,3
BRDA:172,11,1,3
BRDA:172,11,2,3
BRDA:176,12,0,0
BRDA:176,12,1,3
BRDA:183,13,0,0
BRDA:183,13,1,3
BRDA:198,14,0,1
BRDA:198,14,1,2
BRDA:262,15,0,1
BRDA:262,15,1,1
BRDA:262,16,0,2
BRDA:262,16,1,1
BRDA:303,17,0,1
BRDA:303,17,1,0
BRDA:310,18,0,0
BRDA:310,18,1,1
BRDA:310,19,0,1
BRDA:310,19,1,0
BRDA:22,20,0,1
BRDA:22,20,1,0
BRDA:22,21,0,1
BRDA:22,21,1,1
BRDA:22,22,0,1
BRDA:22,22,1,0
BRDA:22,23,0,1
BRDA:22,23,1,1
BRDA:24,24,0,1
BRDA:24,24,1,0
BRDA:24,25,0,1
BRDA:24,25,1,1
BRDA:25,26,0,1
BRDA:25,26,1,0
BRDA:25,27,0,1
BRDA:25,27,1,1
BRDA:26,28,0,1
BRDA:26,28,1,0
BRDA:26,29,0,1
BRDA:26,29,1,1
BRF:61
BRH:44
end_of_record
TN:
SF:src\modules\tokens\entities\refresh-token.entity.ts
FN:21,(anonymous_2)
FNF:1
FNH:0
FNDA:0,(anonymous_2)
DA:1,1
DA:10,1
DA:14,1
DA:16,1
DA:19,1
DA:21,0
DA:23,1
DA:26,1
DA:29,1
DA:32,1
DA:35,1
DA:38,1
DA:41,1
DA:44,1
DA:47,1
DA:50,1
DA:53,1
DA:56,1
DA:59,1
DA:62,1
DA:65,1
DA:68,1
DA:71,1
DA:74,1
LF:24
LH:23
BRDA:23,0,0,1
BRDA:23,0,1,0
BRDA:23,1,0,1
BRDA:23,1,1,1
BRDA:44,2,0,1
BRDA:44,2,1,0
BRDA:44,3,0,1
BRDA:44,3,1,1
BRDA:59,4,0,1
BRDA:59,4,1,0
BRDA:59,5,0,1
BRDA:59,5,1,1
BRDA:74,6,0,1
BRDA:74,6,1,0
BRDA:74,7,0,1
BRDA:74,7,1,1
BRF:16
BRH:12
end_of_record
TN:
SF:src\modules\users\users.controller.ts
FN:7,(anonymous_4)
FN:10,(anonymous_5)
FNF:2
FNH:0
FNDA:0,(anonymous_4)
FNDA:0,(anonymous_5)
DA:1,0
DA:2,0
DA:3,0
DA:6,0
DA:7,0
DA:10,0
DA:11,0
LF:7
LH:0
BRDA:10,0,0,0
BRDA:10,0,1,0
BRDA:10,1,0,0
BRDA:10,1,1,0
BRDA:7,2,0,0
BRDA:7,2,1,0
BRDA:7,3,0,0
BRDA:7,3,1,0
BRF:8
BRH:0
end_of_record
TN:
SF:src\modules\users\users.module.ts
FNF:0
FNH:0
DA:1,0
DA:2,0
DA:3,0
DA:4,0
DA:5,0
DA:6,0
DA:14,0
LF:7
LH:0
BRF:0
BRH:0
end_of_record
TN:
SF:src\modules\users\users.service.ts
FN:11,(anonymous_13)
FN:19,(anonymous_14)
FN:23,(anonymous_15)
FN:48,(anonymous_16)
FN:52,(anonymous_17)
FNF:5
FNH:0
FNDA:0,(anonymous_13)
FNDA:0,(anonymous_14)
FNDA:0,(anonymous_15)
FNDA:0,(anonymous_16)
FNDA:0,(anonymous_17)
DA:1,2
DA:2,2
DA:3,2
DA:4,2
DA:6,2
DA:7,2
DA:10,2
DA:13,0
DA:15,0
DA:16,0
DA:21,0
DA:23,0
DA:25,0
DA:26,0
DA:29,0
DA:33,0
DA:35,0
DA:42,0
DA:44,0
DA:49,0
DA:53,0
LF:21
LH:7
BRDA:25,0,0,0
BRDA:25,0,1,0
BRDA:13,1,0,2
BRDA:13,1,1,0
BRDA:13,2,0,2
BRDA:13,2,1,2
BRDA:13,3,0,2
BRDA:13,3,1,0
BRDA:13,4,0,2
BRDA:13,4,1,2
BRDA:15,5,0,2
BRDA:15,5,1,0
BRDA:15,6,0,2
BRDA:15,6,1,2
BRF:14
BRH:9
end_of_record
TN:
SF:src\modules\users\dto\create-user.dto.ts
FNF:0
FNH:0
DA:1,0
DA:11,0
DA:14,0
DA:18,0
DA:22,0
DA:26,0
DA:30,0
DA:34,0
DA:38,0
LF:9
LH:0
BRF:0
BRH:0
end_of_record
TN:
SF:src\modules\users\entities\consent-audit.entity.ts
FN:16,(anonymous_2)
FNF:1
FNH:0
FNDA:0,(anonymous_2)
DA:1,2
DA:9,2
DA:12,2
DA:14,2
DA:16,0
DA:18,2
DA:21,2
DA:24,2
DA:27,2
DA:30,2
DA:33,2
DA:36,2
DA:39,2
DA:42,2
DA:45,2
LF:15
LH:14
BRDA:18,0,0,2
BRDA:18,0,1,0
BRDA:18,1,0,2
BRDA:18,1,1,2
BRDA:27,2,0,2
BRDA:27,2,1,0
BRDA:27,3,0,2
BRDA:27,3,1,2
BRF:8
BRH:6
end_of_record
TN:
SF:src\modules\users\entities\user.entity.ts
FNF:0
FNH:0
DA:1,3
DA:13,3
DA:15,3
DA:18,3
DA:21,3
DA:24,3
DA:27,3
DA:30,3
DA:33,3
DA:36,3
DA:39,3
DA:42,3
DA:45,3
DA:48,3
DA:51,3
LF:15
LH:15
BRDA:39,0,0,3
BRDA:39,0,1,0
BRDA:39,1,0,3
BRDA:39,1,1,3
BRDA:42,2,0,3
BRDA:42,2,1,0
BRDA:42,3,0,3
BRDA:42,3,1,3
BRDA:48,4,0,3
BRDA:48,4,1,0
BRDA:48,5,0,3
BRDA:48,5,1,3
BRDA:51,6,0,3
BRDA:51,6,1,0
BRDA:51,7,0,3
BRDA:51,7,1,3
BRF:16
BRH:12
end_of_record
TN:
SF:src\modules\webauthn\rp.service.ts
FN:5,(anonymous_1)
FN:9,(anonymous_2)
FN:14,(anonymous_3)
FNF:3
FNH:2
FNDA:0,(anonymous_1)
FNDA:1,(anonymous_2)
FNDA:1,(anonymous_3)
DA:1,1
DA:4,1
DA:6,0
DA:11,1
DA:16,1
LF:5
LH:4
BRF:0
BRH:0
end_of_record
TN:
SF:src\modules\webauthn\webauthn.controller.ts
FN:16,(anonymous_4)
FN:20,(anonymous_5)
FN:25,(anonymous_6)
FN:38,(anonymous_7)
FN:43,(anonymous_8)
FNF:5
FNH:0
FNDA:0,(anonymous_4)
FNDA:0,(anonymous_5)
FNDA:0,(anonymous_6)
FNDA:0,(anonymous_7)
FNDA:0,(anonymous_8)
DA:1,0
DA:12,0
DA:15,0
DA:16,0
DA:20,0
DA:21,0
DA:25,0
DA:30,0
DA:31,0
DA:33,0
DA:38,0
DA:39,0
DA:43,0
DA:47,0
DA:48,0
DA:50,0
LF:16
LH:0
BRDA:30,0,0,0
BRDA:30,0,1,0
BRDA:47,1,0,0
BRDA:47,1,1,0
BRDA:26,2,0,0
BRDA:26,2,1,0
BRDA:26,3,0,0
BRDA:26,3,1,0
BRDA:44,4,0,0
BRDA:44,4,1,0
BRDA:44,5,0,0
BRDA:44,5,1,0
BRDA:16,6,0,0
BRDA:16,6,1,0
BRDA:16,7,0,0
BRDA:16,7,1,0
BRF:16
BRH:0
end_of_record
TN:
SF:src\modules\webauthn\webauthn.module.ts
FNF:0
FNH:0
DA:1,0
DA:2,0
DA:3,0
DA:4,0
DA:5,0
DA:6,0
DA:7,0
DA:8,0
DA:15,0
LF:9
LH:0
BRF:0
BRH:0
end_of_record
TN:
SF:src\modules\webauthn\webauthn.service.ts
FN:35,(anonymous_4)
FN:42,(anonymous_5)
FN:46,(anonymous_6)
FN:58,(anonymous_7)
FN:69,(anonymous_8)
FN:74,(anonymous_9)
FN:91,(anonymous_10)
FN:105,(anonymous_11)
FN:122,(anonymous_12)
FN:160,(anonymous_13)
FN:226,(anonymous_14)
FN:241,(anonymous_15)
FN:261,(anonymous_16)
FNF:13
FNH:3
FNDA:1,(anonymous_4)
FNDA:0,(anonymous_5)
FNDA:0,(anonymous_6)
FNDA:0,(anonymous_7)
FNDA:0,(anonymous_8)
FNDA:2,(anonymous_9)
FNDA:0,(anonymous_10)
FNDA:0,(anonymous_11)
FNDA:0,(anonymous_12)
FNDA:1,(anonymous_13)
FNDA:0,(anonymous_14)
FNDA:0,(anonymous_15)
FNDA:0,(anonymous_16)
DA:1,1
DA:6,1
DA:17,1
DA:18,1
DA:19,1
DA:20,1
DA:21,1
DA:31,1
DA:32,1
DA:33,1
DA:36,1
DA:37,1
DA:39,1
DA:43,0
DA:51,0
DA:52,0
DA:59,0
DA:60,0
DA:61,0
DA:62,0
DA:63,0
DA:64,0
DA:66,0
DA:70,0
DA:71,0
DA:78,2
DA:79,0
DA:80,0
DA:81,0
DA:82,0
DA:85,0
DA:86,0
DA:92,0
DA:93,0
DA:95,0
DA:99,0
DA:105,0
DA:116,0
DA:117,0
DA:119,0
DA:127,0
DA:128,0
DA:129,0
DA:131,0
DA:132,0
DA:133,0
DA:138,0
DA:145,0
DA:146,0
DA:147,0
DA:149,0
DA:154,0
DA:157,0
DA:167,1
DA:171,1
DA:175,1
DA:179,1
DA:188,1
DA:190,1
DA:191,1
DA:195,1
DA:196,1
DA:199,1
DA:223,1
DA:235,0
DA:236,0
DA:237,0
DA:238,0
DA:241,0
DA:249,0
DA:255,0
DA:256,0
DA:258,0
DA:265,0
DA:266,0
DA:269,0
DA:272,0
DA:273,0
DA:275,0
DA:279,0
DA:283,0
DA:285,0
DA:289,0
DA:290,0
DA:296,0
DA:309,0
DA:310,0
DA:311,0
DA:312,0
DA:313,0
DA:316,0
LF:91
LH:25
BRDA:61,0,0,0
BRDA:61,0,1,0
BRDA:62,1,0,0
BRDA:62,1,1,0
BRDA:76,2,0,2
BRDA:78,3,0,2
BRDA:78,3,1,0
BRDA:79,4,0,0
BRDA:79,4,1,0
BRDA:80,5,0,0
BRDA:80,5,1,0
BRDA:81,6,0,0
BRDA:81,6,1,0
BRDA:85,7,0,0
BRDA:85,7,1,0
BRDA:85,8,0,0
BRDA:85,8,1,0
BRDA:93,9,0,0
BRDA:93,9,1,0
BRDA:116,10,0,0
BRDA:116,10,1,0
BRDA:127,11,0,0
BRDA:127,11,1,0
BRDA:128,12,0,0
BRDA:128,12,1,0
BRDA:132,13,0,0
BRDA:132,13,1,0
BRDA:132,14,0,0
BRDA:132,14,1,0
BRDA:145,15,0,0
BRDA:145,15,1,0
BRDA:145,16,0,0
BRDA:145,16,1,0
BRDA:147,17,0,0
BRDA:147,17,1,0
BRDA:167,18,0,1
BRDA:167,18,1,1
BRDA:171,19,0,1
BRDA:171,19,1,1
BRDA:175,20,0,1
BRDA:175,20,1,1
BRDA:179,21,0,1
BRDA:179,21,1,1
BRDA:195,22,0,1
BRDA:195,22,1,0
BRDA:195,23,0,1
BRDA:195,23,1,1
BRDA:195,23,2,1
BRDA:202,24,0,1
BRDA:202,24,1,0
BRDA:205,25,0,1
BRDA:205,25,1,0
BRDA:209,26,0,1
BRDA:209,26,1,0
BRDA:213,27,0,1
BRDA:213,27,1,0
BRDA:213,28,0,1
BRDA:213,28,1,1
BRDA:218,29,0,1
BRDA:218,29,1,0
BRDA:220,30,0,1
BRDA:220,30,1,0
BRDA:235,31,0,0
BRDA:235,31,1,0
BRDA:237,32,0,0
BRDA:237,32,1,0
BRDA:255,33,0,0
BRDA:255,33,1,0
BRDA:255,34,0,0
BRDA:255,34,1,0
BRDA:265,35,0,0
BRDA:265,35,1,0
BRDA:269,36,0,0
BRDA:269,36,1,0
BRDA:269,36,2,0
BRDA:272,37,0,0
BRDA:272,37,1,0
BRDA:283,38,0,0
BRDA:283,38,1,0
BRDA:289,39,0,0
BRDA:289,39,1,0
BRDA:289,40,0,0
BRDA:289,40,1,0
BRDA:309,41,0,0
BRDA:309,41,1,0
BRDA:36,42,0,1
BRDA:36,42,1,0
BRDA:36,43,0,1
BRDA:36,43,1,1
BRDA:36,44,0,1
BRDA:36,44,1,0
BRDA:36,45,0,1
BRDA:36,45,1,1
BRDA:37,46,0,1
BRDA:37,46,1,0
BRDA:37,47,0,1
BRDA:37,47,1,1
BRF:97
BRH:31
end_of_record
TN:
SF:src\modules\webauthn\entities\webauthn-credential.entity.ts
FN:18,(anonymous_2)
FNF:1
FNH:0
FNDA:0,(anonymous_2)
DA:1,1
DA:10,1
DA:14,1
DA:16,1
DA:18,0
DA:20,1
DA:23,1
DA:26,1
DA:29,1
DA:32,1
DA:35,1
DA:38,1
DA:41,1
DA:44,1
DA:47,1
DA:50,1
DA:53,1
DA:56,1
DA:59,1
LF:19
LH:18
BRDA:20,0,0,1
BRDA:20,0,1,0
BRDA:20,1,0,1
BRDA:20,1,1,1
BRDA:23,2,0,1
BRDA:23,2,1,0
BRDA:23,3,0,1
BRDA:23,3,1,1
BRDA:26,4,0,1
BRDA:26,4,1,0
BRDA:26,5,0,1
BRDA:26,5,1,1
BRDA:38,6,0,1
BRDA:38,6,1,0
BRDA:38,7,0,1
BRDA:38,7,1,1
BRDA:56,8,0,1
BRDA:56,8,1,0
BRDA:56,9,0,1
BRDA:56,9,1,1
BRDA:59,10,0,1
BRDA:59,10,1,0
BRDA:59,11,0,1
BRDA:59,11,1,1
BRF:24
BRH:18
end_of_record
TN:
SF:src\modules\webauthn\store\challenge-store.service.ts
FN:7,(anonymous_1)
FN:10,(anonymous_2)
FN:13,(anonymous_3)
FNF:3
FNH:0
FNDA:0,(anonymous_1)
FNDA:0,(anonymous_2)
FNDA:0,(anonymous_3)
DA:1,0
DA:4,0
DA:5,0
DA:8,0
DA:10,0
DA:14,0
DA:16,0
DA:17,0
LF:8
LH:0
BRF:0
BRH:0
end_of_record
