TN:
SF:src\app.controller.ts
FN:6,(anonymous_2)
FN:9,(anonymous_3)
FNF:2
FNH:2
FNDA:1,(anonymous_2)
FNDA:1,(anonymous_3)
DA:1,1
DA:2,1
DA:5,1
DA:6,1
DA:9,1
DA:10,1
LF:6
LH:6
BRDA:6,0,0,1
BRDA:6,0,1,0
BRDA:6,1,0,1
BRDA:6,1,1,1
BRF:4
BRH:3
end_of_record
TN:
SF:src\app.module.ts
FNF:0
FNH:0
DA:1,0
DA:2,0
DA:3,0
DA:4,0
DA:5,0
DA:6,0
DA:7,0
DA:8,0
DA:9,0
DA:10,0
DA:11,0
DA:12,0
DA:13,0
DA:14,0
DA:15,0
DA:16,0
DA:17,0
DA:38,0
LF:18
LH:0
BRF:0
BRH:0
end_of_record
TN:
SF:src\app.service.ts
FN:5,(anonymous_1)
FNF:1
FNH:1
FNDA:1,(anonymous_1)
DA:1,1
DA:4,1
DA:6,1
LF:3
LH:3
BRF:0
BRH:0
end_of_record
TN:
SF:src\main.ts
FN:4,bootstrap
FNF:1
FNH:0
FNDA:0,bootstrap
DA:1,0
DA:2,0
DA:5,0
DA:6,0
DA:8,0
LF:5
LH:0
BRDA:6,0,0,0
BRDA:6,0,1,0
BRF:2
BRH:0
end_of_record
TN:
SF:src\config\database.config.ts
FN:10,(anonymous_0)
FN:37,(anonymous_1)
FN:41,(anonymous_2)
FNF:3
FNH:0
FNDA:0,(anonymous_0)
FNDA:0,(anonymous_1)
FNDA:0,(anonymous_2)
DA:2,0
DA:3,0
DA:4,0
DA:5,0
DA:6,0
DA:7,0
DA:8,0
DA:10,0
DA:11,0
DA:33,0
DA:37,0
DA:41,0
LF:12
LH:0
BRDA:10,0,0,0
BRDA:13,1,0,0
BRDA:13,1,1,0
BRDA:14,2,0,0
BRDA:14,2,1,0
BRDA:14,3,0,0
BRDA:14,3,1,0
BRDA:15,4,0,0
BRDA:15,4,1,0
BRDA:16,5,0,0
BRDA:16,5,1,0
BRDA:17,6,0,0
BRDA:17,6,1,0
BRDA:18,7,0,0
BRDA:18,7,1,0
BRDA:19,8,0,0
BRDA:19,8,1,0
BRDA:30,9,0,0
BRDA:30,9,1,0
BRF:19
BRH:0
end_of_record
TN:
SF:src\config\typeorm.config.ts
FNF:0
FNH:0
DA:1,0
DA:2,0
DA:6,0
LF:3
LH:0
BRF:0
BRH:0
end_of_record
TN:
SF:src\entities\consent-audit.entity.ts
FN:9,(anonymous_2)
FN:19,(anonymous_3)
FNF:2
FNH:0
FNDA:0,(anonymous_2)
FNDA:0,(anonymous_3)
DA:1,0
DA:2,0
DA:5,0
DA:7,0
DA:9,0
DA:11,0
DA:14,0
DA:17,0
DA:19,0
DA:20,0
DA:23,0
DA:26,0
DA:29,0
DA:32,0
DA:35,0
DA:38,0
LF:16
LH:0
BRDA:11,0,0,0
BRDA:11,0,1,0
BRDA:11,1,0,0
BRDA:11,1,1,0
BRDA:20,2,0,0
BRDA:20,2,1,0
BRDA:20,3,0,0
BRDA:20,3,1,0
BRF:8
BRH:0
end_of_record
TN:
SF:src\entities\refresh-token.entity.ts
FN:12,(anonymous_2)
FN:22,(anonymous_3)
FN:26,(anonymous_4)
FNF:3
FNH:0
FNDA:0,(anonymous_2)
FNDA:0,(anonymous_3)
FNDA:0,(anonymous_4)
DA:1,0
DA:2,0
DA:5,0
DA:7,0
DA:10,0
DA:12,0
DA:14,0
DA:17,0
DA:20,0
DA:22,0
DA:24,0
DA:26,0
DA:28,0
DA:31,0
DA:34,0
DA:37,0
DA:40,0
DA:43,0
DA:46,0
DA:49,0
DA:52,0
DA:55,0
DA:58,0
DA:61,0
LF:24
LH:0
BRDA:14,0,0,0
BRDA:14,0,1,0
BRDA:14,1,0,0
BRDA:14,1,1,0
BRDA:31,2,0,0
BRDA:31,2,1,0
BRDA:31,3,0,0
BRDA:31,3,1,0
BRDA:46,4,0,0
BRDA:46,4,1,0
BRDA:46,5,0,0
BRDA:46,5,1,0
BRDA:61,6,0,0
BRDA:61,6,1,0
BRDA:61,7,0,0
BRDA:61,7,1,0
BRF:16
BRH:0
end_of_record
TN:
SF:src\entities\revocation-event.entity.ts
FNF:0
FNH:0
DA:1,0
DA:4,0
DA:6,0
DA:9,0
DA:12,0
DA:15,0
DA:18,0
DA:21,0
DA:24,0
DA:27,0
LF:10
LH:0
BRDA:24,0,0,0
BRDA:24,0,1,0
BRDA:24,1,0,0
BRDA:24,1,1,0
BRDA:27,2,0,0
BRDA:27,2,1,0
BRDA:27,3,0,0
BRDA:27,3,1,0
BRF:8
BRH:0
end_of_record
TN:
SF:src\entities\session.entity.ts
FN:9,(anonymous_2)
FN:22,(anonymous_3)
FNF:2
FNH:0
FNDA:0,(anonymous_2)
FNDA:0,(anonymous_3)
DA:1,0
DA:2,0
DA:5,0
DA:7,0
DA:9,0
DA:11,0
DA:14,0
DA:17,0
DA:20,0
DA:22,0
DA:23,0
DA:26,0
DA:29,0
DA:32,0
DA:35,0
LF:15
LH:0
BRDA:11,0,0,0
BRDA:11,0,1,0
BRDA:11,1,0,0
BRDA:11,1,1,0
BRDA:23,2,0,0
BRDA:23,2,1,0
BRDA:23,3,0,0
BRDA:23,3,1,0
BRDA:26,4,0,0
BRDA:26,4,1,0
BRDA:26,5,0,0
BRDA:26,5,1,0
BRDA:29,6,0,0
BRDA:29,6,1,0
BRDA:29,7,0,0
BRDA:29,7,1,0
BRDA:35,8,0,0
BRDA:35,8,1,0
BRDA:35,9,0,0
BRDA:35,9,1,0
BRF:20
BRH:0
end_of_record
TN:
SF:src\entities\user.entity.ts
FNF:0
FNH:0
DA:1,0
DA:6,0
DA:8,0
DA:11,0
DA:14,0
DA:17,0
DA:20,0
DA:23,0
DA:26,0
DA:29,0
DA:32,0
DA:35,0
DA:38,0
LF:13
LH:0
BRDA:26,0,0,0
BRDA:26,0,1,0
BRDA:26,1,0,0
BRDA:26,1,1,0
BRDA:29,2,0,0
BRDA:29,2,1,0
BRDA:29,3,0,0
BRDA:29,3,1,0
BRDA:35,4,0,0
BRDA:35,4,1,0
BRDA:35,5,0,0
BRDA:35,5,1,0
BRDA:38,6,0,0
BRDA:38,6,1,0
BRDA:38,7,0,0
BRDA:38,7,1,0
BRF:16
BRH:0
end_of_record
TN:
SF:src\entities\webauthn-credential.entity.ts
FN:10,(anonymous_2)
FNF:1
FNH:0
FNDA:0,(anonymous_2)
DA:1,0
DA:2,0
DA:6,0
DA:8,0
DA:10,0
DA:12,0
DA:15,0
DA:18,0
DA:21,0
DA:24,0
DA:27,0
DA:30,0
DA:33,0
DA:36,0
DA:39,0
DA:42,0
DA:45,0
DA:48,0
DA:51,0
LF:19
LH:0
BRDA:12,0,0,0
BRDA:12,0,1,0
BRDA:12,1,0,0
BRDA:12,1,1,0
BRDA:15,2,0,0
BRDA:15,2,1,0
BRDA:15,3,0,0
BRDA:15,3,1,0
BRDA:18,4,0,0
BRDA:18,4,1,0
BRDA:18,5,0,0
BRDA:18,5,1,0
BRDA:30,6,0,0
BRDA:30,6,1,0
BRDA:30,7,0,0
BRDA:30,7,1,0
BRDA:48,8,0,0
BRDA:48,8,1,0
BRDA:48,9,0,0
BRDA:48,9,1,0
BRDA:51,10,0,0
BRDA:51,10,1,0
BRDA:51,11,0,0
BRDA:51,11,1,0
BRF:24
BRH:0
end_of_record
TN:
SF:src\modules\auth\auth.controller.ts
FN:8,(anonymous_4)
FN:11,(anonymous_5)
FN:26,(anonymous_6)
FN:52,(anonymous_7)
FNF:4
FNH:0
FNDA:0,(anonymous_4)
FNDA:0,(anonymous_5)
FNDA:0,(anonymous_6)
FNDA:0,(anonymous_7)
DA:1,0
DA:2,0
DA:3,0
DA:4,0
DA:7,0
DA:8,0
DA:11,0
DA:15,0
DA:16,0
DA:18,0
DA:22,0
DA:26,0
DA:33,0
DA:34,0
DA:36,0
DA:37,0
DA:40,0
DA:41,0
DA:43,0
DA:47,0
DA:52,0
DA:53,0
LF:22
LH:0
BRDA:15,0,0,0
BRDA:15,0,1,0
BRDA:15,1,0,0
BRDA:15,1,1,0
BRDA:33,2,0,0
BRDA:33,2,1,0
BRDA:36,3,0,0
BRDA:36,3,1,0
BRDA:36,4,0,0
BRDA:36,4,1,0
BRDA:31,5,0,0
BRDA:31,5,1,0
BRDA:31,6,0,0
BRDA:31,6,1,0
BRDA:8,7,0,0
BRDA:8,7,1,0
BRDA:8,8,0,0
BRDA:8,8,1,0
BRF:18
BRH:0
end_of_record
TN:
SF:src\modules\auth\auth.module.ts
FNF:0
FNH:0
DA:1,0
DA:2,0
DA:3,0
DA:4,0
DA:5,0
DA:6,0
DA:7,0
DA:14,0
LF:8
LH:0
BRF:0
BRH:0
end_of_record
TN:
SF:src\modules\auth\auth.service.ts
FN:10,(anonymous_11)
FN:16,(anonymous_12)
FN:30,(anonymous_13)
FN:73,(anonymous_14)
FN:87,(anonymous_15)
FN:94,(anonymous_16)
FNF:6
FNH:0
FNDA:0,(anonymous_11)
FNDA:0,(anonymous_12)
FNDA:0,(anonymous_13)
FNDA:0,(anonymous_14)
FNDA:0,(anonymous_15)
FNDA:0,(anonymous_16)
DA:1,0
DA:2,0
DA:3,0
DA:4,0
DA:5,0
DA:6,0
DA:9,0
DA:11,0
DA:12,0
DA:13,0
DA:21,0
DA:22,0
DA:27,0
DA:37,0
DA:38,0
DA:39,0
DA:42,0
DA:45,0
DA:46,0
DA:51,0
DA:54,0
DA:55,0
DA:58,0
DA:59,0
DA:62,0
DA:65,0
DA:70,0
DA:74,0
DA:75,0
DA:76,0
DA:78,0
DA:79,0
DA:80,0
DA:83,0
DA:84,0
DA:89,0
DA:91,0
DA:95,0
DA:96,0
DA:97,0
DA:98,0
DA:100,0
DA:101,0
DA:103,0
DA:105,0
DA:106,0
DA:109,0
DA:110,0
DA:116,0
DA:119,0
LF:50
LH:0
BRDA:38,0,0,0
BRDA:38,0,1,0
BRDA:45,1,0,0
BRDA:45,1,1,0
BRDA:54,2,0,0
BRDA:54,2,1,0
BRDA:58,3,0,0
BRDA:58,3,1,0
BRDA:75,4,0,0
BRDA:75,4,1,0
BRDA:79,5,0,0
BRDA:79,5,1,0
BRDA:105,6,0,0
BRDA:105,6,1,0
BRDA:109,7,0,0
BRDA:109,7,1,0
BRDA:11,8,0,0
BRDA:11,8,1,0
BRDA:11,9,0,0
BRDA:11,9,1,0
BRDA:11,10,0,0
BRDA:11,10,1,0
BRDA:11,11,0,0
BRDA:11,11,1,0
BRDA:12,12,0,0
BRDA:12,12,1,0
BRDA:12,13,0,0
BRDA:12,13,1,0
BRF:28
BRH:0
end_of_record
TN:
SF:src\modules\auth\guards\client-auth.guard.ts
FN:5,(anonymous_1)
FNF:1
FNH:0
FNDA:0,(anonymous_1)
DA:1,0
DA:4,0
DA:6,0
DA:9,0
DA:10,0
DA:12,0
DA:14,0
DA:17,0
LF:8
LH:0
BRDA:12,0,0,0
BRDA:12,0,1,0
BRDA:12,1,0,0
BRDA:12,1,1,0
BRF:4
BRH:0
end_of_record
TN:
SF:src\modules\auth\store\authorization-code-store.service.ts
FN:12,(anonymous_1)
FN:16,(anonymous_2)
FNF:2
FNH:0
FNDA:0,(anonymous_1)
FNDA:0,(anonymous_2)
DA:1,0
DA:9,0
DA:10,0
DA:13,0
DA:17,0
DA:18,0
DA:19,0
DA:21,0
LF:8
LH:0
BRDA:18,0,0,0
BRDA:18,0,1,0
BRF:2
BRH:0
end_of_record
TN:
SF:src\modules\authorization\authorization.module.ts
FNF:0
FNH:0
DA:1,0
DA:2,0
DA:3,0
DA:4,0
DA:10,0
LF:5
LH:0
BRF:0
BRH:0
end_of_record
TN:
SF:src\modules\authorization\authorization.service.ts
FN:6,(anonymous_2)
FN:8,(anonymous_3)
FNF:2
FNH:0
FNDA:0,(anonymous_2)
FNDA:0,(anonymous_3)
DA:1,0
DA:2,0
DA:5,0
DA:6,0
DA:9,0
DA:10,0
LF:6
LH:0
BRDA:6,0,0,0
BRDA:6,0,1,0
BRDA:6,1,0,0
BRDA:6,1,1,0
BRF:4
BRH:0
end_of_record
TN:
SF:src\modules\authorization\guards\policy.guard.ts
FN:7,(anonymous_2)
FN:12,(anonymous_3)
FNF:2
FNH:0
FNDA:0,(anonymous_2)
FNDA:0,(anonymous_3)
DA:1,0
DA:2,0
DA:3,0
DA:6,0
DA:8,0
DA:9,0
DA:13,0
DA:14,0
DA:15,0
DA:17,0
DA:19,0
DA:21,0
DA:22,0
DA:23,0
DA:24,0
DA:25,0
DA:29,0
LF:17
LH:0
BRDA:14,0,0,0
BRDA:14,0,1,0
BRDA:24,1,0,0
BRDA:24,1,1,0
BRDA:8,2,0,0
BRDA:8,2,1,0
BRDA:8,3,0,0
BRDA:8,3,1,0
BRDA:8,4,0,0
BRDA:8,4,1,0
BRDA:8,5,0,0
BRDA:8,5,1,0
BRF:12
BRH:0
end_of_record
TN:
SF:src\modules\authorization\policy\policy-engine.service.ts
FN:6,(anonymous_1)
FN:10,(anonymous_2)
FN:16,(anonymous_3)
FNF:3
FNH:0
FNDA:0,(anonymous_1)
FNDA:0,(anonymous_2)
FNDA:0,(anonymous_3)
DA:1,0
DA:4,0
DA:5,0
DA:8,0
DA:12,0
DA:17,0
DA:18,0
DA:21,0
LF:8
LH:0
BRDA:8,0,0,0
BRDA:8,0,1,0
BRDA:12,1,0,0
BRDA:12,1,1,0
BRDA:17,2,0,0
BRDA:17,2,1,0
BRF:6
BRH:0
end_of_record
TN:
SF:src\modules\compliance\compliance.controller.ts
FN:7,(anonymous_4)
FN:11,(anonymous_5)
FN:18,(anonymous_6)
FNF:3
FNH:0
FNDA:0,(anonymous_4)
FNDA:0,(anonymous_5)
FNDA:0,(anonymous_6)
DA:1,0
DA:2,0
DA:3,0
DA:6,0
DA:7,0
DA:11,0
DA:12,0
DA:13,0
DA:18,0
DA:19,0
DA:20,0
LF:11
LH:0
BRDA:7,0,0,0
BRDA:7,0,1,0
BRDA:7,1,0,0
BRDA:7,1,1,0
BRF:4
BRH:0
end_of_record
TN:
SF:src\modules\compliance\compliance.module.ts
FNF:0
FNH:0
DA:1,0
DA:2,0
DA:3,0
DA:4,0
DA:11,0
LF:5
LH:0
BRF:0
BRH:0
end_of_record
TN:
SF:src\modules\compliance\compliance.service.ts
FN:5,(anonymous_1)
FN:11,(anonymous_2)
FNF:2
FNH:0
FNDA:0,(anonymous_1)
FNDA:0,(anonymous_2)
DA:1,0
DA:4,0
DA:7,0
DA:8,0
DA:14,0
DA:15,0
LF:6
LH:0
BRF:0
BRH:0
end_of_record
TN:
SF:src\modules\keys\keys.module.ts
FNF:0
FNH:0
DA:1,0
DA:2,0
DA:3,0
DA:4,0
DA:5,0
DA:6,0
DA:14,0
LF:7
LH:0
BRF:0
BRH:0
end_of_record
TN:
SF:src\modules\keys\controllers\jwks.controller.ts
FN:6,(anonymous_4)
FN:9,(anonymous_5)
FNF:2
FNH:2
FNDA:4,(anonymous_4)
FNDA:3,(anonymous_5)
DA:1,1
DA:2,1
DA:5,1
DA:6,4
DA:9,1
DA:10,3
DA:11,1
DA:13,2
LF:8
LH:8
BRDA:10,0,0,1
BRDA:10,0,1,2
BRDA:6,1,0,1
BRDA:6,1,1,0
BRDA:6,2,0,1
BRDA:6,2,1,1
BRF:6
BRH:5
end_of_record
TN:
SF:src\modules\keys\entities\signing-key.entity.ts
FN:3,(anonymous_2)
FNF:1
FNH:1
FNDA:3,(anonymous_2)
DA:1,3
DA:3,3
DA:4,3
DA:5,3
DA:6,3
DA:11,3
DA:13,3
DA:16,3
DA:19,3
DA:22,3
DA:25,3
DA:32,3
DA:35,3
DA:38,3
DA:41,3
LF:15
LH:15
BRDA:3,0,0,3
BRDA:3,0,1,3
BRDA:35,1,0,3
BRDA:35,1,1,0
BRDA:35,2,0,3
BRDA:35,2,1,3
BRDA:38,3,0,3
BRDA:38,3,1,0
BRDA:38,4,0,3
BRDA:38,4,1,3
BRDA:41,5,0,3
BRDA:41,5,1,0
BRDA:41,6,0,3
BRDA:41,6,1,3
BRF:14
BRH:11
end_of_record
TN:
SF:src\modules\keys\services\key-management.service.ts
FN:11,(anonymous_13)
FN:16,(anonymous_14)
FN:40,(anonymous_15)
FN:59,(anonymous_16)
FN:63,(anonymous_17)
FN:72,(anonymous_18)
FNF:6
FNH:6
FNDA:7,(anonymous_13)
FNDA:1,(anonymous_14)
FNDA:2,(anonymous_15)
FNDA:1,(anonymous_16)
FNDA:2,(anonymous_17)
FNDA:2,(anonymous_18)
DA:1,3
DA:2,3
DA:3,3
DA:4,3
DA:5,3
DA:8,3
DA:9,7
DA:13,7
DA:17,1
DA:20,1
DA:23,1
DA:34,1
DA:35,1
DA:37,1
DA:41,2
DA:51,2
DA:52,1
DA:53,1
DA:56,1
DA:60,1
DA:64,2
DA:71,2
DA:72,2
DA:73,2
DA:77,2
DA:78,2
DA:79,2
DA:80,2
DA:81,2
DA:82,2
DA:85,2
DA:86,2
DA:88,2
DA:90,0
DA:94,2
DA:95,2
LF:36
LH:35
BRDA:51,0,0,1
BRDA:51,0,1,1
BRDA:13,1,0,3
BRDA:13,1,1,0
BRDA:13,2,0,3
BRDA:13,2,1,3
BRF:6
BRH:5
end_of_record
TN:
SF:src\modules\keys\services\key-rotation.service.ts
FN:12,(anonymous_4)
FN:19,(anonymous_5)
FN:36,(anonymous_6)
FN:85,(anonymous_7)
FNF:4
FNH:4
FNDA:6,(anonymous_4)
FNDA:1,(anonymous_5)
FNDA:2,(anonymous_6)
FNDA:2,(anonymous_7)
DA:1,1
DA:2,1
DA:3,1
DA:4,1
DA:5,1
DA:6,1
DA:9,1
DA:10,6
DA:14,6
DA:15,6
DA:19,1
DA:20,1
DA:21,1
DA:23,1
DA:24,1
DA:25,1
DA:27,1
DA:28,1
DA:30,0
DA:31,0
DA:32,0
DA:37,2
DA:38,2
DA:40,2
DA:42,2
DA:50,2
DA:52,2
DA:53,1
DA:54,1
DA:57,1
DA:58,1
DA:60,1
DA:62,1
DA:63,1
DA:66,1
DA:71,1
DA:72,1
DA:74,0
DA:77,0
DA:78,0
DA:82,1
DA:86,2
DA:87,2
DA:89,2
DA:91,2
DA:99,2
DA:101,2
DA:102,1
DA:103,1
DA:106,1
DA:107,1
DA:109,1
DA:110,1
DA:115,1
DA:116,1
DA:118,0
DA:121,0
DA:122,0
DA:126,1
LF:59
LH:50
BRDA:52,0,0,1
BRDA:52,0,1,1
BRDA:71,1,0,1
BRDA:71,1,1,0
BRDA:101,2,0,1
BRDA:101,2,1,1
BRDA:115,3,0,1
BRDA:115,3,1,0
BRDA:14,4,0,1
BRDA:14,4,1,0
BRDA:14,5,0,1
BRDA:14,5,1,1
BRDA:14,6,0,1
BRDA:14,6,1,0
BRDA:14,7,0,1
BRDA:14,7,1,1
BRF:16
BRH:12
end_of_record
TN:
SF:src\modules\mfa\mfa.module.ts
FNF:0
FNH:0
DA:1,0
DA:2,0
DA:3,0
DA:4,0
DA:11,0
LF:5
LH:0
BRF:0
BRH:0
end_of_record
TN:
SF:src\modules\mfa\mfa.service.ts
FN:7,(anonymous_2)
FN:9,(anonymous_3)
FN:17,(anonymous_4)
FN:21,(anonymous_5)
FNF:4
FNH:0
FNDA:0,(anonymous_2)
FNDA:0,(anonymous_3)
FNDA:0,(anonymous_4)
FNDA:0,(anonymous_5)
DA:1,0
DA:2,0
DA:3,0
DA:6,0
DA:7,0
DA:10,0
DA:13,0
DA:14,0
DA:18,0
DA:23,0
DA:24,0
DA:25,0
DA:27,0
LF:13
LH:0
BRDA:24,0,0,0
BRDA:24,0,1,0
BRDA:24,1,0,0
BRDA:24,1,1,0
BRDA:7,2,0,0
BRDA:7,2,1,0
BRDA:7,3,0,0
BRDA:7,3,1,0
BRF:8
BRH:0
end_of_record
TN:
SF:src\modules\mfa\guards\mfa.guard.ts
FN:5,(anonymous_1)
FNF:1
FNH:0
FNDA:0,(anonymous_1)
DA:1,0
DA:4,0
DA:9,0
DA:10,0
LF:4
LH:0
BRF:0
BRH:0
end_of_record
TN:
SF:src\modules\oidc-discovery\oidc-discovery.controller.ts
FN:6,(anonymous_4)
FN:9,(anonymous_5)
FNF:2
FNH:0
FNDA:0,(anonymous_4)
FNDA:0,(anonymous_5)
DA:1,0
DA:2,0
DA:5,0
DA:6,0
DA:9,0
DA:10,0
LF:6
LH:0
BRDA:6,0,0,0
BRDA:6,0,1,0
BRDA:6,1,0,0
BRDA:6,1,1,0
BRF:4
BRH:0
end_of_record
TN:
SF:src\modules\oidc-discovery\oidc-discovery.module.ts
FNF:0
FNH:0
DA:1,0
DA:2,0
DA:3,0
DA:9,0
LF:4
LH:0
BRF:0
BRH:0
end_of_record
TN:
SF:src\modules\oidc-discovery\oidc-discovery.service.ts
FN:5,(anonymous_1)
FNF:1
FNH:0
FNDA:0,(anonymous_1)
DA:1,0
DA:4,0
DA:6,0
DA:7,0
LF:4
LH:0
BRF:0
BRH:0
end_of_record
TN:
SF:src\modules\qrcodes\qrcodes.controller.ts
FN:6,(anonymous_4)
FN:9,(anonymous_5)
FN:15,(anonymous_6)
FNF:3
FNH:0
FNDA:0,(anonymous_4)
FNDA:0,(anonymous_5)
FNDA:0,(anonymous_6)
DA:1,0
DA:2,0
DA:5,0
DA:6,0
DA:9,0
DA:10,0
DA:11,0
DA:15,0
DA:16,0
DA:17,0
LF:10
LH:0
BRDA:6,0,0,0
BRDA:6,0,1,0
BRDA:6,1,0,0
BRDA:6,1,1,0
BRF:4
BRH:0
end_of_record
TN:
SF:src\modules\qrcodes\qrcodes.module.ts
FNF:0
FNH:0
DA:1,0
DA:2,0
DA:3,0
DA:4,0
DA:11,0
LF:5
LH:0
BRF:0
BRH:0
end_of_record
TN:
SF:src\modules\qrcodes\qrcodes.service.ts
FN:8,(anonymous_11)
FN:10,(anonymous_12)
FN:21,(anonymous_13)
FNF:3
FNH:0
FNDA:0,(anonymous_11)
FNDA:0,(anonymous_12)
FNDA:0,(anonymous_13)
DA:1,0
DA:2,0
DA:3,0
DA:4,0
DA:7,0
DA:8,0
DA:11,0
DA:12,0
DA:14,0
DA:18,0
DA:22,0
DA:23,0
DA:24,0
DA:25,0
DA:27,0
DA:28,0
DA:31,0
DA:32,0
DA:33,0
DA:34,0
DA:36,0
LF:21
LH:0
BRDA:27,0,0,0
BRDA:27,0,1,0
BRDA:8,1,0,0
BRDA:8,1,1,0
BRDA:8,2,0,0
BRDA:8,2,1,0
BRF:6
BRH:0
end_of_record
TN:
SF:src\modules\sessions\sessions.controller.ts
FN:6,(anonymous_4)
FN:9,(anonymous_5)
FNF:2
FNH:0
FNDA:0,(anonymous_4)
FNDA:0,(anonymous_5)
DA:1,0
DA:2,0
DA:5,0
DA:6,0
DA:9,0
DA:10,0
DA:11,0
LF:7
LH:0
BRDA:6,0,0,0
BRDA:6,0,1,0
BRDA:6,1,0,0
BRDA:6,1,1,0
BRF:4
BRH:0
end_of_record
TN:
SF:src\modules\sessions\sessions.module.ts
FNF:0
FNH:0
DA:1,0
DA:2,0
DA:3,0
DA:4,0
DA:5,0
DA:6,0
DA:7,0
DA:15,0
LF:8
LH:0
BRF:0
BRH:0
end_of_record
TN:
SF:src\modules\sessions\sessions.service.ts
FN:9,(anonymous_4)
FN:16,(anonymous_5)
FN:25,(anonymous_6)
FNF:3
FNH:0
FNDA:0,(anonymous_4)
FNDA:0,(anonymous_5)
FNDA:0,(anonymous_6)
DA:1,0
DA:2,0
DA:3,0
DA:4,0
DA:5,0
DA:8,0
DA:11,0
DA:13,0
DA:17,0
DA:22,0
DA:26,0
DA:30,0
LF:12
LH:0
BRDA:30,0,0,0
BRDA:30,0,1,0
BRDA:11,1,0,0
BRDA:11,1,1,0
BRDA:11,2,0,0
BRDA:11,2,1,0
BRDA:11,3,0,0
BRDA:11,3,1,0
BRDA:11,4,0,0
BRDA:11,4,1,0
BRF:10
BRH:0
end_of_record
TN:
SF:src\modules\sessions\entities\revocation-event.entity.ts
FNF:0
FNH:0
DA:1,0
DA:4,0
DA:6,0
DA:9,0
DA:12,0
DA:15,0
DA:18,0
DA:21,0
DA:24,0
DA:27,0
LF:10
LH:0
BRDA:24,0,0,0
BRDA:24,0,1,0
BRDA:24,1,0,0
BRDA:24,1,1,0
BRDA:27,2,0,0
BRDA:27,2,1,0
BRDA:27,3,0,0
BRDA:27,3,1,0
BRF:8
BRH:0
end_of_record
TN:
SF:src\modules\sessions\entities\session.entity.ts
FN:9,(anonymous_2)
FNF:1
FNH:0
FNDA:0,(anonymous_2)
DA:1,0
DA:2,0
DA:5,0
DA:7,0
DA:9,0
DA:11,0
DA:14,0
DA:17,0
DA:20,0
DA:23,0
DA:26,0
DA:29,0
DA:32,0
DA:35,0
LF:14
LH:0
BRDA:11,0,0,0
BRDA:11,0,1,0
BRDA:11,1,0,0
BRDA:11,1,1,0
BRDA:23,2,0,0
BRDA:23,2,1,0
BRDA:23,3,0,0
BRDA:23,3,1,0
BRDA:26,4,0,0
BRDA:26,4,1,0
BRDA:26,5,0,0
BRDA:26,5,1,0
BRDA:29,6,0,0
BRDA:29,6,1,0
BRDA:29,7,0,0
BRDA:29,7,1,0
BRDA:35,8,0,0
BRDA:35,8,1,0
BRDA:35,9,0,0
BRDA:35,9,1,0
BRF:20
BRH:0
end_of_record
TN:
SF:src\modules\sessions\guards\session.guard.ts
FN:6,(anonymous_2)
FN:8,(anonymous_3)
FNF:2
FNH:0
FNDA:0,(anonymous_2)
FNDA:0,(anonymous_3)
DA:1,0
DA:2,0
DA:5,0
DA:6,0
DA:9,0
DA:10,0
DA:11,0
DA:14,0
DA:15,0
DA:16,0
DA:17,0
DA:18,0
DA:22,0
LF:13
LH:0
BRDA:10,0,0,0
BRDA:10,0,1,0
BRDA:15,1,0,0
BRDA:15,1,1,0
BRDA:17,2,0,0
BRDA:17,2,1,0
BRDA:6,3,0,0
BRDA:6,3,1,0
BRDA:6,4,0,0
BRDA:6,4,1,0
BRF:10
BRH:0
end_of_record
TN:
SF:src\modules\tokens\tokens.module.ts
FNF:0
FNH:0
DA:1,0
DA:2,0
DA:3,0
DA:4,0
DA:11,0
LF:5
LH:0
BRF:0
BRH:0
end_of_record
TN:
SF:src\modules\tokens\tokens.service.ts
FN:10,(anonymous_13)
FN:15,(anonymous_14)
FN:33,(anonymous_15)
FN:54,(anonymous_16)
FNF:4
FNH:0
FNDA:0,(anonymous_13)
FNDA:0,(anonymous_14)
FNDA:0,(anonymous_15)
FNDA:0,(anonymous_16)
DA:1,0
DA:2,0
DA:3,0
DA:4,0
DA:6,0
DA:9,0
DA:12,0
DA:16,0
DA:17,0
DA:19,0
DA:28,0
DA:30,0
DA:34,0
DA:35,0
DA:37,0
DA:40,0
DA:43,0
DA:44,0
DA:46,0
DA:48,0
DA:49,0
DA:51,0
DA:55,0
DA:56,0
DA:58,0
DA:59,0
DA:62,0
LF:27
LH:0
BRDA:23,0,0,0
BRDA:23,0,1,0
BRDA:37,1,0,0
BRDA:37,1,1,0
BRDA:37,2,0,0
BRDA:37,2,1,0
BRDA:37,2,2,0
BRDA:58,3,0,0
BRDA:58,3,1,0
BRDA:58,4,0,0
BRDA:58,4,1,0
BRDA:58,4,2,0
BRDA:12,5,0,0
BRDA:12,5,1,0
BRDA:12,6,0,0
BRDA:12,6,1,0
BRF:16
BRH:0
end_of_record
TN:
SF:src\modules\tokens\entities\refresh-token.entity.ts
FN:13,(anonymous_2)
FNF:1
FNH:0
FNDA:0,(anonymous_2)
DA:1,0
DA:2,0
DA:6,0
DA:8,0
DA:11,0
DA:13,0
DA:15,0
DA:18,0
DA:21,0
DA:24,0
DA:27,0
DA:30,0
DA:33,0
DA:36,0
DA:39,0
DA:42,0
DA:45,0
DA:48,0
DA:51,0
DA:54,0
DA:57,0
DA:60,0
LF:22
LH:0
BRDA:15,0,0,0
BRDA:15,0,1,0
BRDA:15,1,0,0
BRDA:15,1,1,0
BRDA:30,2,0,0
BRDA:30,2,1,0
BRDA:30,3,0,0
BRDA:30,3,1,0
BRDA:45,4,0,0
BRDA:45,4,1,0
BRDA:45,5,0,0
BRDA:45,5,1,0
BRDA:60,6,0,0
BRDA:60,6,1,0
BRDA:60,7,0,0
BRDA:60,7,1,0
BRF:16
BRH:0
end_of_record
TN:
SF:src\modules\users\users.controller.ts
FN:7,(anonymous_4)
FN:10,(anonymous_5)
FNF:2
FNH:0
FNDA:0,(anonymous_4)
FNDA:0,(anonymous_5)
DA:1,0
DA:2,0
DA:3,0
DA:6,0
DA:7,0
DA:10,0
DA:11,0
LF:7
LH:0
BRDA:10,0,0,0
BRDA:10,0,1,0
BRDA:10,1,0,0
BRDA:10,1,1,0
BRDA:7,2,0,0
BRDA:7,2,1,0
BRDA:7,3,0,0
BRDA:7,3,1,0
BRF:8
BRH:0
end_of_record
TN:
SF:src\modules\users\users.module.ts
FNF:0
FNH:0
DA:1,0
DA:2,0
DA:3,0
DA:4,0
DA:5,0
DA:6,0
DA:14,0
LF:7
LH:0
BRF:0
BRH:0
end_of_record
TN:
SF:src\modules\users\users.service.ts
FN:10,(anonymous_13)
FN:15,(anonymous_14)
FN:31,(anonymous_15)
FN:35,(anonymous_16)
FNF:4
FNH:0
FNDA:0,(anonymous_13)
FNDA:0,(anonymous_14)
FNDA:0,(anonymous_15)
FNDA:0,(anonymous_16)
DA:1,0
DA:2,0
DA:3,0
DA:4,0
DA:6,0
DA:9,0
DA:12,0
DA:16,0
DA:19,0
DA:20,0
DA:23,0
DA:28,0
DA:32,0
DA:36,0
LF:14
LH:0
BRDA:19,0,0,0
BRDA:19,0,1,0
BRDA:12,1,0,0
BRDA:12,1,1,0
BRDA:12,2,0,0
BRDA:12,2,1,0
BRF:6
BRH:0
end_of_record
TN:
SF:src\modules\users\dto\create-user.dto.ts
FNF:0
FNH:0
DA:1,0
DA:3,0
DA:6,0
DA:10,0
DA:14,0
DA:18,0
DA:22,0
LF:7
LH:0
BRF:0
BRH:0
end_of_record
TN:
SF:src\modules\users\entities\consent-audit.entity.ts
FN:9,(anonymous_2)
FNF:1
FNH:0
FNDA:0,(anonymous_2)
DA:1,0
DA:2,0
DA:5,0
DA:7,0
DA:9,0
DA:11,0
DA:14,0
DA:17,0
DA:20,0
DA:23,0
DA:26,0
DA:29,0
DA:32,0
DA:35,0
DA:38,0
LF:15
LH:0
BRDA:11,0,0,0
BRDA:11,0,1,0
BRDA:11,1,0,0
BRDA:11,1,1,0
BRDA:20,2,0,0
BRDA:20,2,1,0
BRDA:20,3,0,0
BRDA:20,3,1,0
BRF:8
BRH:0
end_of_record
TN:
SF:src\modules\users\entities\user.entity.ts
FNF:0
FNH:0
DA:1,0
DA:6,0
DA:8,0
DA:11,0
DA:14,0
DA:17,0
DA:20,0
DA:23,0
DA:26,0
DA:29,0
DA:32,0
DA:35,0
DA:38,0
DA:41,0
DA:44,0
LF:15
LH:0
BRDA:32,0,0,0
BRDA:32,0,1,0
BRDA:32,1,0,0
BRDA:32,1,1,0
BRDA:35,2,0,0
BRDA:35,2,1,0
BRDA:35,3,0,0
BRDA:35,3,1,0
BRDA:41,4,0,0
BRDA:41,4,1,0
BRDA:41,5,0,0
BRDA:41,5,1,0
BRDA:44,6,0,0
BRDA:44,6,1,0
BRDA:44,7,0,0
BRDA:44,7,1,0
BRF:16
BRH:0
end_of_record
TN:
SF:src\modules\webauthn\rp.service.ts
FN:5,(anonymous_1)
FN:9,(anonymous_2)
FN:14,(anonymous_3)
FNF:3
FNH:0
FNDA:0,(anonymous_1)
FNDA:0,(anonymous_2)
FNDA:0,(anonymous_3)
DA:1,0
DA:4,0
DA:6,0
DA:11,0
DA:16,0
LF:5
LH:0
BRF:0
BRH:0
end_of_record
TN:
SF:src\modules\webauthn\webauthn.controller.ts
FN:6,(anonymous_4)
FN:9,(anonymous_5)
FN:14,(anonymous_6)
FN:21,(anonymous_7)
FN:26,(anonymous_8)
FNF:5
FNH:0
FNDA:0,(anonymous_4)
FNDA:0,(anonymous_5)
FNDA:0,(anonymous_6)
FNDA:0,(anonymous_7)
FNDA:0,(anonymous_8)
DA:1,0
DA:2,0
DA:5,0
DA:6,0
DA:9,0
DA:10,0
DA:14,0
DA:16,0
DA:17,0
DA:21,0
DA:22,0
DA:26,0
DA:29,0
DA:30,0
DA:31,0
LF:15
LH:0
BRDA:6,0,0,0
BRDA:6,0,1,0
BRDA:6,1,0,0
BRDA:6,1,1,0
BRF:4
BRH:0
end_of_record
TN:
SF:src\modules\webauthn\webauthn.module.ts
FNF:0
FNH:0
DA:1,0
DA:2,0
DA:3,0
DA:4,0
DA:5,0
DA:6,0
DA:7,0
DA:14,0
LF:8
LH:0
BRF:0
BRH:0
end_of_record
TN:
SF:src\modules\webauthn\webauthn.service.ts
FN:16,(anonymous_4)
FN:23,(anonymous_5)
FN:37,(anonymous_6)
FN:54,(anonymous_7)
FN:86,(anonymous_8)
FN:92,(anonymous_9)
FN:112,(anonymous_10)
FNF:7
FNH:0
FNDA:0,(anonymous_4)
FNDA:0,(anonymous_5)
FNDA:0,(anonymous_6)
FNDA:0,(anonymous_7)
FNDA:0,(anonymous_8)
FNDA:0,(anonymous_9)
FNDA:0,(anonymous_10)
DA:1,0
DA:2,0
DA:8,0
DA:9,0
DA:10,0
DA:11,0
DA:12,0
DA:15,0
DA:17,0
DA:18,0
DA:20,0
DA:24,0
DA:25,0
DA:26,0
DA:29,0
DA:31,0
DA:37,0
DA:51,0
DA:55,0
DA:62,0
DA:63,0
DA:66,0
DA:67,0
DA:68,0
DA:71,0
DA:80,0
DA:83,0
DA:88,0
DA:89,0
DA:90,0
DA:91,0
DA:92,0
DA:100,0
DA:109,0
DA:113,0
DA:114,0
DA:116,0
DA:117,0
DA:120,0
DA:132,0
DA:133,0
DA:134,0
DA:137,0
LF:43
LH:0
BRDA:25,0,0,0
BRDA:25,0,1,0
BRDA:62,1,0,0
BRDA:62,1,1,0
BRDA:62,2,0,0
BRDA:62,2,1,0
BRDA:67,3,0,0
BRDA:67,3,1,0
BRDA:88,4,0,0
BRDA:88,4,1,0
BRDA:90,5,0,0
BRDA:90,5,1,0
BRDA:116,6,0,0
BRDA:116,6,1,0
BRDA:132,7,0,0
BRDA:132,7,1,0
BRDA:17,8,0,0
BRDA:17,8,1,0
BRDA:17,9,0,0
BRDA:17,9,1,0
BRDA:17,10,0,0
BRDA:17,10,1,0
BRDA:17,11,0,0
BRDA:17,11,1,0
BRDA:18,12,0,0
BRDA:18,12,1,0
BRDA:18,13,0,0
BRDA:18,13,1,0
BRF:28
BRH:0
end_of_record
TN:
SF:src\modules\webauthn\entities\webauthn-credential.entity.ts
FN:10,(anonymous_2)
FNF:1
FNH:0
FNDA:0,(anonymous_2)
DA:1,0
DA:2,0
DA:6,0
DA:8,0
DA:10,0
DA:12,0
DA:15,0
DA:18,0
DA:21,0
DA:24,0
DA:27,0
DA:30,0
DA:33,0
DA:36,0
DA:39,0
DA:42,0
DA:45,0
DA:48,0
DA:51,0
LF:19
LH:0
BRDA:12,0,0,0
BRDA:12,0,1,0
BRDA:12,1,0,0
BRDA:12,1,1,0
BRDA:15,2,0,0
BRDA:15,2,1,0
BRDA:15,3,0,0
BRDA:15,3,1,0
BRDA:18,4,0,0
BRDA:18,4,1,0
BRDA:18,5,0,0
BRDA:18,5,1,0
BRDA:30,6,0,0
BRDA:30,6,1,0
BRDA:30,7,0,0
BRDA:30,7,1,0
BRDA:48,8,0,0
BRDA:48,8,1,0
BRDA:48,9,0,0
BRDA:48,9,1,0
BRDA:51,10,0,0
BRDA:51,10,1,0
BRDA:51,11,0,0
BRDA:51,11,1,0
BRF:24
BRH:0
end_of_record
